Added Component: Designator=C1(CAP0805)
Added Component: Designator=C2(CAP0603)
Added Component: Designator=C3(CAP0603)
Added Component: Designator=C4(CAP0603)
Added Component: Designator=C5(CAP0603)
Added Component: Designator=C6(CAP0603)
Added Component: Designator=C7(CAP0603)
Added Component: Designator=C8(CAP0603)
Added Component: Designator=C9(CAP0603)
Added Component: Designator=C10(CAP0603)
Added Component: Designator=C11(CAP0603)
Added Component: Designator=C12(CAP0805)
Added Component: Designator=C13(CAP0603)
Added Component: Designator=C14(CAP0603)
Added Component: Designator=C15(CAP0603)
Added Component: Designator=C16(CAP0805)
Added Component: Designator=C17(CAP0805)
Added Component: Designator=C18(CAP0603)
Added Component: Designator=C19(CAP0805)
Added Component: Designator=J1(DSUB1.385-2H9F)
Added Component: Designator=J2(DSUB1.385-2H25A-F)
Added Component: Designator=P7(IDC-10MS(MR))
Added Component: Designator=R1(RES0603)
Added Component: Designator=R2(RES0603)
Added Component: Designator=R3(RES0603)
Added Component: Designator=R4(RES0603)
Added Component: Designator=R5(RES0603)
Added Component: Designator=R6(RES0603)
Added Component: Designator=R7(RES0603)
Added Component: Designator=R8(RES0603)
Added Component: Designator=R9(RES0603)
Added Component: Designator=R10(RES0603)
Added Component: Designator=R11(RES0805)
Added Component: Designator=R12(RES0805)
Added Component: Designator=U1(LQFP32)
Added Component: Designator=U2(SOIC8)
Added Component: Designator=U3(SOT23-6)
Added Component: Designator=U4(SOT23-6)
Added Component: Designator=U5(SOT23-6)
Added Pin To Net: NetName=+3V3 Pin=C2-2
Added Pin To Net: NetName=+3V3 Pin=C7-2
Added Pin To Net: NetName=+3V3 Pin=C8-1
Added Pin To Net: NetName=+3V3 Pin=C9-2
Added Pin To Net: NetName=+3V3 Pin=C10-2
Added Pin To Net: NetName=+3V3 Pin=C11-1
Added Pin To Net: NetName=+3V3 Pin=C16-2
Added Pin To Net: NetName=+3V3 Pin=C17-2
Added Pin To Net: NetName=+3V3 Pin=U1-1
Added Pin To Net: NetName=+3V3 Pin=U1-5
Added Pin To Net: NetName=+3V3 Pin=U1-17
Added Pin To Net: NetName=+3V3 Pin=U2-3
Added Pin To Net: NetName=+3V3 Pin=U3-3
Added Net: Name=+3V3
Added Pin To Net: NetName=+5V Pin=C1-2
Added Pin To Net: NetName=+5V Pin=C4-2
Added Pin To Net: NetName=+5V Pin=J2-11
Added Pin To Net: NetName=+5V Pin=R1-1
Added Net: Name=+5V
Added Pin To Net: NetName=+15V Pin=C3-2
Added Pin To Net: NetName=+15V Pin=C12-2
Added Pin To Net: NetName=+15V Pin=C13-2
Added Pin To Net: NetName=+15V Pin=C18-2
Added Pin To Net: NetName=+15V Pin=C19-2
Added Pin To Net: NetName=+15V Pin=J2-9
Added Pin To Net: NetName=+15V Pin=J2-10
Added Pin To Net: NetName=+15V Pin=U4-5
Added Pin To Net: NetName=+15V Pin=U5-5
Added Net: Name=+15V
Added Pin To Net: NetName=ADC_IN Pin=U1-6
Added Pin To Net: NetName=ADC_IN Pin=U5-1
Added Pin To Net: NetName=ADC_IN Pin=U5-4
Added Net: Name=ADC_IN
Added Pin To Net: NetName=CAN_RX Pin=U1-21
Added Pin To Net: NetName=CAN_RX Pin=U2-4
Added Net: Name=CAN_RX
Added Pin To Net: NetName=CAN_TX Pin=U1-22
Added Pin To Net: NetName=CAN_TX Pin=U2-1
Added Net: Name=CAN_TX
Added Pin To Net: NetName=DAC_MOSI Pin=U1-13
Added Pin To Net: NetName=DAC_MOSI Pin=U3-4
Added Net: Name=DAC_MOSI
Added Pin To Net: NetName=DAC_NSYNC Pin=U1-10
Added Pin To Net: NetName=DAC_NSYNC Pin=U3-6
Added Net: Name=DAC_NSYNC
Added Pin To Net: NetName=DAC_SCK Pin=U1-11
Added Pin To Net: NetName=DAC_SCK Pin=U3-5
Added Net: Name=DAC_SCK
Added Pin To Net: NetName=FAULT Pin=J2-19
Added Pin To Net: NetName=FAULT Pin=U1-30
Added Net: Name=FAULT
Added Pin To Net: NetName=GND Pin=C1-1
Added Pin To Net: NetName=GND Pin=C2-1
Added Pin To Net: NetName=GND Pin=C3-1
Added Pin To Net: NetName=GND Pin=C4-1
Added Pin To Net: NetName=GND Pin=C5-2
Added Pin To Net: NetName=GND Pin=C6-2
Added Pin To Net: NetName=GND Pin=C7-1
Added Pin To Net: NetName=GND Pin=C8-2
Added Pin To Net: NetName=GND Pin=C9-1
Added Pin To Net: NetName=GND Pin=C10-1
Added Pin To Net: NetName=GND Pin=C11-2
Added Pin To Net: NetName=GND Pin=C12-1
Added Pin To Net: NetName=GND Pin=C13-1
Added Pin To Net: NetName=GND Pin=C14-1
Added Pin To Net: NetName=GND Pin=C15-1
Added Pin To Net: NetName=GND Pin=C16-1
Added Pin To Net: NetName=GND Pin=C17-1
Added Pin To Net: NetName=GND Pin=C18-1
Added Pin To Net: NetName=GND Pin=C19-1
Added Pin To Net: NetName=GND Pin=J1-3
Added Pin To Net: NetName=GND Pin=J1-10
Added Pin To Net: NetName=GND Pin=J1-11
Added Pin To Net: NetName=GND Pin=J2-2
Added Pin To Net: NetName=GND Pin=J2-4
Added Pin To Net: NetName=GND Pin=J2-5
Added Pin To Net: NetName=GND Pin=J2-6
Added Pin To Net: NetName=GND Pin=J2-26
Added Pin To Net: NetName=GND Pin=J2-27
Added Pin To Net: NetName=GND Pin=P7-3
Added Pin To Net: NetName=GND Pin=P7-5
Added Pin To Net: NetName=GND Pin=P7-9
Added Pin To Net: NetName=GND Pin=R3-2
Added Pin To Net: NetName=GND Pin=R6-1
Added Pin To Net: NetName=GND Pin=R7-1
Added Pin To Net: NetName=GND Pin=R9-1
Added Pin To Net: NetName=GND Pin=R12-2
Added Pin To Net: NetName=GND Pin=U1-16
Added Pin To Net: NetName=GND Pin=U1-32
Added Pin To Net: NetName=GND Pin=U2-2
Added Pin To Net: NetName=GND Pin=U3-2
Added Pin To Net: NetName=GND Pin=U4-2
Added Pin To Net: NetName=GND Pin=U5-2
Added Net: Name=GND
Added Pin To Net: NetName=HV_ON Pin=J2-20
Added Pin To Net: NetName=HV_ON Pin=U1-28
Added Net: Name=HV_ON
Added Pin To Net: NetName=INHIBIT Pin=J2-7
Added Pin To Net: NetName=INHIBIT Pin=R1-2
Added Pin To Net: NetName=INHIBIT Pin=U1-29
Added Net: Name=INHIBIT
Added Pin To Net: NetName=NetC14_2 Pin=C14-2
Added Pin To Net: NetName=NetC14_2 Pin=R4-1
Added Net: Name=NetC14_2
Added Pin To Net: NetName=NetC15_2 Pin=C15-2
Added Pin To Net: NetName=NetC15_2 Pin=U1-3
Added Net: Name=NetC15_2
Added Pin To Net: NetName=NetJ1_2 Pin=J1-2
Added Pin To Net: NetName=NetJ1_2 Pin=R5-1
Added Pin To Net: NetName=NetJ1_2 Pin=U2-7
Added Net: Name=NetJ1_2
Added Pin To Net: NetName=NetJ1_7 Pin=J1-7
Added Pin To Net: NetName=NetJ1_7 Pin=R5-2
Added Pin To Net: NetName=NetJ1_7 Pin=U2-6
Added Net: Name=NetJ1_7
Added Pin To Net: NetName=NetR4_2 Pin=R4-2
Added Pin To Net: NetName=NetR4_2 Pin=U1-2
Added Net: Name=NetR4_2
Added Pin To Net: NetName=NetR6_2 Pin=R6-2
Added Pin To Net: NetName=NetR6_2 Pin=U2-5
Added Net: Name=NetR6_2
Added Pin To Net: NetName=NetR7_2 Pin=R7-2
Added Pin To Net: NetName=NetR7_2 Pin=R8-1
Added Pin To Net: NetName=NetR7_2 Pin=U3-1
Added Net: Name=NetR7_2
Added Pin To Net: NetName=NetR8_2 Pin=R8-2
Added Pin To Net: NetName=NetR8_2 Pin=U4-3
Added Net: Name=NetR8_2
Added Pin To Net: NetName=NetR9_2 Pin=R9-2
Added Pin To Net: NetName=NetR9_2 Pin=R10-1
Added Pin To Net: NetName=NetR9_2 Pin=U4-4
Added Net: Name=NetR9_2
Added Pin To Net: NetName=NetR11_1 Pin=R11-1
Added Pin To Net: NetName=NetR11_1 Pin=R12-1
Added Pin To Net: NetName=NetR11_1 Pin=U5-3
Added Net: Name=NetR11_1
Added Pin To Net: NetName=NRESET Pin=P7-10
Added Pin To Net: NetName=NRESET Pin=U1-4
Added Net: Name=NRESET
Added Pin To Net: NetName=OVER_TEMPERATURE Pin=J2-13
Added Pin To Net: NetName=OVER_TEMPERATURE Pin=U1-26
Added Net: Name=OVER_TEMPERATURE
Added Pin To Net: NetName=OVER_VOLT Pin=J2-14
Added Pin To Net: NetName=OVER_VOLT Pin=U1-31
Added Net: Name=OVER_VOLT
Added Pin To Net: NetName=PCA10_VMON Pin=C5-1
Added Pin To Net: NetName=PCA10_VMON Pin=J2-17
Added Pin To Net: NetName=PCA10_VMON Pin=R11-2
Added Net: Name=PCA10_VMON
Added Pin To Net: NetName=PCA10_VPROG Pin=C6-1
Added Pin To Net: NetName=PCA10_VPROG Pin=J2-3
Added Pin To Net: NetName=PCA10_VPROG Pin=R10-2
Added Pin To Net: NetName=PCA10_VPROG Pin=U4-1
Added Net: Name=PCA10_VPROG
Added Pin To Net: NetName=READY Pin=J2-8
Added Pin To Net: NetName=READY Pin=U1-27
Added Net: Name=READY
Added Pin To Net: NetName=SWCLK Pin=P7-4
Added Pin To Net: NetName=SWCLK Pin=R3-1
Added Net: Name=SWCLK
Added Pin To Net: NetName=SWDCLK Pin=U1-24
Added Net: Name=SWDCLK
Added Pin To Net: NetName=SWDIO Pin=P7-2
Added Pin To Net: NetName=SWDIO Pin=R2-1
Added Pin To Net: NetName=SWDIO Pin=U1-23
Added Net: Name=SWDIO
Added Pin To Net: NetName=VCC Pin=P7-1
Added Pin To Net: NetName=VCC Pin=R2-2
Added Net: Name=VCC
Added Class: Name=Main
Added Room: Name=Main
