Removed Pin From Net: NetName=GND Pin=C36-1
Removed Pin From Net: NetName=GND Pin=C37-1
Removed Pin From Net: NetName=GND Pin=C40-1
Removed Pin From Net: NetName=GND Pin=C41-1
Removed Pin From Net: NetName=GND Pin=Q2_OutputPort1-3
Removed Pin From Net: NetName=GND Pin=Q2_OutputPort2-3
Removed Pin From Net: NetName=GND Pin=Q2_OutputPort3-3
Removed Pin From Net: NetName=GND Pin=Q2_OutputPort4-3
Removed Pin From Net: NetName=GND Pin=Q2_OutputPort5-3
Removed Pin From Net: NetName=GND Pin=Q2_OutputPort6-3
Removed Pin From Net: NetName=GND Pin=Q2_OutputPort7-3
Removed Pin From Net: NetName=GND Pin=Q2_OutputPort8-3
Removed Pin From Net: NetName=GND Pin=R47_OutputPort1-1
Removed Pin From Net: NetName=GND Pin=R47_OutputPort2-1
Removed Pin From Net: NetName=GND Pin=R47_OutputPort3-1
Removed Pin From Net: NetName=GND Pin=R47_OutputPort4-1
Removed Pin From Net: NetName=GND Pin=R47_OutputPort5-1
Removed Pin From Net: NetName=GND Pin=R47_OutputPort6-1
Removed Pin From Net: NetName=GND Pin=R47_OutputPort7-1
Removed Pin From Net: NetName=GND Pin=R47_OutputPort8-1
Removed Pin From Net: NetName=GND Pin=U5-5
Removed Pin From Net: NetName=GND Pin=U6-5
Removed Pin From Net: NetName=GND Pin=U11_InputPort1-2
Removed Pin From Net: NetName=GND Pin=U11_InputPort2-2
Removed Pin From Net: NetName=GND Pin=U11_InputPort3-2
Removed Pin From Net: NetName=GND Pin=U11_InputPort4-2
Removed Pin From Net: NetName=GND Pin=U11_InputPort5-2
Removed Pin From Net: NetName=GND Pin=U11_InputPort6-2
Removed Pin From Net: NetName=GND Pin=U11_InputPort7-2
Removed Pin From Net: NetName=GND Pin=U11_InputPort8-2
Added Pin To Net: NetName=AGND Pin=C36-1
Added Pin To Net: NetName=AGND Pin=C37-1
Added Pin To Net: NetName=AGND Pin=C40-1
Added Pin To Net: NetName=AGND Pin=C41-1
Added Pin To Net: NetName=AGND Pin=Q2_OutputPort1-3
Added Pin To Net: NetName=AGND Pin=Q2_OutputPort2-3
Added Pin To Net: NetName=AGND Pin=Q2_OutputPort3-3
Added Pin To Net: NetName=AGND Pin=Q2_OutputPort4-3
Added Pin To Net: NetName=AGND Pin=Q2_OutputPort5-3
Added Pin To Net: NetName=AGND Pin=Q2_OutputPort6-3
Added Pin To Net: NetName=AGND Pin=Q2_OutputPort7-3
Added Pin To Net: NetName=AGND Pin=Q2_OutputPort8-3
Added Pin To Net: NetName=AGND Pin=R47_OutputPort1-1
Added Pin To Net: NetName=AGND Pin=R47_OutputPort2-1
Added Pin To Net: NetName=AGND Pin=R47_OutputPort3-1
Added Pin To Net: NetName=AGND Pin=R47_OutputPort4-1
Added Pin To Net: NetName=AGND Pin=R47_OutputPort5-1
Added Pin To Net: NetName=AGND Pin=R47_OutputPort6-1
Added Pin To Net: NetName=AGND Pin=R47_OutputPort7-1
Added Pin To Net: NetName=AGND Pin=R47_OutputPort8-1
Added Pin To Net: NetName=AGND Pin=U5-5
Added Pin To Net: NetName=AGND Pin=U6-5
Added Pin To Net: NetName=AGND Pin=U11_InputPort1-2
Added Pin To Net: NetName=AGND Pin=U11_InputPort2-2
Added Pin To Net: NetName=AGND Pin=U11_InputPort3-2
Added Pin To Net: NetName=AGND Pin=U11_InputPort4-2
Added Pin To Net: NetName=AGND Pin=U11_InputPort5-2
Added Pin To Net: NetName=AGND Pin=U11_InputPort6-2
Added Pin To Net: NetName=AGND Pin=U11_InputPort7-2
Added Pin To Net: NetName=AGND Pin=U11_InputPort8-2
Added Net: Name=AGND
Added Member To Class: ClassName=MCUSetup Member=Component C47 ChipCap
Added Member To Class: ClassName=MCUSetup Member=Component C48 ChipCap
Added Member To Class: ClassName=MCUSetup Member=Component C49 ChipCap
Added Member To Class: ClassName=MCUSetup Member=Component C50 ChipCap
Added Member To Class: ClassName=MCUSetup Member=Component C51 ChipCap
Added Member To Class: ClassName=MCUSetup Member=Component C52 ChipCap
Added Member To Class: ClassName=MCUSetup Member=Component C53 ChipCap
Added Member To Class: ClassName=MCUSetup Member=Component C54 ChipCap
Added Member To Class: ClassName=MCUSetup Member=Component C55 ChipCap
Added Member To Class: ClassName=MCUSetup Member=Component L3 Inductance
Added Member To Class: ClassName=MCUSetup Member=Component U13 ATxmega128A3-AU
Added Member To Class: ClassName=MCUSetup Member=Component X2 XTAL
