Change Component Designator: OldDesignator=C56_2 NewDesignator=C56_StepDirDriver2
Change Component Designator: OldDesignator=C56_3 NewDesignator=C56_StepDirDriver3
Change Component Designator: OldDesignator=P13_1 NewDesignator=P13_StepDirDriver1
Added Component: Designator=P12(HDR2X2)
Added Component: Designator=U15_StepDirDriver2(SOIC8)
Added Component: Designator=U15_StepDirDriver3(SOIC8)
Added Pin To Net: NetName=SPI1_SCK Pin=P12-1
Added Pin To Net: NetName=NetP12_2 Pin=P12-2
Added Pin To Net: NetName=SPI2_SCK Pin=P12-3
Added Pin To Net: NetName=NetP12_2 Pin=P12-4
Added Pin To Net: NetName=NetR52_StepDirDriver2_2 Pin=U15_StepDirDriver2-1
Added Pin To Net: NetName=GND Pin=U15_StepDirDriver2-2
Added Pin To Net: NetName=GND Pin=U15_StepDirDriver2-3
Added Pin To Net: NetName=NetR53_StepDirDriver2_2 Pin=U15_StepDirDriver2-4
Added Pin To Net: NetName=AGND Pin=U15_StepDirDriver2-5
Added Pin To Net: NetName=NetP13_StepDirDriver2_1 Pin=U15_StepDirDriver2-6
Added Pin To Net: NetName=NetP13_StepDirDriver2_2 Pin=U15_StepDirDriver2-7
Added Pin To Net: NetName=AVCC5V Pin=U15_StepDirDriver2-8
Added Pin To Net: NetName=NetR52_StepDirDriver3_2 Pin=U15_StepDirDriver3-1
Added Pin To Net: NetName=GND Pin=U15_StepDirDriver3-2
Added Pin To Net: NetName=GND Pin=U15_StepDirDriver3-3
Added Pin To Net: NetName=NetR53_StepDirDriver3_2 Pin=U15_StepDirDriver3-4
Added Pin To Net: NetName=AGND Pin=U15_StepDirDriver3-5
Added Pin To Net: NetName=NetP13_StepDirDriver3_1 Pin=U15_StepDirDriver3-6
Added Pin To Net: NetName=NetP13_StepDirDriver3_2 Pin=U15_StepDirDriver3-7
Added Pin To Net: NetName=AVCC5V Pin=U15_StepDirDriver3-8
Added Member To Class: ClassName=Kvant3DPrinter Member=Component P12 Header 2X2
Added Member To Class: ClassName=StepDirDriver2 Member=Component U15_StepDirDriver2 (U15) HCPL0631
Added Member To Class: ClassName=StepDirDriver3 Member=Component U15_StepDirDriver3 (U15) HCPL0631
