Removed Pin From Net: NetName=5V Pin=R10-2
Removed Pin From Net: NetName=5V Pin=R11-2
Added Pin To Net: NetName=VCC Pin=R10-2
Added Pin To Net: NetName=VCC Pin=R11-2
Added Member To Class: ClassName=LaserLEDController Member=Component C1 ChipCap
Added Member To Class: ClassName=LaserLEDController Member=Component C2 ChipCap
Added Member To Class: ClassName=LaserLEDController Member=Component C3 ChipCap
Added Member To Class: ClassName=LaserLEDController Member=Component C4 ChipCap
Added Member To Class: ClassName=LaserLEDController Member=Component C5 ChipCap
Added Member To Class: ClassName=LaserLEDController Member=Component C6 ChipCap
Added Member To Class: ClassName=LaserLEDController Member=Component C7 ChipCap
Added Member To Class: ClassName=LaserLEDController Member=Component C8 ChipCap
Added Member To Class: ClassName=LaserLEDController Member=Component C9 ChipCap
Added Member To Class: ClassName=LaserLEDController Member=Component C10 ChipCap
Added Member To Class: ClassName=LaserLEDController Member=Component D1 SMBJ5.0CA
Added Member To Class: ClassName=LaserLEDController Member=Component D2 PESD5V0
Added Member To Class: ClassName=LaserLEDController Member=Component F1 Fuse
Added Member To Class: ClassName=LaserLEDController Member=Component FL Jumper
Added Member To Class: ClassName=LaserLEDController Member=Component LD Jumper
Added Member To Class: ClassName=LaserLEDController Member=Component LED1 LED 0603
Added Member To Class: ClassName=LaserLEDController Member=Component LED2 LED 0603
Added Member To Class: ClassName=LaserLEDController Member=Component LP Jumper
Added Member To Class: ClassName=LaserLEDController Member=Component P1 Header 7
Added Member To Class: ClassName=LaserLEDController Member=Component P2 Header 5
Added Member To Class: ClassName=LaserLEDController Member=Component R1 ChipRes
Added Member To Class: ClassName=LaserLEDController Member=Component R2 ChipRes
Added Member To Class: ClassName=LaserLEDController Member=Component R3 ChipRes
Added Member To Class: ClassName=LaserLEDController Member=Component R4 ChipRes
Added Member To Class: ClassName=LaserLEDController Member=Component R5 ChipRes
Added Member To Class: ClassName=LaserLEDController Member=Component R6 ChipRes
Added Member To Class: ClassName=LaserLEDController Member=Component R7 ChipRes
Added Member To Class: ClassName=LaserLEDController Member=Component R8 ChipRes
Added Member To Class: ClassName=LaserLEDController Member=Component R9 RES0805 510R 1%
Added Member To Class: ClassName=LaserLEDController Member=Component R10 ChipRes
Added Member To Class: ClassName=LaserLEDController Member=Component R11 ChipRes
Added Member To Class: ClassName=LaserLEDController Member=Component R12 ChipRes
Added Member To Class: ClassName=LaserLEDController Member=Component SS Jumper
Added Member To Class: ClassName=LaserLEDController Member=Component U2 M24256
Added Member To Class: ClassName=LaserLEDController Member=Component U3 MCP2551
Added Member To Class: ClassName=LaserLEDController Member=Component U4 ST715M33R
Added Member To Class: ClassName=LaserLEDController Member=Component U5 DS1631
Added Member To Class: ClassName=LaserLEDController Member=Component X1 XTAL
