Removed Pin From Net: NetName=+12V Pin=P2-1
Removed Pin From Net: NetName=GND Pin=P2-2
Removed Pin From Net: NetName=+5V Pin=P4-1
Removed Pin From Net: NetName=GND Pin=P4-2
Added Pin To Net: NetName=GND Pin=P1-1
Added Pin To Net: NetName=+12V Pin=P1-3
Added Pin To Net: NetName=GND Pin=P3-1
Added Pin To Net: NetName=+5V Pin=P3-3
Added Pin To Net: NetName=NetP2_1 Pin=P2-1
Added Pin To Net: NetName=NetP2_1 Pin=U1-AC/L
Added Net: Name=NetP2_1
Added Pin To Net: NetName=NetP2_2 Pin=P2-2
Added Pin To Net: NetName=NetP2_2 Pin=U1-AC/N
Added Net: Name=NetP2_2
Added Pin To Net: NetName=NetP4_1 Pin=P4-1
Added Pin To Net: NetName=NetP4_1 Pin=U2-AC/L
Added Net: Name=NetP4_1
Added Pin To Net: NetName=NetP4_2 Pin=P4-2
Added Pin To Net: NetName=NetP4_2 Pin=U2-AC/N
Added Net: Name=NetP4_2
