Added Component: Designator=P1(Socket 3x5.08)
Added Component: Designator=P2(Socket 2x5.08)
Added Component: Designator=P3(Socket 3x5.08)
Added Component: Designator=P4(Socket 2x5.08)
Added Component: Designator=U1(NFM-10)
Added Component: Designator=U2(NFM-15)
Added Pin To Net: NetName=NetP1_1 Pin=P1-1
Added Pin To Net: NetName=NetP1_1 Pin=U1-AC/L
Added Net: Name=NetP1_1
Added Pin To Net: NetName=NetP1_3 Pin=P1-3
Added Pin To Net: NetName=NetP1_3 Pin=U1-AC/N
Added Net: Name=NetP1_3
Added Pin To Net: NetName=NetP2_1 Pin=P2-1
Added Pin To Net: NetName=NetP2_1 Pin=U1--V
Added Net: Name=NetP2_1
Added Pin To Net: NetName=NetP2_2 Pin=P2-2
Added Pin To Net: NetName=NetP2_2 Pin=U1-+V
Added Net: Name=NetP2_2
Added Pin To Net: NetName=NetP3_1 Pin=P3-1
Added Net: Name=NetP3_1
Added Pin To Net: NetName=NetP3_3 Pin=P3-3
Added Pin To Net: NetName=NetP3_3 Pin=U2-AC/N
Added Pin To Net: NetName=NetP3_3 Pin=U2-AC/N
Added Pin To Net: NetName=NetP3_3 Pin=U2-AC/N
Added Pin To Net: NetName=NetP3_3 Pin=U2-AC/N
Added Net: Name=NetP3_3
Added Pin To Net: NetName=NetP4_1 Pin=P4-1
Added Net: Name=NetP4_1
Added Pin To Net: NetName=NetP4_2 Pin=P4-2
Added Net: Name=NetP4_2
Added Member To Class: ClassName=Sheet1 Member=Component P1 Terminal Block 3x5.08mm
Added Member To Class: ClassName=Sheet1 Member=Component P2 Terminal Block 2x5.08mm
Added Member To Class: ClassName=Sheet1 Member=Component P3 Terminal Block 3x5.08mm
Added Member To Class: ClassName=Sheet1 Member=Component P4 Terminal Block 2x5.08mm
Added Member To Class: ClassName=Sheet1 Member=Component U1 NFM-10
Added Member To Class: ClassName=Sheet1 Member=Component U2 NFM-15
Added Room: Name=Sheet1
