Removed Pin From Net: NetName=IGND Pin=P4-11
Removed Pin From Net: NetName=IGND Pin=P4-12
Removed Pin From Net: NetName=IGND Pin=P4-13
Removed Pin From Net: NetName=IGND Pin=P4-14
Removed Pin From Net: NetName=IGND Pin=P4-15
Removed Pin From Net: NetName=IGND Pin=P4-16
Removed Pin From Net: NetName=IGND Pin=P4-17
Removed Pin From Net: NetName=IGND Pin=P4-18
Removed Pin From Net: NetName=IGND Pin=P4-19
Removed Pin From Net: NetName=IGND Pin=P4-20
Removed Pin From Net: NetName=IGND Pin=P4-21
Removed Pin From Net: NetName=LMP_PULSE_OUT Pin=P4-32
Removed Pin From Net: NetName=LMP_FAULT_SIG Pin=P4-33
Removed Pin From Net: NetName=LMP_DISCHARGE Pin=P4-34
Removed Pin From Net: NetName=LMP_HVON_SIG Pin=P4-35
Removed Pin From Net: NetName=LMP_SIMMER_ENABLE Pin=P4-36
Removed Pin From Net: NetName=LMP_SIMMER_SENSOR Pin=P4-37
Removed Pin From Net: NetName=LASER_IMON Pin=P4-38
Removed Pin From Net: NetName=LASER_VMON Pin=P4-39
Removed Pin From Net: NetName=LDD_VMON Pin=P4-40
Removed Pin From Net: NetName=LASER_IPROG Pin=P4-41
Removed Pin From Net: NetName=LASER_IPROG Pin=P4-42
Added Pin To Net: NetName=LMP_PULSE_OUT Pin=P4-11
Added Pin To Net: NetName=LMP_FAULT_SIG Pin=P4-12
Added Pin To Net: NetName=LMP_DISCHARGE Pin=P4-13
Added Pin To Net: NetName=LMP_HVON_SIG Pin=P4-14
Added Pin To Net: NetName=LMP_SIMMER_ENABLE Pin=P4-15
Added Pin To Net: NetName=LMP_SIMMER_SENSOR Pin=P4-16
Added Pin To Net: NetName=LASER_IMON Pin=P4-17
Added Pin To Net: NetName=LASER_VMON Pin=P4-18
Added Pin To Net: NetName=LDD_VMON Pin=P4-19
Added Pin To Net: NetName=LASER_IPROG Pin=P4-20
Added Pin To Net: NetName=LASER_IPROG Pin=P4-21
Added Pin To Net: NetName=IGND Pin=P4-32
Added Pin To Net: NetName=IGND Pin=P4-33
Added Pin To Net: NetName=IGND Pin=P4-34
Added Pin To Net: NetName=IGND Pin=P4-35
Added Pin To Net: NetName=IGND Pin=P4-36
Added Pin To Net: NetName=IGND Pin=P4-37
Added Pin To Net: NetName=IGND Pin=P4-38
Added Pin To Net: NetName=IGND Pin=P4-39
Added Pin To Net: NetName=IGND Pin=P4-40
Added Pin To Net: NetName=IGND Pin=P4-41
Added Pin To Net: NetName=IGND Pin=P4-42
