Removed Pin From Net: NetName=AREL1 Pin=P4-1
Removed Pin From Net: NetName=AREL2 Pin=P4-2
Removed Pin From Net: NetName=BREL1 Pin=P4-3
Removed Pin From Net: NetName=BREL2 Pin=P4-4
Removed Pin From Net: NetName=CREL1 Pin=P4-5
Removed Pin From Net: NetName=CREL2 Pin=P4-6
Removed Pin From Net: NetName=DREL1 Pin=P4-7
Removed Pin From Net: NetName=DREL2 Pin=P4-8
Removed Pin From Net: NetName=15V Pin=P4-9
Removed Pin From Net: NetName=15V Pin=P4-10
Removed Pin From Net: NetName=AREL1 Pin=P4-22
Removed Pin From Net: NetName=AREL2 Pin=P4-23
Removed Pin From Net: NetName=BREL1 Pin=P4-24
Removed Pin From Net: NetName=BREL2 Pin=P4-25
Removed Pin From Net: NetName=CREL1 Pin=P4-26
Removed Pin From Net: NetName=CREL2 Pin=P4-27
Removed Pin From Net: NetName=DREL1 Pin=P4-28
Removed Pin From Net: NetName=DREL2 Pin=P4-29
Removed Pin From Net: NetName=15V Pin=P4-30
Removed Pin From Net: NetName=15V Pin=P4-31
Removed Pin From Net: NetName=LMP_HV_INHIBIT Pin=P4-43
Removed Pin From Net: NetName=LMP_OVERTEMPERATURE_SIG Pin=P4-44
Removed Pin From Net: NetName=LMP_READY Pin=P4-45
Removed Pin From Net: NetName=LMP_OVERVOLTAGE_SIG Pin=P4-46
Removed Pin From Net: NetName=IGND Pin=P4-49
Removed Pin From Net: NetName=IGND Pin=P4-50
Removed Pin From Net: NetName=IGND Pin=P4-51
Removed Pin From Net: NetName=IGND Pin=P4-52
Added Pin To Net: NetName=BREL1 Pin=P4-1
Added Pin To Net: NetName=BREL2 Pin=P4-2
Added Pin To Net: NetName=CREL1 Pin=P4-3
Added Pin To Net: NetName=CREL2 Pin=P4-4
Added Pin To Net: NetName=DREL1 Pin=P4-5
Added Pin To Net: NetName=DREL2 Pin=P4-6
Added Pin To Net: NetName=LMP_HV_INHIBIT Pin=P4-7
Added Pin To Net: NetName=LMP_OVERTEMPERATURE_SIG Pin=P4-8
Added Pin To Net: NetName=LMP_READY Pin=P4-9
Added Pin To Net: NetName=LMP_OVERVOLTAGE_SIG Pin=P4-10
Added Pin To Net: NetName=BREL1 Pin=P4-22
Added Pin To Net: NetName=BREL2 Pin=P4-23
Added Pin To Net: NetName=CREL1 Pin=P4-24
Added Pin To Net: NetName=CREL2 Pin=P4-25
Added Pin To Net: NetName=DREL1 Pin=P4-26
Added Pin To Net: NetName=DREL2 Pin=P4-27
Added Pin To Net: NetName=IGND Pin=P4-28
Added Pin To Net: NetName=IGND Pin=P4-29
Added Pin To Net: NetName=IGND Pin=P4-30
Added Pin To Net: NetName=IGND Pin=P4-31
Added Pin To Net: NetName=AREL2 Pin=P4-43
Added Pin To Net: NetName=AREL2 Pin=P4-44
Added Pin To Net: NetName=AREL1 Pin=P4-45
Added Pin To Net: NetName=AREL1 Pin=P4-46
Added Pin To Net: NetName=15V Pin=P4-49
Added Pin To Net: NetName=15V Pin=P4-50
Added Pin To Net: NetName=15V Pin=P4-51
Added Pin To Net: NetName=15V Pin=P4-52
