Removed Pin From Net: NetName=USART6_RX Pin=D6-1
Removed Pin From Net: NetName=AREL2 Pin=J10-1
Removed Pin From Net: NetName=AREL2 Pin=J11-1
Removed Pin From Net: NetName=BREL2 Pin=J12-1
Removed Pin From Net: NetName=BREL2 Pin=J13-1
Removed Pin From Net: NetName=CREL2 Pin=J14-1
Removed Pin From Net: NetName=CREL2 Pin=J15-1
Removed Pin From Net: NetName=DREL2 Pin=J16-1
Removed Pin From Net: NetName=DREL2 Pin=J17-1
Removed Pin From Net: NetName=USART6_RX Pin=J18-1
Removed Member From Class: ClassName=MCU Member=D6
Removed Member From Class: ClassName=MISC Member=J10
Removed Member From Class: ClassName=MISC Member=J11
Removed Member From Class: ClassName=MISC Member=J12
Removed Member From Class: ClassName=MISC Member=J13
Removed Member From Class: ClassName=MISC Member=J14
Removed Member From Class: ClassName=MISC Member=J15
Removed Member From Class: ClassName=MISC Member=J16
Removed Member From Class: ClassName=MISC Member=J17
Removed Member From Class: ClassName=MCU Member=J18
Added Pin To Net: NetName=LED_RED Pin=J8-1
Added Pin To Net: NetName=LED_GREEN Pin=J9-5
Added Pin To Net: NetName=AREL2 Pin=K1-4
Added Pin To Net: NetName=BREL2 Pin=K2-4
Added Pin To Net: NetName=CREL2 Pin=K3-4
Added Pin To Net: NetName=DREL2 Pin=K4-4
Added Pin To Net: NetName=USART6_RX Pin=U13-96
