Removed Pin From Net: NetName=IGND Pin=C53-1
Removed Pin From Net: NetName=12V Pin=L8-2
Removed Pin From Net: NetName=12V Pin=R3-1
Removed Pin From Net: NetName=12V Pin=R5-2
Removed Pin From Net: NetName=12V Pin=R14-2
Removed Pin From Net: NetName=12V Pin=R17-1
Removed Member From Class: ClassName=Peltier Member=C53
Removed Member From Class: ClassName=Peltier Member=L8
Removed Member From Class: ClassName=Peltier Member=R3
Removed Member From Class: ClassName=Peltier Member=R5
Removed Member From Class: ClassName=Peltier Member=R14
Removed Member From Class: ClassName=Peltier Member=R17
Removed Member From Class: ClassName=Undefined Member=NetC42_2
Added Component: Designator=C42(CAP0805)
Added Component: Designator=C43(CAP0805)
Added Component: Designator=U58(SOIC8)
Added Component: Designator=U59(SOIC8)
Added Pin To Net: NetName=IGND Pin=C42-1
Added Pin To Net: NetName=12V Pin=C42-2
Added Pin To Net: NetName=IGND Pin=C43-1
Added Pin To Net: NetName=12V Pin=C43-2
Added Pin To Net: NetName=IGND Pin=U58-3
Added Pin To Net: NetName=NetQ9_1 Pin=U58-5
Added Pin To Net: NetName=12V Pin=U58-6
Added Pin To Net: NetName=NetQ1_1 Pin=U58-7
Added Pin To Net: NetName=IGND Pin=U59-3
Added Pin To Net: NetName=NetQ14_1 Pin=U59-5
Added Pin To Net: NetName=12V Pin=U59-6
Added Pin To Net: NetName=NetQ16_1 Pin=U59-7
Added Pin To Net: NetName=NetTP13_1 Pin=TP13-1
Added Pin To Net: NetName=NetTP13_1 Pin=U3-7
Added Pin To Net: NetName=NetTP13_1 Pin=U58-2
Added Net: Name=NetTP13_1
Added Pin To Net: NetName=NetTP13_2 Pin=TP13-2
Added Pin To Net: NetName=NetTP13_2 Pin=U3-6
Added Pin To Net: NetName=NetTP13_2 Pin=U58-4
Added Net: Name=NetTP13_2
Added Pin To Net: NetName=NetTP13_3 Pin=TP13-3
Added Pin To Net: NetName=NetTP13_3 Pin=U4-7
Added Pin To Net: NetName=NetTP13_3 Pin=U59-4
Added Net: Name=NetTP13_3
Added Pin To Net: NetName=NetTP13_4 Pin=TP13-4
Added Pin To Net: NetName=NetTP13_4 Pin=U4-6
Added Pin To Net: NetName=NetTP13_4 Pin=U59-2
Added Net: Name=NetTP13_4
Added Member To Class: ClassName=Peltier Member=Component C42 CAP0805 0.1uF X7R
Added Member To Class: ClassName=Peltier Member=Component C43 CAP0805 0.1uF X7R
Added Member To Class: ClassName=Peltier Member=Component U58 Dual Low Side Driver
Added Member To Class: ClassName=Peltier Member=Component U59 Dual Low Side Driver
