Removed Pin From Net: NetName=NetP5_1 Pin=P5-1
Removed Pin From Net: NetName=NetP5_1 Pin=P5-2
Removed Pin From Net: NetName=NetP5_3 Pin=P5-3
Removed Pin From Net: NetName=IGND Pin=P5-4
Change Component DesignItemId : Designator=P5 Old DesignItemId=Socket_4x5.08_RA_2Wall New DesignItemId=miniUSB
Change Component Footprint: Designator=P5 Old Footprint=Socket 4x5.08 New Footprint=USB/SM0.8-6H5
Change Component Comment : Designator=P5 Old Comment=Terminal Block 4x5.08mm New Comment=mini-USB
Added Component: Designator=LED?(LED 0603)
Added Component: Designator=P5(Socket 4x5.08)
Added Component: Designator=Q?(SOT23)
Added Component: Designator=R?(RES0805)
Added Component: Designator=R?(RES0805)
Added Component: Designator=R?(RES0805)
Added Component: Designator=R?(RES0805)
Added Component: Designator=R?(RES0805)
Added Pin To Net: NetName=NetP5_1 Pin=P5-1
Added Pin To Net: NetName=USB_VBUS Pin=P5-1
Added Pin To Net: NetName=NetP5_1 Pin=P5-2
Added Pin To Net: NetName=NetP5_3 Pin=P5-3
Added Pin To Net: NetName=IGND Pin=P5-4
Added Pin To Net: NetName=AGND Pin=Q?-2
Added Pin To Net: NetName=USB_ID Pin=R?-1
Added Pin To Net: NetName=USB_N Pin=R?-1
Added Pin To Net: NetName=USB_P Pin=R?-1
Added Pin To Net: NetName=USB_VBUS Pin=R?-2
Added Pin To Net: NetName=+3V3 Pin=R?-1
Added Net: Name=+3V3
Added Pin To Net: NetName=NetLED?_1 Pin=LED?-1
Added Pin To Net: NetName=NetLED?_1 Pin=Q?-1
Added Net: Name=NetLED?_1
Added Pin To Net: NetName=NetLED?_2 Pin=LED?-2
Added Pin To Net: NetName=NetLED?_2 Pin=R?-2
Added Net: Name=NetLED?_2
Added Pin To Net: NetName=NetP5_4 Pin=P5-4
Added Pin To Net: NetName=NetP5_4 Pin=R?-2
Added Net: Name=NetP5_4
Added Pin To Net: NetName=NetQ?_3 Pin=Q?-3
Added Pin To Net: NetName=NetQ?_3 Pin=R?-1
Added Net: Name=NetQ?_3
Added Pin To Net: NetName=USBCON_N Pin=P5-2
Added Pin To Net: NetName=USBCON_N Pin=R?-2
Added Net: Name=USBCON_N
Added Pin To Net: NetName=USBCON_P Pin=P5-3
Added Pin To Net: NetName=USBCON_P Pin=R?-2
Added Net: Name=USBCON_P
Added Class: Name=USB
Added Differential Pair: Name=USBCON
Added Differential Pair: Name=USB
Added Room: Name=USB
