Added Component: Designator=P?(DHR-62M)
Added Pin To Net: NetName=AREL1 Pin=P?-1
Added Pin To Net: NetName=AREL2 Pin=P?-2
Added Pin To Net: NetName=BREL1 Pin=P?-3
Added Pin To Net: NetName=BREL2 Pin=P?-4
Added Pin To Net: NetName=CREL1 Pin=P?-5
Added Pin To Net: NetName=CREL2 Pin=P?-6
Added Pin To Net: NetName=DREL1 Pin=P?-7
Added Pin To Net: NetName=DREL2 Pin=P?-8
Added Pin To Net: NetName=15V Pin=P?-9
Added Pin To Net: NetName=15V Pin=P?-10
Added Pin To Net: NetName=IGND Pin=P?-11
Added Pin To Net: NetName=IGND Pin=P?-12
Added Pin To Net: NetName=IGND Pin=P?-13
Added Pin To Net: NetName=IGND Pin=P?-14
Added Pin To Net: NetName=IGND Pin=P?-15
Added Pin To Net: NetName=IGND Pin=P?-16
Added Pin To Net: NetName=IGND Pin=P?-17
Added Pin To Net: NetName=IGND Pin=P?-18
Added Pin To Net: NetName=IGND Pin=P?-19
Added Pin To Net: NetName=IGND Pin=P?-20
Added Pin To Net: NetName=IGND Pin=P?-21
Added Pin To Net: NetName=AREL1 Pin=P?-22
Added Pin To Net: NetName=AREL2 Pin=P?-23
Added Pin To Net: NetName=BREL1 Pin=P?-24
Added Pin To Net: NetName=BREL2 Pin=P?-25
Added Pin To Net: NetName=CREL1 Pin=P?-26
Added Pin To Net: NetName=CREL2 Pin=P?-27
Added Pin To Net: NetName=DREL1 Pin=P?-28
Added Pin To Net: NetName=DREL2 Pin=P?-29
Added Pin To Net: NetName=15V Pin=P?-30
Added Pin To Net: NetName=15V Pin=P?-31
Added Pin To Net: NetName=LMP_PULSE_OUT Pin=P?-32
Added Pin To Net: NetName=LMP_FAULT_SIG Pin=P?-33
Added Pin To Net: NetName=LMP_DISCHARGE Pin=P?-34
Added Pin To Net: NetName=LMP_HVON_SIG Pin=P?-35
Added Pin To Net: NetName=LMP_SIMMER_ENABLE Pin=P?-36
Added Pin To Net: NetName=LMP_SIMMER_SENSOR Pin=P?-37
Added Pin To Net: NetName=LASER_IMON Pin=P?-38
Added Pin To Net: NetName=LASER_VMON Pin=P?-39
Added Pin To Net: NetName=LDD_VMON Pin=P?-40
Added Pin To Net: NetName=LASER_IPROG Pin=P?-41
Added Pin To Net: NetName=LASER_IPROG Pin=P?-42
Added Pin To Net: NetName=LMP_HV_INHIBIT Pin=P?-43
Added Pin To Net: NetName=LMP_OVERTEMPERATURE_SIG Pin=P?-44
Added Pin To Net: NetName=LMP_READY Pin=P?-45
Added Pin To Net: NetName=LMP_OVERVOLTAGE_SIG Pin=P?-46
Added Pin To Net: NetName=12V Pin=P?-47
Added Pin To Net: NetName=FLOW_SEN2 Pin=P?-48
Added Pin To Net: NetName=IGND Pin=P?-49
Added Pin To Net: NetName=IGND Pin=P?-50
Added Pin To Net: NetName=IGND Pin=P?-51
Added Pin To Net: NetName=IGND Pin=P?-52
Added Pin To Net: NetName=12V Pin=P?-53
Added Pin To Net: NetName=FLOW_SEN1 Pin=P?-54
Added Pin To Net: NetName=IGND Pin=P?-55
Added Pin To Net: NetName=LED_GREEN Pin=P?-56
Added Pin To Net: NetName=LED_RED Pin=P?-57
Added Pin To Net: NetName=FOOTSW Pin=P?-58
Added Pin To Net: NetName=LASER_PULSE Pin=P?-59
Added Pin To Net: NetName=CH_NERR Pin=P?-60
Added Pin To Net: NetName=LASER_ENABLE Pin=P?-61
Added Pin To Net: NetName=LASER_LOCK Pin=P?-62
Added Member To Class: ClassName=MISC Member=Component P? DHR-62M
