Removed Pin From Net: NetName=LASER_IPROG Pin=P4-1
Removed Pin From Net: NetName=LASER_IPROG Pin=P4-2
Removed Pin From Net: NetName=LDD_VMON Pin=P4-3
Removed Pin From Net: NetName=LASER_VMON Pin=P4-4
Removed Pin From Net: NetName=LASER_IMON Pin=P4-5
Removed Pin From Net: NetName=LMP_SIMMER_SENSOR Pin=P4-6
Removed Pin From Net: NetName=LMP_SIMMER_ENABLE Pin=P4-7
Removed Pin From Net: NetName=LMP_HVON_SIG Pin=P4-8
Removed Pin From Net: NetName=LMP_DISCHARGE Pin=P4-9
Removed Pin From Net: NetName=LMP_FAULT_SIG Pin=P4-10
Removed Pin From Net: NetName=LMP_PULSE_OUT Pin=P4-11
Removed Pin From Net: NetName=15V Pin=P4-12
Removed Pin From Net: NetName=15V Pin=P4-13
Removed Pin From Net: NetName=DREL2 Pin=P4-14
Removed Pin From Net: NetName=DREL1 Pin=P4-15
Removed Pin From Net: NetName=CREL2 Pin=P4-16
Removed Pin From Net: NetName=CREL1 Pin=P4-17
Removed Pin From Net: NetName=BREL2 Pin=P4-18
Removed Pin From Net: NetName=BREL1 Pin=P4-19
Removed Pin From Net: NetName=AREL2 Pin=P4-20
Removed Pin From Net: NetName=AREL1 Pin=P4-21
Removed Pin From Net: NetName=IGND Pin=P4-22
Removed Pin From Net: NetName=IGND Pin=P4-23
Removed Pin From Net: NetName=IGND Pin=P4-24
Removed Pin From Net: NetName=IGND Pin=P4-25
Removed Pin From Net: NetName=IGND Pin=P4-26
Removed Pin From Net: NetName=IGND Pin=P4-27
Removed Pin From Net: NetName=IGND Pin=P4-28
Removed Pin From Net: NetName=IGND Pin=P4-29
Removed Pin From Net: NetName=IGND Pin=P4-30
Removed Pin From Net: NetName=IGND Pin=P4-31
Removed Pin From Net: NetName=IGND Pin=P4-32
Removed Pin From Net: NetName=15V Pin=P4-33
Removed Pin From Net: NetName=15V Pin=P4-34
Removed Pin From Net: NetName=DREL2 Pin=P4-35
Removed Pin From Net: NetName=DREL1 Pin=P4-36
Removed Pin From Net: NetName=CREL2 Pin=P4-37
Removed Pin From Net: NetName=CREL1 Pin=P4-38
Removed Pin From Net: NetName=BREL2 Pin=P4-39
Removed Pin From Net: NetName=BREL1 Pin=P4-40
Removed Pin From Net: NetName=AREL2 Pin=P4-41
Removed Pin From Net: NetName=AREL1 Pin=P4-42
Removed Pin From Net: NetName=LASER_LOCK Pin=P4-43
Removed Pin From Net: NetName=LASER_ENABLE Pin=P4-44
Removed Pin From Net: NetName=CH_NERR Pin=P4-45
Removed Pin From Net: NetName=LASER_PULSE Pin=P4-46
Removed Pin From Net: NetName=FOOTSW Pin=P4-47
Removed Pin From Net: NetName=LED_RED Pin=P4-48
Removed Pin From Net: NetName=LED_GREEN Pin=P4-49
Removed Pin From Net: NetName=IGND Pin=P4-50
Removed Pin From Net: NetName=FLOW_SEN1 Pin=P4-51
Removed Pin From Net: NetName=12V Pin=P4-52
Removed Pin From Net: NetName=IGND Pin=P4-53
Removed Pin From Net: NetName=IGND Pin=P4-54
Removed Pin From Net: NetName=IGND Pin=P4-55
Removed Pin From Net: NetName=IGND Pin=P4-56
Removed Pin From Net: NetName=FLOW_SEN2 Pin=P4-57
Removed Pin From Net: NetName=12V Pin=P4-58
Removed Pin From Net: NetName=LMP_OVERVOLTAGE_SIG Pin=P4-59
Removed Pin From Net: NetName=LMP_READY Pin=P4-60
Removed Pin From Net: NetName=LMP_OVERTEMPERATURE_SIG Pin=P4-61
Removed Pin From Net: NetName=LMP_HV_INHIBIT Pin=P4-62
Removed Member From Class: ClassName=MISC Member=P4
