Removed Pin From Net: NetName=USART6_RX Pin=D3-3
Removed Pin From Net: NetName=USART6_RX Pin=D4-1
Removed Pin From Net: NetName=USART6_TX Pin=D10-1
Removed Pin From Net: NetName=USART6_RX Pin=D10-2
Removed Pin From Net: NetName=USART6_TX Pin=D11-1
Removed Pin From Net: NetName=USART6_RX Pin=P9-2
Removed Pin From Net: NetName=USART6_RX Pin=R86-1
Removed Pin From Net: NetName=USART6_RX Pin=U1-64
Removed Member From Class: ClassName=MISC Member=D3
Removed Member From Class: ClassName=MISC Member=D4
Removed Member From Class: ClassName=MISC Member=D6
Removed Member From Class: ClassName=MISC Member=D7
Removed Member From Class: ClassName=MISC Member=D10
Removed Member From Class: ClassName=MISC Member=D11
Removed Member From Class: ClassName=MISC Member=P9
Removed Member From Class: ClassName=MISC Member=P11
Removed Member From Class: ClassName=MISC Member=R86
Removed Member From Class: ClassName=MISC Member=R121
Change Net Name : Old Net Name=USART6_RX New Net Name=NetD6_3
Added Pin To Net: NetName=NetD3_3 Pin=D3-3
Added Pin To Net: NetName=NetD3_3 Pin=D4-1
Added Pin To Net: NetName=NetD3_3 Pin=D10-2
Added Pin To Net: NetName=NetD3_3 Pin=P9-2
Added Pin To Net: NetName=NetD3_3 Pin=R86-1
Added Net: Name=NetD3_3
Added Pin To Net: NetName=NetD10_1 Pin=D10-1
Added Net: Name=NetD10_1
Added Pin To Net: NetName=NetD11_1 Pin=D11-1
Added Net: Name=NetD11_1
Added Pin To Net: NetName=RELAY3 Pin=R157-2
Added Pin To Net: NetName=RELAY3 Pin=U1-38
Added Net: Name=RELAY3
Added Pin To Net: NetName=RELAY4 Pin=R161-2
Added Pin To Net: NetName=RELAY4 Pin=U1-5
Added Net: Name=RELAY4
Added Pin To Net: NetName=USART6_RX Pin=U1-64
Added Net: Name=USART6_RX
Added Member To Class: ClassName=MCU Member=Component D3 Diode Schottky
Added Member To Class: ClassName=MCU Member=Component D4 TVS Diode
Added Member To Class: ClassName=MCU Member=Component D6 Diode Schottky
Added Member To Class: ClassName=MCU Member=Component D7 TVS Diode
Added Member To Class: ClassName=MCU Member=Component D10 TVS Diode
Added Member To Class: ClassName=MCU Member=Component D11 TVS Diode
Added Member To Class: ClassName=MCU Member=Component P9 Header 3 Latch
Added Member To Class: ClassName=MCU Member=Component P11 Header 3 Latch
Added Member To Class: ClassName=MCU Member=Component R86 ChipRes
Added Member To Class: ClassName=MCU Member=Component R121 ChipRes
