Added Component: Designator=C52(CAP1210)
Added Component: Designator=C53(CAP1210)
Added Component: Designator=C54(CAP1210)
Added Component: Designator=C55(CAP1210)
Added Component: Designator=C56(CAP1210)
Added Component: Designator=C57(CAP1210)
Added Component: Designator=L3(CM45)
Added Component: Designator=L4(CM45)
Added Component: Designator=L5(CM45)
Added Component: Designator=R6(RES0805)
Added Component: Designator=U27(SOT23-5)
Added Component: Designator=U28(SOT23-5)
Added Component: Designator=U29(SOT23-5)
Added Pin To Net: NetName=GND Pin=C52-1
Added Pin To Net: NetName=GND Pin=C53-1
Added Pin To Net: NetName=VCC Pin=C53-2
Added Pin To Net: NetName=GND Pin=C54-1
Added Pin To Net: NetName=GND Pin=C55-1
Added Pin To Net: NetName=VCC Pin=C55-2
Added Pin To Net: NetName=GND Pin=C56-1
Added Pin To Net: NetName=GND Pin=C57-1
Added Pin To Net: NetName=VCC Pin=C57-2
Added Pin To Net: NetName=VCC Pin=L3-1
Added Pin To Net: NetName=VCC Pin=L4-1
Added Pin To Net: NetName=VCC Pin=L5-1
Added Pin To Net: NetName=GND Pin=U27-2
Added Pin To Net: NetName=VCC Pin=U27-4
Added Pin To Net: NetName=GND Pin=U28-2
Added Pin To Net: NetName=VCC Pin=U28-4
Added Pin To Net: NetName=GND Pin=U29-2
Added Pin To Net: NetName=VCC Pin=U29-4
Added Pin To Net: NetName=5V Pin=C52-2
Added Pin To Net: NetName=5V Pin=C54-2
Added Pin To Net: NetName=5V Pin=C56-2
Added Pin To Net: NetName=5V Pin=R6-1
Added Pin To Net: NetName=5V Pin=U27-1
Added Pin To Net: NetName=5V Pin=U28-1
Added Pin To Net: NetName=5V Pin=U29-1
Added Net: Name=5V
Added Pin To Net: NetName=NetL3_2 Pin=L3-2
Added Pin To Net: NetName=NetL3_2 Pin=U27-5
Added Net: Name=NetL3_2
Added Pin To Net: NetName=NetL4_2 Pin=L4-2
Added Pin To Net: NetName=NetL4_2 Pin=U28-5
Added Net: Name=NetL4_2
Added Pin To Net: NetName=NetL5_2 Pin=L5-2
Added Pin To Net: NetName=NetL5_2 Pin=U29-5
Added Net: Name=NetL5_2
Added Pin To Net: NetName=NetR6_2 Pin=R6-2
Added Pin To Net: NetName=NetR6_2 Pin=U27-3
Added Net: Name=NetR6_2
Added Pin To Net: NetName=NetU28_3 Pin=U28-3
Added Net: Name=NetU28_3
Added Pin To Net: NetName=NetU29_3 Pin=U29-3
Added Net: Name=NetU29_3
Added Member To Class: ClassName=MCU Member=Component C52 ChipCap
Added Member To Class: ClassName=MCU Member=Component C53 ChipCap
Added Member To Class: ClassName=Ethernet Member=Component C54 ChipCap
Added Member To Class: ClassName=Ethernet Member=Component C55 ChipCap
Added Member To Class: ClassName=WiFi Member=Component C56 ChipCap
Added Member To Class: ClassName=WiFi Member=Component C57 ChipCap
Added Member To Class: ClassName=MCU Member=Component L3 Inductance
Added Member To Class: ClassName=Ethernet Member=Component L4 Inductance
Added Member To Class: ClassName=WiFi Member=Component L5 Inductance
Added Member To Class: ClassName=MCU Member=Component R6 ChipRes
Added Member To Class: ClassName=MCU Member=Component U27 LM3671
Added Member To Class: ClassName=Ethernet Member=Component U28 LM3671
Added Member To Class: ClassName=WiFi Member=Component U29 LM3671
