Added Component: Designator=P19(Header 3 latch)
Added Component: Designator=R152(RES0805)
Added Component: Designator=R153(RES0805)
Added Component: Designator=U35(DIP-4)
Added Pin To Net: NetName=GND Pin=P19-1
Added Pin To Net: NetName=12V Pin=R152-2
Added Pin To Net: NetName=GND Pin=U35-2
Added Pin To Net: NetName=NetP19_3 Pin=P19-3
Added Pin To Net: NetName=NetP19_3 Pin=U35-3
Added Net: Name=NetP19_3
Added Pin To Net: NetName=NetR152_1 Pin=R152-1
Added Pin To Net: NetName=NetR152_1 Pin=U35-4
Added Net: Name=NetR152_1
Added Pin To Net: NetName=NetR153_1 Pin=R153-1
Added Pin To Net: NetName=NetR153_1 Pin=U35-1
Added Net: Name=NetR153_1
Added Pin To Net: NetName=NetR153_2 Pin=R153-2
Added Net: Name=NetR153_2
Added Member To Class: ClassName=MISC Member=Component P19 Header 3 Latch
Added Member To Class: ClassName=MISC Member=Component R152 ChipRes
Added Member To Class: ClassName=MISC Member=Component R153 ChipRes
Added Member To Class: ClassName=MISC Member=Component U35 Optoisolator1
