Removed Pin From Net: NetName=LASER_PULSE Pin=R131-1
Removed Pin From Net: NetName=I5V Pin=R131-2
Removed Pin From Net: NetName=LASER_PULSE Pin=U16-6
Added Component: Designator=Q30(SOT23)
Added Component: Designator=R162(RES0805)
Added Component: Designator=R163(RES0805)
Added Component: Designator=R164(RES0805)
Added Component: Designator=R165(RES0805)
Added Component: Designator=R166(RES0805)
Added Component: Designator=R167(RES0805)
Added Component: Designator=R168(RES0805)
Added Component: Designator=R169(RES0805)
Added Component: Designator=R170(RES0805)
Added Component: Designator=R171(RES0805)
Added Component: Designator=R172(RES0805)
Added Component: Designator=R173(RES0805)
Added Component: Designator=R174(RES0805)
Added Component: Designator=R175(RES0805)
Added Component: Designator=R176(RES0805)
Added Component: Designator=R177(RES0805)
Added Component: Designator=R178(RES0805)
Added Component: Designator=R179(RES0805)
Added Component: Designator=R180(RES0805)
Added Component: Designator=R181(RES0805)
Added Component: Designator=U38(DIP-4)
Added Component: Designator=U39(DIP-4)
Added Component: Designator=U40(DIP-4)
Added Component: Designator=U41(DIP-4)
Added Component: Designator=U42(DIP-4)
Added Component: Designator=U43(DIP-4)
Added Component: Designator=U44(DIP-4)
Added Component: Designator=U45(DIP-4)
Added Component: Designator=U46(DIP-4)
Added Component: Designator=U47(DIP-4)
Added Pin To Net: NetName=I5V Pin=Q30-2
Added Pin To Net: NetName=LASER_PULSE Pin=Q30-3
Added Pin To Net: NetName=VCC Pin=R162-2
Added Pin To Net: NetName=IGND Pin=R167-1
Added Pin To Net: NetName=VCC Pin=R168-2
Added Pin To Net: NetName=I5V Pin=R169-2
Added Pin To Net: NetName=I5V Pin=R170-2
Added Pin To Net: NetName=VCC Pin=R172-2
Added Pin To Net: NetName=I5V Pin=R173-2
Added Pin To Net: NetName=VCC Pin=R174-2
Added Pin To Net: NetName=I5V Pin=R175-2
Added Pin To Net: NetName=VCC Pin=R176-2
Added Pin To Net: NetName=I5V Pin=R177-2
Added Pin To Net: NetName=VCC Pin=R179-2
Added Pin To Net: NetName=I5V Pin=R180-2
Added Pin To Net: NetName=IGND Pin=R181-1
Added Pin To Net: NetName=I5V Pin=U38-1
Added Pin To Net: NetName=GND Pin=U38-3
Added Pin To Net: NetName=GND Pin=U39-2
Added Pin To Net: NetName=I5V Pin=U39-4
Added Pin To Net: NetName=GND Pin=U40-2
Added Pin To Net: NetName=I5V Pin=U40-4
Added Pin To Net: NetName=GND Pin=U41-3
Added Pin To Net: NetName=GND Pin=U42-2
Added Pin To Net: NetName=IGND Pin=U42-3
Added Pin To Net: NetName=GND Pin=U43-3
Added Pin To Net: NetName=GND Pin=U44-3
Added Pin To Net: NetName=GND Pin=U45-3
Added Pin To Net: NetName=GND Pin=U46-2
Added Pin To Net: NetName=I5V Pin=U46-4
Added Pin To Net: NetName=GND Pin=U47-3
Added Pin To Net: NetName=LMP_DISCHARGE Pin=R167-2
Added Pin To Net: NetName=LMP_DISCHARGE Pin=U40-3
Added Net: Name=LMP_DISCHARGE
Added Pin To Net: NetName=LMP_DISCH Pin=R166-2
Added Net: Name=LMP_DISCH
Added Pin To Net: NetName=LMP_FAULT_SIG Pin=U43-2
Added Net: Name=LMP_FAULT_SIG
Added Pin To Net: NetName=LMP_FAULT Pin=R172-1
Added Pin To Net: NetName=LMP_FAULT Pin=U43-4
Added Net: Name=LMP_FAULT
Added Pin To Net: NetName=LMP_HV_INHIBIT Pin=R170-1
Added Pin To Net: NetName=LMP_HV_INHIBIT Pin=U42-4
Added Net: Name=LMP_HV_INHIBIT
Added Pin To Net: NetName=LMP_HV_INH Pin=R171-2
Added Net: Name=LMP_HV_INH
Added Pin To Net: NetName=LMP_HVON_SIG Pin=U47-2
Added Net: Name=LMP_HVON_SIG
Added Pin To Net: NetName=LMP_HVON Pin=R179-1
Added Pin To Net: NetName=LMP_HVON Pin=U47-4
Added Net: Name=LMP_HVON
Added Pin To Net: NetName=LMP_OVERTEMPERATURE_SIG Pin=U45-2
Added Net: Name=LMP_OVERTEMPERATURE_SIG
Added Pin To Net: NetName=LMP_OVERVOLTAGE_SIG Pin=U44-2
Added Net: Name=LMP_OVERVOLTAGE_SIG
Added Pin To Net: NetName=LMP_OV Pin=R174-1
Added Pin To Net: NetName=LMP_OV Pin=R176-1
Added Pin To Net: NetName=LMP_OV Pin=U44-4
Added Pin To Net: NetName=LMP_OV Pin=U45-4
Added Net: Name=LMP_OV
Added Pin To Net: NetName=LMP_PULSE_OUT Pin=R181-2
Added Pin To Net: NetName=LMP_PULSE_OUT Pin=U46-3
Added Net: Name=LMP_PULSE_OUT
Added Pin To Net: NetName=LMP_PULSE Pin=R178-2
Added Net: Name=LMP_PULSE
Added Pin To Net: NetName=LMP_RDY Pin=R168-1
Added Pin To Net: NetName=LMP_RDY Pin=U41-4
Added Net: Name=LMP_RDY
Added Pin To Net: NetName=LMP_READY Pin=U41-2
Added Net: Name=LMP_READY
Added Pin To Net: NetName=LMP_SIMEN Pin=R164-2
Added Net: Name=LMP_SIMEN
Added Pin To Net: NetName=LMP_SIMMER_ENABLE Pin=R165-1
Added Net: Name=LMP_SIMMER_ENABLE
Added Pin To Net: NetName=LMP_SIMMER_SENSOR Pin=R163-1
Added Net: Name=LMP_SIMMER_SENSOR
Added Pin To Net: NetName=LMP_SIMSEN Pin=R162-1
Added Pin To Net: NetName=LMP_SIMSEN Pin=U38-4
Added Net: Name=LMP_SIMSEN
Added Pin To Net: NetName=NetQ30_1 Pin=Q30-1
Added Pin To Net: NetName=NetQ30_1 Pin=R131-2
Added Net: Name=NetQ30_1
Added Pin To Net: NetName=NetR131_1 Pin=R131-1
Added Pin To Net: NetName=NetR131_1 Pin=U16-6
Added Net: Name=NetR131_1
Added Pin To Net: NetName=NetR163_2 Pin=R163-2
Added Pin To Net: NetName=NetR163_2 Pin=U38-2
Added Net: Name=NetR163_2
Added Pin To Net: NetName=NetR164_1 Pin=R164-1
Added Pin To Net: NetName=NetR164_1 Pin=U39-1
Added Net: Name=NetR164_1
Added Pin To Net: NetName=NetR165_2 Pin=R165-2
Added Pin To Net: NetName=NetR165_2 Pin=U39-3
Added Net: Name=NetR165_2
Added Pin To Net: NetName=NetR166_1 Pin=R166-1
Added Pin To Net: NetName=NetR166_1 Pin=U40-1
Added Net: Name=NetR166_1
Added Pin To Net: NetName=NetR169_1 Pin=R169-1
Added Pin To Net: NetName=NetR169_1 Pin=U41-1
Added Net: Name=NetR169_1
Added Pin To Net: NetName=NetR171_1 Pin=R171-1
Added Pin To Net: NetName=NetR171_1 Pin=U42-1
Added Net: Name=NetR171_1
Added Pin To Net: NetName=NetR173_1 Pin=R173-1
Added Pin To Net: NetName=NetR173_1 Pin=U43-1
Added Net: Name=NetR173_1
Added Pin To Net: NetName=NetR175_1 Pin=R175-1
Added Pin To Net: NetName=NetR175_1 Pin=U44-1
Added Net: Name=NetR175_1
Added Pin To Net: NetName=NetR177_1 Pin=R177-1
Added Pin To Net: NetName=NetR177_1 Pin=U45-1
Added Net: Name=NetR177_1
Added Pin To Net: NetName=NetR178_1 Pin=R178-1
Added Pin To Net: NetName=NetR178_1 Pin=U46-1
Added Net: Name=NetR178_1
Added Pin To Net: NetName=NetR180_1 Pin=R180-1
Added Pin To Net: NetName=NetR180_1 Pin=U47-1
Added Net: Name=NetR180_1
Added Class: Name=LAMP
Added Member To Class: ClassName=LaserInterface Member=Component Q30 BC857
Added Room: Name=LAMP
