Removed Pin From Net: NetName=VCC Pin=C1-1
Removed Pin From Net: NetName=GND Pin=C1-2
Removed Pin From Net: NetName=VCC Pin=C2-1
Removed Pin From Net: NetName=GND Pin=C2-2
Removed Pin From Net: NetName=GND Pin=C4-1
Removed Pin From Net: NetName=VCC Pin=C4-2
Removed Pin From Net: NetName=GND Pin=C5-1
Removed Pin From Net: NetName=VCC Pin=C5-2
Removed Pin From Net: NetName=AVCC Pin=C11-2
Removed Pin From Net: NetName=#RESET Pin=C14-1
Removed Pin From Net: NetName=GND Pin=C14-2
Removed Pin From Net: NetName=GND Pin=C16-1
Removed Pin From Net: NetName=GND Pin=C17-2
Removed Pin From Net: NetName=VDD3V3 Pin=C18-2
Removed Pin From Net: NetName=GND Pin=C19-1
Removed Pin From Net: NetName=VDD3V3 Pin=C19-2
Removed Pin From Net: NetName=GND Pin=C20-1
Removed Pin From Net: NetName=VDD3V3 Pin=C20-2
Removed Pin From Net: NetName=VDD3V3 Pin=C30-2
Removed Pin From Net: NetName=VDD3V3 Pin=C31-2
Removed Pin From Net: NetName=IGND Pin=C34-1
Removed Pin From Net: NetName=I5V Pin=C34-2
Removed Pin From Net: NetName=IGND Pin=C35-1
Removed Pin From Net: NetName=I5V Pin=C35-2
Removed Pin From Net: NetName=12V Pin=C36-1
Removed Pin From Net: NetName=IGND Pin=C36-2
Removed Pin From Net: NetName=VCC Pin=D3-1
Removed Pin From Net: NetName=GND Pin=D3-2
Removed Pin From Net: NetName=NetD3_3 Pin=D3-3
Removed Pin From Net: NetName=VCC Pin=L1-1
Removed Pin From Net: NetName=NetC9_2 Pin=L1-2
Removed Pin From Net: NetName=VDD3V3 Pin=L2-1
Removed Pin From Net: NetName=USBCON_N Pin=P2-2
Removed Pin From Net: NetName=USBCON_P Pin=P2-3
Removed Pin From Net: NetName=GND Pin=P2-5
Removed Pin From Net: NetName=GND Pin=P2-6
Removed Pin From Net: NetName=GND Pin=P2-7
Removed Pin From Net: NetName=GND Pin=P2-8
Removed Pin From Net: NetName=GND Pin=P2-9
Removed Pin From Net: NetName=VCC Pin=R1-1
Removed Pin From Net: NetName=TDI Pin=R1-2
Removed Pin From Net: NetName=SWO Pin=R2-2
Removed Pin From Net: NetName=GND Pin=R3-1
Removed Pin From Net: NetName=SWCLK Pin=R3-2
Removed Pin From Net: NetName=VCC Pin=R4-1
Removed Pin From Net: NetName=SWDIO Pin=R4-2
Removed Pin From Net: NetName=GND Pin=R5-1
Removed Pin From Net: NetName=GND Pin=R6-2
Removed Pin From Net: NetName=AVCC Pin=R7-1
Removed Pin From Net: NetName=VCC Pin=R10-1
Removed Pin From Net: NetName=#RESET Pin=R10-2
Removed Pin From Net: NetName=NetD1_1 Pin=R11-1
Removed Pin From Net: NetName=VCC Pin=R11-2
Removed Pin From Net: NetName=NetQ1_3 Pin=R12-2
Removed Pin From Net: NetName=VCC Pin=R13-2
Removed Pin From Net: NetName=VCC Pin=R14-2
Removed Pin From Net: NetName=VCC Pin=R15-2
Removed Pin From Net: NetName=USB_PWR Pin=R16-1
Removed Pin From Net: NetName=USB_OVC Pin=R17-1
Removed Pin From Net: NetName=USB_VBUS Pin=R18-1
Removed Pin From Net: NetName=USB_N Pin=R19-1
Removed Pin From Net: NetName=USBCON_N Pin=R19-2
Removed Pin From Net: NetName=USB_P Pin=R20-1
Removed Pin From Net: NetName=USBCON_P Pin=R20-2
Removed Pin From Net: NetName=USB_ID Pin=R21-1
Removed Pin From Net: NetName=VDD3V3 Pin=R22-2
Removed Pin From Net: NetName=VDD3V3 Pin=R23-2
Removed Pin From Net: NetName=ETH_TD_P Pin=R24-1
Removed Pin From Net: NetName=VDD3V3 Pin=R24-2
Removed Pin From Net: NetName=ETH_TD_N Pin=R25-1
Removed Pin From Net: NetName=VDD3V3 Pin=R25-2
Removed Pin From Net: NetName=ETH_RD_P Pin=R26-1
Removed Pin From Net: NetName=VDD3V3 Pin=R26-2
Removed Pin From Net: NetName=ETH_RD_N Pin=R27-1
Removed Pin From Net: NetName=VDD3V3 Pin=R27-2
Removed Pin From Net: NetName=RMII_TXEN Pin=R28-1
Removed Pin From Net: NetName=RMII_TXD0 Pin=R29-1
Removed Pin From Net: NetName=RMII_TXD1 Pin=R30-1
Removed Pin From Net: NetName=RMII_RXD1 Pin=R31-1
Removed Pin From Net: NetName=RMII_RXD0 Pin=R32-1
Removed Pin From Net: NetName=RMII_CRS_DV Pin=R33-1
Removed Pin From Net: NetName=MDIO Pin=R34-1
Removed Pin From Net: NetName=MDC Pin=R35-1
Removed Pin From Net: NetName=RMII_REFCLK Pin=R36-1
Removed Pin From Net: NetName=RESET_ETH Pin=R37-1
Removed Pin From Net: NetName=VDD3V3 Pin=R38-1
Removed Pin From Net: NetName=NetCN1_9 Pin=R38-2
Removed Pin From Net: NetName=VDD3V3 Pin=R39-1
Removed Pin From Net: NetName=NetCN1_12 Pin=R39-2
Removed Pin From Net: NetName=GND Pin=R40-1
Removed Pin From Net: NetName=NetC32_2 Pin=R41-1
Removed Pin From Net: NetName=NetC29_2 Pin=R41-2
Removed Pin From Net: NetName=GND Pin=R43-1
Removed Pin From Net: NetName=LED2_SPEED Pin=R43-2
Removed Pin From Net: NetName=NetC32_2 Pin=R44-1
Removed Pin From Net: NetName=12V Pin=R45-2
Removed Pin From Net: NetName=COOL_PWM Pin=R46-1
Removed Pin From Net: NetName=IM_CSN Pin=U1-1
Removed Pin From Net: NetName=VM_CSN Pin=U1-2
Removed Pin From Net: NetName=VCC Pin=U1-6
Removed Pin From Net: NetName=USB_OVC Pin=U1-7
Removed Pin From Net: NetName=GND Pin=U1-10
Removed Pin From Net: NetName=VCC Pin=U1-11
Removed Pin From Net: NetName=#RESET Pin=U1-14
Removed Pin From Net: NetName=USB_PWR Pin=U1-15
Removed Pin From Net: NetName=MDC Pin=U1-16
Removed Pin From Net: NetName=VCC Pin=U1-19
Removed Pin From Net: NetName=GND Pin=U1-20
Removed Pin From Net: NetName=AVCC Pin=U1-22
Removed Pin From Net: NetName=RMII_REFCLK Pin=U1-24
Removed Pin From Net: NetName=MDIO Pin=U1-25
Removed Pin From Net: NetName=TIM5_CH4 Pin=U1-26
Removed Pin From Net: NetName=GND Pin=U1-27
Removed Pin From Net: NetName=VCC Pin=U1-28
Removed Pin From Net: NetName=RMII_CRS_DV Pin=U1-32
Removed Pin From Net: NetName=RMII_RXD0 Pin=U1-33
Removed Pin From Net: NetName=RMII_RXD1 Pin=U1-34
Removed Pin From Net: NetName=TIM3_CH3 Pin=U1-35
Removed Pin From Net: NetName=TIM3_CH4 Pin=U1-36
Removed Pin From Net: NetName=FAN_PWM2 Pin=U1-40
Removed Pin From Net: NetName=FOOTSWITCH Pin=U1-41
Removed Pin From Net: NetName=FAN_PWM1 Pin=U1-42
Removed Pin From Net: NetName=RELAY1 Pin=U1-43
Removed Pin From Net: NetName=PELTIER Pin=U1-44
Removed Pin From Net: NetName=COOL_PWM Pin=U1-45
Removed Pin From Net: NetName=LED Pin=U1-46
Removed Pin From Net: NetName=DAC_SCK Pin=U1-47
Removed Pin From Net: NetName=RMII_TXEN Pin=U1-48
Removed Pin From Net: NetName=VCC Pin=U1-50
Removed Pin From Net: NetName=RMII_TXD0 Pin=U1-51
Removed Pin From Net: NetName=RMII_TXD1 Pin=U1-52
Removed Pin From Net: NetName=SPI2_MISO Pin=U1-53
Removed Pin From Net: NetName=DAC_MOSI Pin=U1-54
Removed Pin From Net: NetName=MCU_TX2 Pin=U1-55
Removed Pin From Net: NetName=MCU_RX2 Pin=U1-56
Removed Pin From Net: NetName=USART3_CK Pin=U1-57
Removed Pin From Net: NetName=MCU_CTS2 Pin=U1-58
Removed Pin From Net: NetName=MCU_RTS2 Pin=U1-59
Removed Pin From Net: NetName=LD_PULSE Pin=U1-60
Removed Pin From Net: NetName=LAS_EN Pin=U1-61
Removed Pin From Net: NetName=USART6_TX Pin=U1-63
Removed Pin From Net: NetName=USART6_RX Pin=U1-64
Removed Pin From Net: NetName=SDIO_D0 Pin=U1-65
Removed Pin From Net: NetName=SDIO_D1 Pin=U1-66
Removed Pin From Net: NetName=USB_VBUS Pin=U1-68
Removed Pin From Net: NetName=USB_ID Pin=U1-69
Removed Pin From Net: NetName=USB_N Pin=U1-70
Removed Pin From Net: NetName=USB_P Pin=U1-71
Removed Pin From Net: NetName=SWDIO Pin=U1-72
Removed Pin From Net: NetName=GND Pin=U1-74
Removed Pin From Net: NetName=VCC Pin=U1-75
Removed Pin From Net: NetName=SWCLK Pin=U1-76
Removed Pin From Net: NetName=TDI Pin=U1-77
Removed Pin From Net: NetName=SDIO_D2 Pin=U1-78
Removed Pin From Net: NetName=SDIO_D3 Pin=U1-79
Removed Pin From Net: NetName=SDIO_CK Pin=U1-80
Removed Pin From Net: NetName=LAS_FLT Pin=U1-81
Removed Pin From Net: NetName=DAC_CS Pin=U1-82
Removed Pin From Net: NetName=SDIO_CMD Pin=U1-83
Removed Pin From Net: NetName=USART2_CTS Pin=U1-84
Removed Pin From Net: NetName=MCU_RTS1 Pin=U1-85
Removed Pin From Net: NetName=MCU_TX1 Pin=U1-86
Removed Pin From Net: NetName=MCU_RX1 Pin=U1-87
Removed Pin From Net: NetName=USART2_CK Pin=U1-88
Removed Pin From Net: NetName=SWO Pin=U1-89
Removed Pin From Net: NetName=WEN Pin=U1-90
Removed Pin From Net: NetName=TIM4_CH1 Pin=U1-92
Removed Pin From Net: NetName=TIM4_CH2 Pin=U1-93
Removed Pin From Net: NetName=TIM4_CH3 Pin=U1-95
Removed Pin From Net: NetName=TIM4_CH4 Pin=U1-96
Removed Pin From Net: NetName=TEMPER_SENSOR1_DIN Pin=U1-97
Removed Pin From Net: NetName=TEMPER_SENSOR2_DIN Pin=U1-98
Removed Pin From Net: NetName=GND Pin=U1-99
Removed Pin From Net: NetName=VCC Pin=U1-100
Removed Pin From Net: NetName=GND Pin=U2-1
Removed Pin From Net: NetName=+5V Pin=U2-2
Removed Pin From Net: NetName=LED2_SPEED Pin=U3-2
Removed Pin From Net: NetName=LED1_LINK Pin=U3-3
Removed Pin From Net: NetName=NetC29_2 Pin=U3-4
Removed Pin From Net: NetName=NetR42_2 Pin=U3-5
Removed Pin From Net: NetName=VDD3V3 Pin=U3-6
Removed Pin From Net: NetName=VDD3V3 Pin=U3-9
Removed Pin From Net: NetName=NetR35_2 Pin=U3-13
Removed Pin From Net: NetName=NetR37_2 Pin=U3-15
Removed Pin From Net: NetName=ETH_TD_N Pin=U3-20
Removed Pin From Net: NetName=ETH_TD_P Pin=U3-21
Removed Pin From Net: NetName=ETH_RD_N Pin=U3-22
Removed Pin From Net: NetName=ETH_RD_P Pin=U3-23
Removed Pin From Net: NetName=NetR40_2 Pin=U3-24
Removed Pin From Net: NetName=GND Pin=U3-25
Removed Pin From Net: NetName=GND Pin=U4-2
Removed Pin From Net: NetName=GND Pin=U4-3
Removed Pin From Net: NetName=IGND Pin=U4-5
Removed Pin From Net: NetName=I5V Pin=U4-8
Removed Pin From Net: NetName=NetC32_2 Pin=X1-1
Removed Member From Class: ClassName=USB OTG Member=C17
Removed Member From Class: ClassName=Ethernet Member=C18
Removed Member From Class: ClassName=Ethernet Member=C19
Removed Member From Class: ClassName=Ethernet Member=C20
Removed Member From Class: ClassName=MCU Member=C52
Removed Member From Class: ClassName=MCU Member=C53
Removed Member From Class: ClassName=USB OTG Member=D8
Removed Member From Class: ClassName=Ethernet Member=L2
Removed Member From Class: ClassName=MCU Member=L3
Removed Member From Class: ClassName=USB OTG Member=P2
Removed Member From Class: ClassName=Peltier Member=Q15
Removed Member From Class: ClassName=USB OTG Member=R11
Removed Member From Class: ClassName=USB OTG Member=R12
Removed Member From Class: ClassName=USB OTG Member=R13
Removed Member From Class: ClassName=USB OTG Member=R14
Removed Member From Class: ClassName=USB OTG Member=R15
Removed Member From Class: ClassName=USB OTG Member=R16
Removed Member From Class: ClassName=USB OTG Member=R17
Removed Member From Class: ClassName=Ethernet Member=R22
Removed Member From Class: ClassName=Ethernet Member=R23
Removed Member From Class: ClassName=Ethernet Member=R24
Removed Member From Class: ClassName=Ethernet Member=R25
Removed Member From Class: ClassName=Ethernet Member=R26
Removed Member From Class: ClassName=Ethernet Member=R27
Removed Member From Class: ClassName=Ethernet Member=R28
Removed Member From Class: ClassName=LaserInterface Member=R115
Removed Member From Class: ClassName=LaserInterface Member=R120
Removed Member From Class: ClassName=MCU Member=R129
Removed Member From Class: ClassName=USB OTG Member=U2
Removed Member From Class: ClassName=Ethernet Member=U3
Removed Member From Class: ClassName=LaserInterface Member=U22
Removed Member From Class: ClassName=LaserInterface Member=U23
Removed Member From Class: ClassName=MCU Member=U27
Removed Member From Class: ClassName=AnalogPowerNet Member=NetC7_2
Removed Member From Class: ClassName=PowerNet Member=NetC12_2
Removed Member From Class: ClassName=PowerNet Member=NetC17_1
Change Component DesignItemId : Designator=C17 Old DesignItemId=Cap Pol3 New DesignItemId=ChipCap
Change Component DesignItemId : Designator=C20 Old DesignItemId=ChipCap New DesignItemId=Cap Pol3
Change Component DesignItemId : Designator=U4 Old DesignItemId=HCPL0631 New DesignItemId=LAM8720
Change Component DesignItemId : Designator=U3 Old DesignItemId=LAM8720 New DesignItemId=STMPS2141
Change Component DesignItemId : Designator=D3 Old DesignItemId=Schottky Diode New DesignItemId=LED2
Change Component DesignItemId : Designator=U2 Old DesignItemId=STMPS2141 New DesignItemId=STM32F407VGT6
Change Component Footprint: Designator=C17 Old Footprint=2220 New Footprint=CAP0805
Change Component Footprint: Designator=C20 Old Footprint=CAP0805 New Footprint=2220
Change Component Footprint: Designator=L2 Old Footprint=CM45 New Footprint=CM32
Change Component Footprint: Designator=U3 Old Footprint=QFN50P375X375X85_HS-25N New Footprint=SOP8
Change Component Footprint: Designator=U4 Old Footprint=SOIC8 New Footprint=QFN50P375X375X85_HS-25N
Change Component Footprint: Designator=U2 Old Footprint=SOP8 New Footprint=LQFP100
Change Component Footprint: Designator=D3 Old Footprint=SOT23 New Footprint=3.2X1.6X1.1
Change Component Comment : Designator=C17 Old Comment=Cap Pol3 New Comment=ChipCap
Change Component Comment : Designator=C20 Old Comment=ChipCap New Comment=Cap Pol3
Change Component Comment : Designator=D3 Old Comment=Diode Schottky New Comment=LED2
Change Component Comment : Designator=U4 Old Comment=HCPL0631 New Comment=LAN8720
Change Component Comment : Designator=U3 Old Comment=LAN8720 New Comment=STMPS2141
Change Component Comment : Designator=U2 Old Comment=STMPS2141 New Comment=STM32F407
Change Component Designator: OldDesignator=BOOT NewDesignator=BOOT1
Change Component Designator: OldDesignator=C37 NewDesignator=C51
Change Component Designator: OldDesignator=C38 NewDesignator=C52
Change Component Designator: OldDesignator=C39 NewDesignator=C19
Change Component Designator: OldDesignator=C40 NewDesignator=C39
Change Component Designator: OldDesignator=C41 NewDesignator=C40
Change Component Designator: OldDesignator=C44 NewDesignator=C43
Change Component Designator: OldDesignator=C45 NewDesignator=C44
Change Component Designator: OldDesignator=C46 NewDesignator=C45
Change Component Designator: OldDesignator=C47 NewDesignator=C46
Change Component Designator: OldDesignator=C48 NewDesignator=C47
Change Component Designator: OldDesignator=C49 NewDesignator=C48
Change Component Designator: OldDesignator=C50 NewDesignator=C49
Change Component Designator: OldDesignator=C51 NewDesignator=C53
Change Component Designator: OldDesignator=C52 NewDesignator=C1
Change Component Designator: OldDesignator=C53 NewDesignator=C2
Change Component Designator: OldDesignator=C54 NewDesignator=C37
Change Component Designator: OldDesignator=C55 NewDesignator=C38
Change Component Designator: OldDesignator=C56 NewDesignator=C41
Change Component Designator: OldDesignator=C57 NewDesignator=C42
Change Component Designator: OldDesignator=D4 NewDesignator=D6
Change Component Designator: OldDesignator=D5 NewDesignator=D8
Change Component Designator: OldDesignator=D6 NewDesignator=D9
Change Component Designator: OldDesignator=D7 NewDesignator=D10
Change Component Designator: OldDesignator=D9 NewDesignator=D11
Change Component Designator: OldDesignator=D10 NewDesignator=D4
Change Component Designator: OldDesignator=D11 NewDesignator=D7
Change Component Designator: OldDesignator=Foot NewDesignator=Foot1
Change Component Designator: OldDesignator=L3 NewDesignator=L1
Change Component Designator: OldDesignator=LINK NewDesignator=LINK1
Change Component Designator: OldDesignator=P4 NewDesignator=P6
Change Component Designator: OldDesignator=P5 NewDesignator=P7
Change Component Designator: OldDesignator=P6 NewDesignator=P4
Change Component Designator: OldDesignator=P7 NewDesignator=P2
Change Component Designator: OldDesignator=P8 NewDesignator=P5
Change Component Designator: OldDesignator=PWR NewDesignator=PWR1
Change Component Designator: OldDesignator=Q2 NewDesignator=Q4
Change Component Designator: OldDesignator=Q3 NewDesignator=Q5
Change Component Designator: OldDesignator=Q4 NewDesignator=Q7
Change Component Designator: OldDesignator=Q5 NewDesignator=Q8
Change Component Designator: OldDesignator=Q6 NewDesignator=Q9
Change Component Designator: OldDesignator=Q7 NewDesignator=Q11
Change Component Designator: OldDesignator=Q8 NewDesignator=Q12
Change Component Designator: OldDesignator=Q9 NewDesignator=Q13
Change Component Designator: OldDesignator=Q10 NewDesignator=Q14
Change Component Designator: OldDesignator=Q11 NewDesignator=Q15
Change Component Designator: OldDesignator=Q12 NewDesignator=Q16
Change Component Designator: OldDesignator=Q13 NewDesignator=Q17
Change Component Designator: OldDesignator=Q14 NewDesignator=Q6
Change Component Designator: OldDesignator=Q15 NewDesignator=Q10
Change Component Designator: OldDesignator=Q16 NewDesignator=Q2
Change Component Designator: OldDesignator=Q17 NewDesignator=Q3
Change Component Designator: OldDesignator=R52 NewDesignator=R97
Change Component Designator: OldDesignator=R53 NewDesignator=R98
Change Component Designator: OldDesignator=R54 NewDesignator=R99
Change Component Designator: OldDesignator=R55 NewDesignator=R100
Change Component Designator: OldDesignator=R56 NewDesignator=R101
Change Component Designator: OldDesignator=R57 NewDesignator=R102
Change Component Designator: OldDesignator=R58 NewDesignator=R103
Change Component Designator: OldDesignator=R59 NewDesignator=R104
Change Component Designator: OldDesignator=R60 NewDesignator=R105
Change Component Designator: OldDesignator=R61 NewDesignator=R106
Change Component Designator: OldDesignator=R62 NewDesignator=R107
Change Component Designator: OldDesignator=R63 NewDesignator=R108
Change Component Designator: OldDesignator=R64 NewDesignator=R109
Change Component Designator: OldDesignator=R65 NewDesignator=R110
Change Component Designator: OldDesignator=R66 NewDesignator=R111
Change Component Designator: OldDesignator=R67 NewDesignator=R112
Change Component Designator: OldDesignator=R68 NewDesignator=R113
Change Component Designator: OldDesignator=R69 NewDesignator=R58
Change Component Designator: OldDesignator=R70 NewDesignator=R59
Change Component Designator: OldDesignator=R71 NewDesignator=R61
Change Component Designator: OldDesignator=R72 NewDesignator=R65
Change Component Designator: OldDesignator=R73 NewDesignator=R69
Change Component Designator: OldDesignator=R74 NewDesignator=R70
Change Component Designator: OldDesignator=R75 NewDesignator=R76
Change Component Designator: OldDesignator=R76 NewDesignator=R77
Change Component Designator: OldDesignator=R77 NewDesignator=R79
Change Component Designator: OldDesignator=R78 NewDesignator=R80
Change Component Designator: OldDesignator=R79 NewDesignator=R81
Change Component Designator: OldDesignator=R80 NewDesignator=R82
Change Component Designator: OldDesignator=R81 NewDesignator=R83
Change Component Designator: OldDesignator=R82 NewDesignator=R84
Change Component Designator: OldDesignator=R83 NewDesignator=R85
Change Component Designator: OldDesignator=R84 NewDesignator=R86
Change Component Designator: OldDesignator=R85 NewDesignator=R87
Change Component Designator: OldDesignator=R86 NewDesignator=R118
Change Component Designator: OldDesignator=R87 NewDesignator=R88
Change Component Designator: OldDesignator=R88 NewDesignator=R89
Change Component Designator: OldDesignator=R89 NewDesignator=R119
Change Component Designator: OldDesignator=R90 NewDesignator=R120
Change Component Designator: OldDesignator=R91 NewDesignator=R54
Change Component Designator: OldDesignator=R92 NewDesignator=R55
Change Component Designator: OldDesignator=R93 NewDesignator=R56
Change Component Designator: OldDesignator=R94 NewDesignator=R57
Change Component Designator: OldDesignator=R95 NewDesignator=R60
Change Component Designator: OldDesignator=R96 NewDesignator=R62
Change Component Designator: OldDesignator=R97 NewDesignator=R63
Change Component Designator: OldDesignator=R98 NewDesignator=R64
Change Component Designator: OldDesignator=R99 NewDesignator=R66
Change Component Designator: OldDesignator=R100 NewDesignator=R67
Change Component Designator: OldDesignator=R101 NewDesignator=R68
Change Component Designator: OldDesignator=R102 NewDesignator=R71
Change Component Designator: OldDesignator=R103 NewDesignator=R72
Change Component Designator: OldDesignator=R104 NewDesignator=R73
Change Component Designator: OldDesignator=R105 NewDesignator=R90
Change Component Designator: OldDesignator=R106 NewDesignator=R91
Change Component Designator: OldDesignator=R107 NewDesignator=R92
Change Component Designator: OldDesignator=R108 NewDesignator=R93
Change Component Designator: OldDesignator=R109 NewDesignator=R12
Change Component Designator: OldDesignator=R110 NewDesignator=R13
Change Component Designator: OldDesignator=R111 NewDesignator=R14
Change Component Designator: OldDesignator=R112 NewDesignator=R15
Change Component Designator: OldDesignator=R113 NewDesignator=R16
Change Component Designator: OldDesignator=R114 NewDesignator=R17
Change Component Designator: OldDesignator=R115 NewDesignator=R78
Change Component Designator: OldDesignator=R116 NewDesignator=R121
Change Component Designator: OldDesignator=R117 NewDesignator=R52
Change Component Designator: OldDesignator=R118 NewDesignator=R53
Change Component Designator: OldDesignator=R119 NewDesignator=R74
Change Component Designator: OldDesignator=R120 NewDesignator=R75
Change Component Designator: OldDesignator=R121 NewDesignator=R122
Change Component Designator: OldDesignator=R122 NewDesignator=R123
Change Component Designator: OldDesignator=R123 NewDesignator=R124
Change Component Designator: OldDesignator=R124 NewDesignator=R125
Change Component Designator: OldDesignator=R125 NewDesignator=R126
Change Component Designator: OldDesignator=R126 NewDesignator=R127
Change Component Designator: OldDesignator=R127 NewDesignator=R128
Change Component Designator: OldDesignator=R128 NewDesignator=R129
Change Component Designator: OldDesignator=R129 NewDesignator=R1
Change Component Designator: OldDesignator=RUN NewDesignator=RUN1
Change Component Designator: OldDesignator=U5 NewDesignator=U23
Change Component Designator: OldDesignator=U6 NewDesignator=U8
Change Component Designator: OldDesignator=U10 NewDesignator=U9
Change Component Designator: OldDesignator=U11 NewDesignator=U15
Change Component Designator: OldDesignator=U12 NewDesignator=U16
Change Component Designator: OldDesignator=U13 NewDesignator=U17
Change Component Designator: OldDesignator=U14 NewDesignator=U18
Change Component Designator: OldDesignator=U15 NewDesignator=U19
Change Component Designator: OldDesignator=U16 NewDesignator=U20
Change Component Designator: OldDesignator=U17 NewDesignator=U6
Change Component Designator: OldDesignator=U18 NewDesignator=U10
Change Component Designator: OldDesignator=U19 NewDesignator=U11
Change Component Designator: OldDesignator=U20 NewDesignator=U12
Change Component Designator: OldDesignator=U21 NewDesignator=U13
Change Component Designator: OldDesignator=U22 NewDesignator=U14
Change Component Designator: OldDesignator=U23 NewDesignator=U21
Change Component Designator: OldDesignator=U24 NewDesignator=U27
Change Component Designator: OldDesignator=U25 NewDesignator=U28
Change Component Designator: OldDesignator=U26 NewDesignator=U29
Change Component Designator: OldDesignator=U27 NewDesignator=U1
Change Component Designator: OldDesignator=U28 NewDesignator=U5
Change Component Designator: OldDesignator=U29 NewDesignator=U7
Added Component: Designator=C50(CAP0805)
Added Component: Designator=C54(CAP0805)
Added Component: Designator=C55(CAP0805)
Added Component: Designator=D5(SOT23)
Added Component: Designator=L3(CM45)
Added Component: Designator=P3(USB/SM0.8-6H5)
Added Component: Designator=R48(RES0805)
Added Component: Designator=R49(RES0805)
Added Component: Designator=R50(RES0805)
Added Component: Designator=R51(RES0805)
Added Component: Designator=R94(RES0805)
Added Component: Designator=R95(RES0805)
Added Component: Designator=R96(RES0805)
Added Component: Designator=U22(SOIC8)
Added Pin To Net: NetName=VCC Pin=C4-1
Added Pin To Net: NetName=GND Pin=C4-2
Added Pin To Net: NetName=VCC Pin=C5-1
Added Pin To Net: NetName=GND Pin=C5-2
Added Pin To Net: NetName=VCC Pin=C7-2
Added Pin To Net: NetName=VCC Pin=C8-2
Added Pin To Net: NetName=AVCC Pin=C13-2
Added Pin To Net: NetName=GND Pin=C14-1
Added Pin To Net: NetName=#RESET Pin=C16-1
Added Pin To Net: NetName=GND Pin=C16-2
Added Pin To Net: NetName=GND Pin=C17-1
Added Pin To Net: NetName=GND Pin=C20-2
Added Pin To Net: NetName=VDD3V3 Pin=C26-2
Added Pin To Net: NetName=VDD3V3 Pin=C27-2
Added Pin To Net: NetName=VDD3V3 Pin=C28-2
Added Pin To Net: NetName=NetC29_2 Pin=C30-2
Added Pin To Net: NetName=VDD3V3 Pin=C33-2
Added Pin To Net: NetName=GND Pin=C34-1
Added Pin To Net: NetName=VDD3V3 Pin=C34-2
Added Pin To Net: NetName=GND Pin=C35-1
Added Pin To Net: NetName=GND Pin=C36-1
Added Pin To Net: NetName=12V Pin=C36-1
Added Pin To Net: NetName=IGND Pin=C36-2
Added Pin To Net: NetName=IGND Pin=C34-1
Added Pin To Net: NetName=I5V Pin=C34-2
Added Pin To Net: NetName=IGND Pin=C35-1
Added Pin To Net: NetName=I5V Pin=C35-2
Added Pin To Net: NetName=VCC Pin=D3-1
Added Pin To Net: NetName=GND Pin=D3-2
Added Pin To Net: NetName=VCC Pin=L2-1
Added Pin To Net: NetName=VDD3V3 Pin=L3-1
Added Pin To Net: NetName=NetC29_2 Pin=L3-2
Added Pin To Net: NetName=USBCON_N Pin=P3-2
Added Pin To Net: NetName=USBCON_P Pin=P3-3
Added Pin To Net: NetName=GND Pin=P3-5
Added Pin To Net: NetName=GND Pin=P3-6
Added Pin To Net: NetName=GND Pin=P3-7
Added Pin To Net: NetName=GND Pin=P3-8
Added Pin To Net: NetName=GND Pin=P3-9
Added Pin To Net: NetName=TDI Pin=R2-2
Added Pin To Net: NetName=VCC Pin=R3-1
Added Pin To Net: NetName=SWO Pin=R3-2
Added Pin To Net: NetName=GND Pin=R4-1
Added Pin To Net: NetName=SWCLK Pin=R4-2
Added Pin To Net: NetName=VCC Pin=R5-1
Added Pin To Net: NetName=SWDIO Pin=R5-2
Added Pin To Net: NetName=GND Pin=R6-1
Added Pin To Net: NetName=GND Pin=R7-2
Added Pin To Net: NetName=AVCC Pin=R9-1
Added Pin To Net: NetName=VCC Pin=R11-1
Added Pin To Net: NetName=#RESET Pin=R11-2
Added Pin To Net: NetName=NetD1_1 Pin=R18-1
Added Pin To Net: NetName=VCC Pin=R18-2
Added Pin To Net: NetName=NetQ1_3 Pin=R19-2
Added Pin To Net: NetName=VCC Pin=R20-2
Added Pin To Net: NetName=VCC Pin=R21-2
Added Pin To Net: NetName=VCC Pin=R22-2
Added Pin To Net: NetName=USB_PWR Pin=R23-1
Added Pin To Net: NetName=USB_OVC Pin=R24-1
Added Pin To Net: NetName=USB_VBUS Pin=R25-1
Added Pin To Net: NetName=USB_N Pin=R26-1
Added Pin To Net: NetName=USBCON_N Pin=R26-2
Added Pin To Net: NetName=USB_P Pin=R27-1
Added Pin To Net: NetName=USBCON_P Pin=R27-2
Added Pin To Net: NetName=USB_ID Pin=R28-1
Added Pin To Net: NetName=VDD3V3 Pin=R29-2
Added Pin To Net: NetName=VDD3V3 Pin=R30-2
Added Pin To Net: NetName=ETH_TD_P Pin=R31-1
Added Pin To Net: NetName=VDD3V3 Pin=R31-2
Added Pin To Net: NetName=ETH_TD_N Pin=R32-1
Added Pin To Net: NetName=VDD3V3 Pin=R32-2
Added Pin To Net: NetName=ETH_RD_P Pin=R33-1
Added Pin To Net: NetName=VDD3V3 Pin=R33-2
Added Pin To Net: NetName=ETH_RD_N Pin=R34-1
Added Pin To Net: NetName=VDD3V3 Pin=R34-2
Added Pin To Net: NetName=RMII_TXEN Pin=R35-1
Added Pin To Net: NetName=RMII_TXD0 Pin=R36-1
Added Pin To Net: NetName=RMII_TXD1 Pin=R37-1
Added Pin To Net: NetName=RMII_RXD1 Pin=R38-1
Added Pin To Net: NetName=RMII_RXD0 Pin=R39-1
Added Pin To Net: NetName=RMII_CRS_DV Pin=R40-1
Added Pin To Net: NetName=MDIO Pin=R41-1
Added Pin To Net: NetName=MDC Pin=R42-1
Added Pin To Net: NetName=RMII_REFCLK Pin=R43-1
Added Pin To Net: NetName=RESET_ETH Pin=R44-1
Added Pin To Net: NetName=VDD3V3 Pin=R45-1
Added Pin To Net: NetName=NetCN1_9 Pin=R45-2
Added Pin To Net: NetName=VDD3V3 Pin=R46-1
Added Pin To Net: NetName=NetCN1_12 Pin=R46-2
Added Pin To Net: NetName=GND Pin=R47-1
Added Pin To Net: NetName=NetC32_2 Pin=R48-2
Added Pin To Net: NetName=GND Pin=R50-1
Added Pin To Net: NetName=LED2_SPEED Pin=R50-2
Added Pin To Net: NetName=12V Pin=R45-2
Added Pin To Net: NetName=COOL_PWM Pin=R46-1
Added Pin To Net: NetName=IM_CSN Pin=U2-1
Added Pin To Net: NetName=VM_CSN Pin=U2-2
Added Pin To Net: NetName=VCC Pin=U2-6
Added Pin To Net: NetName=USB_OVC Pin=U2-7
Added Pin To Net: NetName=GND Pin=U2-10
Added Pin To Net: NetName=VCC Pin=U2-11
Added Pin To Net: NetName=#RESET Pin=U2-14
Added Pin To Net: NetName=USB_PWR Pin=U2-15
Added Pin To Net: NetName=MDC Pin=U2-16
Added Pin To Net: NetName=VCC Pin=U2-19
Added Pin To Net: NetName=GND Pin=U2-20
Added Pin To Net: NetName=NetC9_2 Pin=U2-21
Added Pin To Net: NetName=AVCC Pin=U2-22
Added Pin To Net: NetName=RMII_REFCLK Pin=U2-24
Added Pin To Net: NetName=MDIO Pin=U2-25
Added Pin To Net: NetName=TIM5_CH4 Pin=U2-26
Added Pin To Net: NetName=GND Pin=U2-27
Added Pin To Net: NetName=VCC Pin=U2-28
Added Pin To Net: NetName=RMII_CRS_DV Pin=U2-32
Added Pin To Net: NetName=RMII_RXD0 Pin=U2-33
Added Pin To Net: NetName=RMII_RXD1 Pin=U2-34
Added Pin To Net: NetName=TIM3_CH3 Pin=U2-35
Added Pin To Net: NetName=TIM3_CH4 Pin=U2-36
Added Pin To Net: NetName=FAN_PWM2 Pin=U2-40
Added Pin To Net: NetName=FOOTSWITCH Pin=U2-41
Added Pin To Net: NetName=FAN_PWM1 Pin=U2-42
Added Pin To Net: NetName=RELAY1 Pin=U2-43
Added Pin To Net: NetName=PELTIER Pin=U2-44
Added Pin To Net: NetName=COOL_PWM Pin=U2-45
Added Pin To Net: NetName=LED Pin=U2-46
Added Pin To Net: NetName=DAC_SCK Pin=U2-47
Added Pin To Net: NetName=RMII_TXEN Pin=U2-48
Added Pin To Net: NetName=VCC Pin=U2-50
Added Pin To Net: NetName=RMII_TXD0 Pin=U2-51
Added Pin To Net: NetName=RMII_TXD1 Pin=U2-52
Added Pin To Net: NetName=SPI2_MISO Pin=U2-53
Added Pin To Net: NetName=DAC_MOSI Pin=U2-54
Added Pin To Net: NetName=MCU_TX2 Pin=U2-55
Added Pin To Net: NetName=MCU_RX2 Pin=U2-56
Added Pin To Net: NetName=USART3_CK Pin=U2-57
Added Pin To Net: NetName=MCU_CTS2 Pin=U2-58
Added Pin To Net: NetName=MCU_RTS2 Pin=U2-59
Added Pin To Net: NetName=LD_PULSE Pin=U2-60
Added Pin To Net: NetName=LAS_EN Pin=U2-61
Added Pin To Net: NetName=USART6_TX Pin=U2-63
Added Pin To Net: NetName=USART6_RX Pin=U2-64
Added Pin To Net: NetName=SDIO_D0 Pin=U2-65
Added Pin To Net: NetName=SDIO_D1 Pin=U2-66
Added Pin To Net: NetName=USB_VBUS Pin=U2-68
Added Pin To Net: NetName=USB_ID Pin=U2-69
Added Pin To Net: NetName=USB_N Pin=U2-70
Added Pin To Net: NetName=USB_P Pin=U2-71
Added Pin To Net: NetName=SWDIO Pin=U2-72
Added Pin To Net: NetName=GND Pin=U2-74
Added Pin To Net: NetName=VCC Pin=U2-75
Added Pin To Net: NetName=SWCLK Pin=U2-76
Added Pin To Net: NetName=TDI Pin=U2-77
Added Pin To Net: NetName=SDIO_D2 Pin=U2-78
Added Pin To Net: NetName=SDIO_D3 Pin=U2-79
Added Pin To Net: NetName=SDIO_CK Pin=U2-80
Added Pin To Net: NetName=LAS_FLT Pin=U2-81
Added Pin To Net: NetName=DAC_CS Pin=U2-82
Added Pin To Net: NetName=SDIO_CMD Pin=U2-83
Added Pin To Net: NetName=USART2_CTS Pin=U2-84
Added Pin To Net: NetName=MCU_RTS1 Pin=U2-85
Added Pin To Net: NetName=MCU_TX1 Pin=U2-86
Added Pin To Net: NetName=MCU_RX1 Pin=U2-87
Added Pin To Net: NetName=USART2_CK Pin=U2-88
Added Pin To Net: NetName=SWO Pin=U2-89
Added Pin To Net: NetName=WEN Pin=U2-90
Added Pin To Net: NetName=TIM4_CH1 Pin=U2-92
Added Pin To Net: NetName=TIM4_CH2 Pin=U2-93
Added Pin To Net: NetName=TIM4_CH3 Pin=U2-95
Added Pin To Net: NetName=TIM4_CH4 Pin=U2-96
Added Pin To Net: NetName=TEMPER_SENSOR1_DIN Pin=U2-97
Added Pin To Net: NetName=TEMPER_SENSOR2_DIN Pin=U2-98
Added Pin To Net: NetName=GND Pin=U2-99
Added Pin To Net: NetName=VCC Pin=U2-100
Added Pin To Net: NetName=GND Pin=U3-1
Added Pin To Net: NetName=+5V Pin=U3-2
Added Pin To Net: NetName=NetC29_2 Pin=U4-1
Added Pin To Net: NetName=LED2_SPEED Pin=U4-2
Added Pin To Net: NetName=LED1_LINK Pin=U4-3
Added Pin To Net: NetName=NetC32_2 Pin=U4-4
Added Pin To Net: NetName=VDD3V3 Pin=U4-6
Added Pin To Net: NetName=VDD3V3 Pin=U4-9
Added Pin To Net: NetName=NetR40_2 Pin=U4-11
Added Pin To Net: NetName=NetR42_2 Pin=U4-13
Added Pin To Net: NetName=NetR35_2 Pin=U4-16
Added Pin To Net: NetName=NetR37_2 Pin=U4-18
Added Pin To Net: NetName=NetC29_2 Pin=U4-19
Added Pin To Net: NetName=ETH_TD_N Pin=U4-20
Added Pin To Net: NetName=ETH_TD_P Pin=U4-21
Added Pin To Net: NetName=ETH_RD_N Pin=U4-22
Added Pin To Net: NetName=ETH_RD_P Pin=U4-23
Added Pin To Net: NetName=GND Pin=U4-25
Added Pin To Net: NetName=GND Pin=U4-2
Added Pin To Net: NetName=GND Pin=U4-3
Added Pin To Net: NetName=IGND Pin=U4-5
Added Pin To Net: NetName=I5V Pin=U4-8
Change Net Name : Old Net Name=NetBOOT_1 New Net Name=NetBOOT1_1
Change Net Name : Old Net Name=NetBOOT_2 New Net Name=NetBOOT1_2
Change Net Name : Old Net Name=NetC41_2 New Net Name=NetC40_2
Change Net Name : Old Net Name=NetC46_1 New Net Name=NetC45_1
Change Net Name : Old Net Name=NetC46_2 New Net Name=NetC45_2
Change Net Name : Old Net Name=NetC50_1 New Net Name=NetC49_1
Change Net Name : Old Net Name=NetC50_2 New Net Name=NetC49_2
Change Net Name : Old Net Name=NetD3_3 New Net Name=NetD4_2
Change Net Name : Old Net Name=NetD5_1 New Net Name=NetD8_1
Change Net Name : Old Net Name=NetD6_3 New Net Name=NetD7_2
Change Net Name : Old Net Name=NetD9_1 New Net Name=NetD11_1
Change Net Name : Old Net Name=NetD10_1 New Net Name=NetD4_1
Change Net Name : Old Net Name=NetD11_1 New Net Name=NetD7_1
Change Net Name : Old Net Name=NetFoot_1 New Net Name=NetFoot1_1
Change Net Name : Old Net Name=NetL3_2 New Net Name=NetL1_2
Change Net Name : Old Net Name=NetLINK_2 New Net Name=NetLINK1_2
Change Net Name : Old Net Name=NetP4_1 New Net Name=NetP6_1
Change Net Name : Old Net Name=NetP4_3 New Net Name=NetP6_3
Change Net Name : Old Net Name=NetP4_5 New Net Name=NetP6_5
Change Net Name : Old Net Name=NetP4_7 New Net Name=NetP6_7
Change Net Name : Old Net Name=NetP5_1 New Net Name=NetP7_1
Change Net Name : Old Net Name=NetP5_3 New Net Name=NetP7_3
Change Net Name : Old Net Name=NetPWR_2 New Net Name=NetPWR1_2
Change Net Name : Old Net Name=NetQ2_2 New Net Name=NetQ4_2
Change Net Name : Old Net Name=NetQ3_1 New Net Name=NetQ5_1
Change Net Name : Old Net Name=NetQ5_1 New Net Name=NetQ8_1
Change Net Name : Old Net Name=NetQ5_2 New Net Name=NetQ8_2
Change Net Name : Old Net Name=NetQ6_1 New Net Name=NetQ9_1
Change Net Name : Old Net Name=NetQ8_1 New Net Name=NetQ12_1
Change Net Name : Old Net Name=NetQ8_2 New Net Name=NetQ12_2
Change Net Name : Old Net Name=NetQ9_1 New Net Name=NetQ13_1
Change Net Name : Old Net Name=NetQ11_1 New Net Name=NetQ15_1
Change Net Name : Old Net Name=NetQ11_2 New Net Name=NetQ15_2
Change Net Name : Old Net Name=NetQ12_1 New Net Name=NetQ16_1
Change Net Name : Old Net Name=NetQ16_1 New Net Name=NetQ2_1
Change Net Name : Old Net Name=NetQ17_1 New Net Name=NetQ3_1
Change Net Name : Old Net Name=NetR59_1 New Net Name=NetR104_1
Change Net Name : Old Net Name=NetR60_2 New Net Name=NetR105_2
Change Net Name : Old Net Name=NetR63_2 New Net Name=NetR108_2
Change Net Name : Old Net Name=NetR65_1 New Net Name=NetR110_1
Change Net Name : Old Net Name=NetR71_1 New Net Name=NetR61_1
Change Net Name : Old Net Name=NetR74_1 New Net Name=NetR70_1
Change Net Name : Old Net Name=NetR75_2 New Net Name=NetR76_2
Change Net Name : Old Net Name=NetR76_2 New Net Name=NetR77_2
Change Net Name : Old Net Name=NetR79_1 New Net Name=NetR81_1
Change Net Name : Old Net Name=NetR81_1 New Net Name=NetR83_1
Change Net Name : Old Net Name=NetR82_1 New Net Name=NetR84_1
Change Net Name : Old Net Name=NetR83_1 New Net Name=NetR85_1
Change Net Name : Old Net Name=NetR83_2 New Net Name=NetR85_2
Change Net Name : Old Net Name=NetR84_1 New Net Name=NetR86_1
Change Net Name : Old Net Name=NetR87_1 New Net Name=NetR88_1
Change Net Name : Old Net Name=NetR88_1 New Net Name=NetR89_1
Change Net Name : Old Net Name=NetR91_1 New Net Name=NetR54_1
Change Net Name : Old Net Name=NetR91_2 New Net Name=NetR54_2
Change Net Name : Old Net Name=NetR92_2 New Net Name=NetR55_2
Change Net Name : Old Net Name=NetR93_2 New Net Name=NetR56_2
Change Net Name : Old Net Name=NetR95_2 New Net Name=NetR60_2
Change Net Name : Old Net Name=NetR96_1 New Net Name=NetR62_1
Change Net Name : Old Net Name=NetR98_2 New Net Name=NetR64_2
Change Net Name : Old Net Name=NetR99_1 New Net Name=NetR66_1
Change Net Name : Old Net Name=NetR99_2 New Net Name=NetR66_2
Change Net Name : Old Net Name=NetR100_2 New Net Name=NetR67_2
Change Net Name : Old Net Name=NetR101_1 New Net Name=NetR68_1
Change Net Name : Old Net Name=NetR107_1 New Net Name=NetR92_1
Change Net Name : Old Net Name=NetR108_1 New Net Name=NetR93_1
Change Net Name : Old Net Name=NetR116_1 New Net Name=NetR121_1
Change Net Name : Old Net Name=NetR119_1 New Net Name=NetR74_1
Change Net Name : Old Net Name=NetR122_1 New Net Name=NetR123_1
Change Net Name : Old Net Name=NetR125_1 New Net Name=NetR126_1
Change Net Name : Old Net Name=NetR126_1 New Net Name=NetR127_1
Change Net Name : Old Net Name=NetR127_1 New Net Name=NetR128_1
Change Net Name : Old Net Name=NetR128_1 New Net Name=NetR129_1
Change Net Name : Old Net Name=NetR128_2 New Net Name=NetR129_2
Change Net Name : Old Net Name=NetR129_2 New Net Name=NetR1_2
Change Net Name : Old Net Name=NetU28_3 New Net Name=NetU5_3
Change Net Name : Old Net Name=NetU29_3 New Net Name=NetU7_3
Added Pin To Net: NetName=NetC11_2 Pin=C11-2
Added Pin To Net: NetName=NetC11_2 Pin=C12-2
Added Pin To Net: NetName=NetC11_2 Pin=L2-2
Added Pin To Net: NetName=NetC11_2 Pin=R9-2
Added Net: Name=NetC11_2
Added Pin To Net: NetName=NetC14_2 Pin=C14-2
Added Pin To Net: NetName=NetC14_2 Pin=C15-2
Added Pin To Net: NetName=NetC14_2 Pin=U2-49
Added Pin To Net: NetName=NetC14_2 Pin=U2-73
Added Net: Name=NetC14_2
Added Pin To Net: NetName=NetC17_2 Pin=C17-2
Added Pin To Net: NetName=NetC17_2 Pin=R10-2
Added Pin To Net: NetName=NetC17_2 Pin=Y1-1
Added Net: Name=NetC17_2
Added Pin To Net: NetName=NetC18_2 Pin=C18-2
Added Pin To Net: NetName=NetC18_2 Pin=U2-13
Added Pin To Net: NetName=NetC18_2 Pin=Y1-2
Added Net: Name=NetC18_2
Added Pin To Net: NetName=NetC20_1 Pin=C20-1
Added Pin To Net: NetName=NetC20_1 Pin=D2-1
Added Pin To Net: NetName=NetC20_1 Pin=P3-1
Added Pin To Net: NetName=NetC20_1 Pin=R19-1
Added Pin To Net: NetName=NetC20_1 Pin=R25-2
Added Pin To Net: NetName=NetC20_1 Pin=U3-6
Added Net: Name=NetC20_1
Added Pin To Net: NetName=NetC31_2 Pin=C31-2
Added Pin To Net: NetName=NetC31_2 Pin=CN1-8
Added Net: Name=NetC31_2
Added Pin To Net: NetName=NetC35_2 Pin=C35-2
Added Pin To Net: NetName=NetC35_2 Pin=R48-1
Added Pin To Net: NetName=NetC35_2 Pin=R51-1
Added Pin To Net: NetName=NetC35_2 Pin=X1-1
Added Net: Name=NetC35_2
Added Pin To Net: NetName=NetC36_2 Pin=C36-2
Added Pin To Net: NetName=NetC36_2 Pin=R49-1
Added Pin To Net: NetName=NetC36_2 Pin=R51-2
Added Pin To Net: NetName=NetC36_2 Pin=X1-2
Added Net: Name=NetC36_2
Added Pin To Net: NetName=NetD3_1 Pin=D3-1
Added Pin To Net: NetName=NetD3_1 Pin=R20-1
Added Net: Name=NetD3_1
Added Pin To Net: NetName=NetD3_2 Pin=D3-2
Added Pin To Net: NetName=NetD3_2 Pin=R22-1
Added Pin To Net: NetName=NetD3_2 Pin=R24-2
Added Pin To Net: NetName=NetD3_2 Pin=U3-5
Added Net: Name=NetD3_2
Added Pin To Net: NetName=NetP3_4 Pin=P3-4
Added Pin To Net: NetName=NetP3_4 Pin=R28-2
Added Net: Name=NetP3_4
Added Pin To Net: NetName=NetQ4_1 Pin=Q4-1
Added Pin To Net: NetName=NetQ4_1 Pin=Q7-1
Added Pin To Net: NetName=NetQ4_1 Pin=R47-2
Added Net: Name=NetQ4_1
Added Pin To Net: NetName=NetR6_2 Pin=R6-2
Added Pin To Net: NetName=NetR6_2 Pin=U2-37
Added Net: Name=NetR6_2
Added Pin To Net: NetName=NetR7_1 Pin=R7-1
Added Pin To Net: NetName=NetR7_1 Pin=U2-94
Added Net: Name=NetR7_1
Added Pin To Net: NetName=NetR10_1 Pin=R10-1
Added Pin To Net: NetName=NetR10_1 Pin=U2-12
Added Net: Name=NetR10_1
Added Pin To Net: NetName=NetR21_1 Pin=R21-1
Added Pin To Net: NetName=NetR21_1 Pin=R23-2
Added Pin To Net: NetName=NetR21_1 Pin=U3-4
Added Net: Name=NetR21_1
Added Pin To Net: NetName=NetR29_1 Pin=R29-1
Added Pin To Net: NetName=NetR29_1 Pin=R41-2
Added Pin To Net: NetName=NetR29_1 Pin=U4-12
Added Net: Name=NetR29_1
Added Pin To Net: NetName=NetR30_1 Pin=R30-1
Added Pin To Net: NetName=NetR30_1 Pin=R43-2
Added Pin To Net: NetName=NetR30_1 Pin=U4-14
Added Net: Name=NetR30_1
Added Pin To Net: NetName=NetR36_2 Pin=R36-2
Added Pin To Net: NetName=NetR36_2 Pin=U4-17
Added Net: Name=NetR36_2
Added Pin To Net: NetName=NetR38_2 Pin=R38-2
Added Pin To Net: NetName=NetR38_2 Pin=U4-7
Added Net: Name=NetR38_2
Added Pin To Net: NetName=NetR39_2 Pin=R39-2
Added Pin To Net: NetName=NetR39_2 Pin=U4-8
Added Net: Name=NetR39_2
Added Pin To Net: NetName=NetR44_2 Pin=R44-2
Added Pin To Net: NetName=NetR44_2 Pin=U4-15
Added Net: Name=NetR44_2
Added Pin To Net: NetName=NetR47_2 Pin=R47-2
Added Pin To Net: NetName=NetR47_2 Pin=U4-24
Added Net: Name=NetR47_2
Added Pin To Net: NetName=NetR49_2 Pin=R49-2
Added Pin To Net: NetName=NetR49_2 Pin=U4-5
Added Net: Name=NetR49_2
Added Pin To Net: NetName=NetR94_1 Pin=R45-1
Added Pin To Net: NetName=NetR94_1 Pin=R47-1
Added Pin To Net: NetName=NetR94_1 Pin=U4-7
Added Net: Name=NetR94_1
Added Pin To Net: NetName=NetR95_2 Pin=R46-2
Added Pin To Net: NetName=NetR95_2 Pin=U4-1
Added Net: Name=NetR95_2
Added Pin To Net: NetName=NetR98_2 Pin=R98-2
Added Pin To Net: NetName=NetR98_2 Pin=U4-4
Added Net: Name=NetR98_2
Added Pin To Net: NetName=NetR100_1 Pin=R100-1
Added Pin To Net: NetName=NetR100_1 Pin=R101-1
Added Pin To Net: NetName=NetR100_1 Pin=U4-6
Added Net: Name=NetR100_1
Added Member To Class: ClassName=MCU Member=Component C17 ChipCap
Added Member To Class: ClassName=MCU Member=Component C18 ChipCap
Added Member To Class: ClassName=USB OTG Member=Component C20 Cap Pol3
Added Member To Class: ClassName=Ethernet Member=Component C34 ChipCap
Added Member To Class: ClassName=Ethernet Member=Component C35 ChipCap
Added Member To Class: ClassName=Ethernet Member=Component C36 ChipCap
Added Member To Class: ClassName=USB OTG Member=Component D3 LED2
Added Member To Class: ClassName=MCU Member=Component L2 Inductance
Added Member To Class: ClassName=Ethernet Member=Component L3 Inductance
Added Member To Class: ClassName=USB OTG Member=Component P3 mini-USB
Added Member To Class: ClassName=Peltier Member=Component Q17 BC857
Added Member To Class: ClassName=MCU Member=Component R11 ChipRes
Added Member To Class: ClassName=USB OTG Member=Component R22 ChipRes
Added Member To Class: ClassName=USB OTG Member=Component R23 ChipRes
Added Member To Class: ClassName=USB OTG Member=Component R24 ChipRes
Added Member To Class: ClassName=USB OTG Member=Component R25 ChipRes
Added Member To Class: ClassName=USB OTG Member=Component R26 ChipRes
Added Member To Class: ClassName=USB OTG Member=Component R27 ChipRes
Added Member To Class: ClassName=USB OTG Member=Component R28 ChipRes
Added Member To Class: ClassName=Ethernet Member=Component R45 ChipRes
Added Member To Class: ClassName=Ethernet Member=Component R46 ChipRes
Added Member To Class: ClassName=Ethernet Member=Component R47 ChipRes
Added Member To Class: ClassName=Ethernet Member=Component R48 ChipRes
Added Member To Class: ClassName=Ethernet Member=Component R49 ChipRes
Added Member To Class: ClassName=Ethernet Member=Component R50 ChipRes
Added Member To Class: ClassName=Ethernet Member=Component R51 ChipRes
Added Member To Class: ClassName=LaserInterface Member=Component R86 ChipRes
Added Member To Class: ClassName=LaserInterface Member=Component R89 ChipRes
Added Member To Class: ClassName=MCU Member=Component U2 STM32F407
Added Member To Class: ClassName=USB OTG Member=Component U3 STMPS2141
Added Member To Class: ClassName=Ethernet Member=Component U4 LAN8720
Added Member To Class: ClassName=LaserInterface Member=Component U17 HCPL0631
Added Member To Class: ClassName=LaserInterface Member=Component U18 LM358AD
Added Member To Class: ClassName=AnalogPowerNet Member=Wire NetC9_2
Added Member To Class: ClassName=PowerNet Member=Wire NetC14_2
Added Member To Class: ClassName=PowerNet Member=Wire NetC20_1
