Removed Pin From Net: NetName=GND Pin=C34-1
Removed Pin From Net: NetName=GND Pin=C35-1
Removed Pin From Net: NetName=GND Pin=C38-1
Removed Pin From Net: NetName=GND Pin=C39-1
Removed Pin From Net: NetName=AVCC5V Pin=C44-1
Removed Pin From Net: NetName=GND Pin=C44-2
Removed Pin From Net: NetName=AVCC5V Pin=C45-1
Removed Pin From Net: NetName=GND Pin=C45-2
Removed Pin From Net: NetName=AVCC5V Pin=C46-2
Removed Pin From Net: NetName=AVCC5V Pin=C56_2-1
Removed Pin From Net: NetName=AVCC5V Pin=C56_3-1
Removed Pin From Net: NetName=AVCC5V Pin=C56_StepDirDriver1-1
Removed Pin From Net: NetName=MOTOR_STP1 Pin=R52_StepDirDriver1-1
Removed Pin From Net: NetName=MOTOR_STP2 Pin=R52_StepDirDriver2-1
Removed Pin From Net: NetName=MOTOR_STP3 Pin=R52_StepDirDriver3-1
Removed Pin From Net: NetName=LSCAN_LATCH Pin=R56-1
Removed Pin From Net: NetName=SPI1_MOSI Pin=R58-1
Removed Pin From Net: NetName=SPI2_MOSI Pin=R59-1
Removed Pin From Net: NetName=AVCC Pin=R61-1
Removed Pin From Net: NetName=AVCC5V Pin=R62-2
Removed Pin From Net: NetName=MOTORS_EN Pin=R63-1
Removed Pin From Net: NetName=GND Pin=U4_OutputPort1-2
Removed Pin From Net: NetName=GND Pin=U4_OutputPort2-2
Removed Pin From Net: NetName=GND Pin=U4_OutputPort3-2
Removed Pin From Net: NetName=GND Pin=U4_OutputPort4-2
Removed Pin From Net: NetName=GND Pin=U4_OutputPort5-2
Removed Pin From Net: NetName=GND Pin=U4_OutputPort6-2
Removed Pin From Net: NetName=GND Pin=U4_OutputPort7-2
Removed Pin From Net: NetName=GND Pin=U4_OutputPort8-2
Removed Pin From Net: NetName=GND Pin=U5-2
Removed Pin From Net: NetName=GND Pin=U6-2
Removed Pin From Net: NetName=AVCC5V Pin=U10-16
Removed Pin From Net: NetName=GND Pin=U11_InputPort1-3
Removed Pin From Net: NetName=GND Pin=U11_InputPort2-3
Removed Pin From Net: NetName=GND Pin=U11_InputPort3-3
Removed Pin From Net: NetName=GND Pin=U11_InputPort4-3
Removed Pin From Net: NetName=GND Pin=U11_InputPort5-3
Removed Pin From Net: NetName=GND Pin=U11_InputPort6-3
Removed Pin From Net: NetName=GND Pin=U11_InputPort7-3
Removed Pin From Net: NetName=GND Pin=U11_InputPort8-3
Removed Pin From Net: NetName=GND Pin=U12-2
Removed Pin From Net: NetName=GND Pin=U12-3
Removed Pin From Net: NetName=AVCC5V Pin=U12-8
Removed Pin From Net: NetName=GND Pin=U14-2
Removed Pin From Net: NetName=GND Pin=U14-3
Removed Pin From Net: NetName=AVCC5V Pin=U14-8
Removed Pin From Net: NetName=GND Pin=U15_StepDirDriver1-2
Removed Pin From Net: NetName=GND Pin=U15_StepDirDriver1-3
Removed Pin From Net: NetName=AVCC5V Pin=U15_StepDirDriver1-8
Removed Pin From Net: NetName=GND Pin=U15_StepDirDriver2-2
Removed Pin From Net: NetName=GND Pin=U15_StepDirDriver2-3
Removed Pin From Net: NetName=AVCC5V Pin=U15_StepDirDriver2-8
Removed Pin From Net: NetName=GND Pin=U15_StepDirDriver3-2
Removed Pin From Net: NetName=GND Pin=U15_StepDirDriver3-3
Removed Pin From Net: NetName=AVCC5V Pin=U15_StepDirDriver3-8
Removed Pin From Net: NetName=GND Pin=U16-2
Added Pin To Net: NetName=MOTOR_DIR1 Pin=U1-81
Added Net: Name=MOTOR_DIR1
Added Pin To Net: NetName=MOTOR_DIR2 Pin=U1-82
Added Net: Name=MOTOR_DIR2
Added Pin To Net: NetName=MOTOR_DIR3 Pin=U1-83
Added Net: Name=MOTOR_DIR3
Added Pin To Net: NetName=PORTE0 Pin=U1-97
Added Net: Name=PORTE0
Added Pin To Net: NetName=PORTE1 Pin=U1-98
Added Net: Name=PORTE1
Added Pin To Net: NetName=PORTE2 Pin=U1-1
Added Net: Name=PORTE2
Added Pin To Net: NetName=PORTE3 Pin=U1-2
Added Net: Name=PORTE3
Added Pin To Net: NetName=PORTE4 Pin=U1-3
Added Net: Name=PORTE4
Added Pin To Net: NetName=PORTE5 Pin=U1-4
Added Net: Name=PORTE5
Added Pin To Net: NetName=PORTE6 Pin=U1-5
Added Net: Name=PORTE6
Added Pin To Net: NetName=PORTE7 Pin=U1-38
Added Net: Name=PORTE7
Added Pin To Net: NetName=PORTE8 Pin=U1-39
Added Net: Name=PORTE8
Added Pin To Net: NetName=PORTE9 Pin=U1-40
Added Net: Name=PORTE9
Added Pin To Net: NetName=PORTE10 Pin=U1-41
Added Net: Name=PORTE10
Added Pin To Net: NetName=PORTE11 Pin=U1-42
Added Net: Name=PORTE11
Added Pin To Net: NetName=PORTE12 Pin=U1-43
Added Net: Name=PORTE12
Added Pin To Net: NetName=PORTE13 Pin=U1-44
Added Net: Name=PORTE13
Added Pin To Net: NetName=PORTE14 Pin=U1-45
Added Net: Name=PORTE14
Added Pin To Net: NetName=PORTE15 Pin=U1-46
Added Net: Name=PORTE15
Added Class: Name=MOTOR_DIR[1..3]
Added Class: Name=PORTE[0..15]
