Removed Pin From Net: NetName=DWIN_TX Pin=D10-1
Removed Pin From Net: NetName=DWIN_TX Pin=D11-1
Removed Pin From Net: NetName=DWIN_RX Pin=D13-3
Removed Pin From Net: NetName=DWIN_RX Pin=D15-3
Removed Pin From Net: NetName=DWIN_RX Pin=D16-2
Removed Pin From Net: NetName=DWIN_RX Pin=D17-2
Removed Pin From Net: NetName=DWIN_RX Pin=P14-6
Removed Pin From Net: NetName=DWIN_RX Pin=P15-5
Removed Pin From Net: NetName=DWIN_RX Pin=P15-6
Removed Pin From Net: NetName=DWIN_TX Pin=U1-96
Removed Pin From Net: NetName=USART1_CTS Pin=U17-9
Removed Pin From Net: NetName=USART1_RTS Pin=U17-10
Added Pin To Net: NetName=DWIN_TX Pin=U1-101
Added Pin To Net: NetName=USART3_TX Pin=U17-6
Added Pin To Net: NetName=USART3_RX Pin=U17-8
Added Pin To Net: NetName=USART3_CTS Pin=U17-9
Added Pin To Net: NetName=USART3_RTS Pin=U17-10
Change Net Name : Old Net Name=DWIN_RX New Net Name=USART6_RX
Added Pin To Net: NetName=DWIN_RX Pin=D13-3
Added Pin To Net: NetName=DWIN_RX Pin=D15-3
Added Pin To Net: NetName=DWIN_RX Pin=D16-2
Added Pin To Net: NetName=DWIN_RX Pin=D17-2
Added Pin To Net: NetName=DWIN_RX Pin=P14-6
Added Pin To Net: NetName=DWIN_RX Pin=P15-5
Added Pin To Net: NetName=DWIN_RX Pin=P15-6
Added Pin To Net: NetName=DWIN_RX Pin=U1-102
Added Net: Name=DWIN_RX
Added Pin To Net: NetName=USART6_TX Pin=D10-1
Added Pin To Net: NetName=USART6_TX Pin=D11-1
Added Pin To Net: NetName=USART6_TX Pin=U1-96
Added Net: Name=USART6_TX
