Removed Pin From Net: NetName=SPI2_MOSI Pin=U3-3
Removed Pin From Net: NetName=DAC_MOSI Pin=U3-4
Removed Pin From Net: NetName=NetR63_1 Pin=U3-5
Removed Pin From Net: NetName=SPI2_MISO Pin=U3-6
Removed Pin From Net: NetName=NetR25_1 Pin=U3-8
Removed Pin From Net: NetName=FAN_PWM1 Pin=U3-9
Removed Pin From Net: NetName=NetR20_1 Pin=U3-10
Removed Pin From Net: NetName=PELTIER Pin=U3-11
Removed Pin From Net: NetName=NetR10_1 Pin=U3-12
Removed Pin From Net: NetName=COOL_PWM Pin=U3-13
Added Component: Designator=C7(CAP0805)
Added Component: Designator=C8(CAP0805)
Added Component: Designator=C9(CAP0805)
Added Component: Designator=C11(CAP0805)
Added Component: Designator=C12(CAPPR5-10x17_1)
Added Component: Designator=D9(SMB1)
Added Component: Designator=D10(SMB1)
Added Component: Designator=L2(Inductor)
Added Component: Designator=L3(Inductor)
Added Component: Designator=P5(Socket 2x5.08)
Added Component: Designator=Q4(SOT-223_N)
Added Component: Designator=Q9(SOT-223_N)
Added Component: Designator=Q11(SOT-223_N)
Added Component: Designator=Q17(SOT-223_N)
Added Component: Designator=R4(RES0805)
Added Component: Designator=R7(RES0805)
Added Component: Designator=R19(RES0805)
Added Component: Designator=R26(RES0805)
Added Component: Designator=U10(SOIC8)
Added Component: Designator=U12(SOIC8)
Added Pin To Net: NetName=GND Pin=C7-1
Added Pin To Net: NetName=GND Pin=C9-1
Added Pin To Net: NetName=GND Pin=C9-2
Added Pin To Net: NetName=GND Pin=Q11-3
Added Pin To Net: NetName=GND Pin=Q17-3
Added Pin To Net: NetName=FAN_PWM1 Pin=U3-3
Added Pin To Net: NetName=NetR25_1 Pin=U3-4
Added Pin To Net: NetName=PELTIER Pin=U3-5
Added Pin To Net: NetName=NetR20_1 Pin=U3-6
Added Pin To Net: NetName=NetR10_1 Pin=U3-8
Added Pin To Net: NetName=COOL_PWM Pin=U3-9
Added Pin To Net: NetName=SPI2_MISO Pin=U3-10
Added Pin To Net: NetName=NetR63_1 Pin=U3-11
Added Pin To Net: NetName=DAC_MOSI Pin=U3-12
Added Pin To Net: NetName=SPI2_MOSI Pin=U3-13
Added Pin To Net: NetName=GND Pin=U10-4
Added Pin To Net: NetName=GND Pin=U12-4
Added Pin To Net: NetName=+12VDC Pin=C7-2
Added Pin To Net: NetName=+12VDC Pin=D9-1
Added Pin To Net: NetName=+12VDC Pin=D10-1
Added Pin To Net: NetName=+12VDC Pin=U10-1
Added Pin To Net: NetName=+12VDC Pin=U12-1
Added Net: Name=+12VDC
Added Pin To Net: NetName=NetC8_1 Pin=C8-1
Added Pin To Net: NetName=NetC8_1 Pin=D9-2
Added Pin To Net: NetName=NetC8_1 Pin=U10-8
Added Net: Name=NetC8_1
Added Pin To Net: NetName=NetC11_1 Pin=C11-1
Added Pin To Net: NetName=NetC11_1 Pin=D10-2
Added Pin To Net: NetName=NetC11_1 Pin=U12-8
Added Net: Name=NetC11_1
Added Pin To Net: NetName=NetC12_1 Pin=C12-1
Added Pin To Net: NetName=NetC12_1 Pin=L2-2
Added Pin To Net: NetName=NetC12_1 Pin=P5-1
Added Net: Name=NetC12_1
Added Pin To Net: NetName=NetC12_2 Pin=C12-2
Added Pin To Net: NetName=NetC12_2 Pin=L3-2
Added Pin To Net: NetName=NetC12_2 Pin=P5-2
Added Net: Name=NetC12_2
Added Pin To Net: NetName=NetQ4_1 Pin=Q4-1
Added Pin To Net: NetName=NetQ4_1 Pin=R7-1
Added Net: Name=NetQ4_1
Added Pin To Net: NetName=NetQ9_1 Pin=Q9-1
Added Pin To Net: NetName=NetQ9_1 Pin=R4-2
Added Net: Name=NetQ9_1
Added Pin To Net: NetName=NetQ11_1 Pin=Q11-1
Added Pin To Net: NetName=NetQ11_1 Pin=R26-1
Added Net: Name=NetQ11_1
Added Pin To Net: NetName=NetQ17_1 Pin=Q17-1
Added Pin To Net: NetName=NetQ17_1 Pin=R19-2
Added Net: Name=NetQ17_1
Added Pin To Net: NetName=NetR4_1 Pin=R4-1
Added Pin To Net: NetName=NetR4_1 Pin=U10-7
Added Net: Name=NetR4_1
Added Pin To Net: NetName=NetR7_2 Pin=R7-2
Added Pin To Net: NetName=NetR7_2 Pin=U12-7
Added Net: Name=NetR7_2
Added Pin To Net: NetName=NetR19_1 Pin=R19-1
Added Pin To Net: NetName=NetR19_1 Pin=U10-5
Added Net: Name=NetR19_1
Added Pin To Net: NetName=NetR26_2 Pin=R26-2
Added Pin To Net: NetName=NetR26_2 Pin=U12-5
Added Net: Name=NetR26_2
Added Pin To Net: NetName=NetU10_2 Pin=U10-2
Added Net: Name=NetU10_2
Added Pin To Net: NetName=NetU10_3 Pin=U10-3
Added Net: Name=NetU10_3
Added Pin To Net: NetName=NetU12_2 Pin=U12-2
Added Net: Name=NetU12_2
Added Pin To Net: NetName=NetU12_3 Pin=U12-3
Added Net: Name=NetU12_3
Added Pin To Net: NetName=SPK_OUT1 Pin=C8-2
Added Pin To Net: NetName=SPK_OUT1 Pin=L2-1
Added Pin To Net: NetName=SPK_OUT1 Pin=Q9-3
Added Pin To Net: NetName=SPK_OUT1 Pin=Q17-2
Added Pin To Net: NetName=SPK_OUT1 Pin=Q17-4
Added Pin To Net: NetName=SPK_OUT1 Pin=U10-6
Added Net: Name=SPK_OUT1
Added Pin To Net: NetName=SPK_OUT2 Pin=C11-2
Added Pin To Net: NetName=SPK_OUT2 Pin=L3-1
Added Pin To Net: NetName=SPK_OUT2 Pin=Q4-3
Added Pin To Net: NetName=SPK_OUT2 Pin=Q11-2
Added Pin To Net: NetName=SPK_OUT2 Pin=Q11-4
Added Pin To Net: NetName=SPK_OUT2 Pin=U12-6
Added Net: Name=SPK_OUT2
Added Pin To Net: NetName=VDC Pin=Q4-2
Added Pin To Net: NetName=VDC Pin=Q4-4
Added Pin To Net: NetName=VDC Pin=Q9-2
Added Pin To Net: NetName=VDC Pin=Q9-4
Added Net: Name=VDC
Added Class: Name=Audio
Added Room: Name=Audio
