Added Component: Designator=D24(DO-41)
Added Component: Designator=K4(G5LA)
Added Component: Designator=LED11(LED 0603)
Added Component: Designator=P21(Socket 3x5.08)
Added Component: Designator=Q28(SOT23)
Added Component: Designator=Q29(SOT23)
Added Component: Designator=R158(RES0805)
Added Component: Designator=R159(RES0805)
Added Component: Designator=R160(RES0805)
Added Component: Designator=R161(RES0805)
Added Component: Designator=U37(DIP-4)
Added Pin To Net: NetName=12V Pin=D24-2
Added Pin To Net: NetName=12V Pin=K4-5
Added Pin To Net: NetName=IGND Pin=LED11-1
Added Pin To Net: NetName=IGND Pin=Q29-2
Added Pin To Net: NetName=I5V Pin=R158-2
Added Pin To Net: NetName=I5V Pin=R160-2
Added Pin To Net: NetName=GND Pin=U37-2
Added Pin To Net: NetName=NetD24_1 Pin=D24-1
Added Pin To Net: NetName=NetD24_1 Pin=K4-2
Added Pin To Net: NetName=NetD24_1 Pin=Q29-3
Added Net: Name=NetD24_1
Added Pin To Net: NetName=NetK4_1 Pin=K4-1
Added Pin To Net: NetName=NetK4_1 Pin=P21-2
Added Net: Name=NetK4_1
Added Pin To Net: NetName=NetK4_3 Pin=K4-3
Added Pin To Net: NetName=NetK4_3 Pin=P21-1
Added Net: Name=NetK4_3
Added Pin To Net: NetName=NetK4_4 Pin=K4-4
Added Pin To Net: NetName=NetK4_4 Pin=P21-3
Added Net: Name=NetK4_4
Added Pin To Net: NetName=NetLED11_2 Pin=LED11-2
Added Pin To Net: NetName=NetLED11_2 Pin=Q28-2
Added Net: Name=NetLED11_2
Added Pin To Net: NetName=NetQ28_1 Pin=Q28-1
Added Pin To Net: NetName=NetQ28_1 Pin=R159-2
Added Net: Name=NetQ28_1
Added Pin To Net: NetName=NetQ28_3 Pin=Q28-3
Added Pin To Net: NetName=NetQ28_3 Pin=R158-1
Added Net: Name=NetQ28_3
Added Pin To Net: NetName=NetQ29_1 Pin=Q29-1
Added Pin To Net: NetName=NetQ29_1 Pin=R159-1
Added Pin To Net: NetName=NetQ29_1 Pin=U37-3
Added Net: Name=NetQ29_1
Added Pin To Net: NetName=NetR160_1 Pin=R160-1
Added Pin To Net: NetName=NetR160_1 Pin=U37-4
Added Net: Name=NetR160_1
Added Pin To Net: NetName=NetR161_1 Pin=R161-1
Added Pin To Net: NetName=NetR161_1 Pin=U37-1
Added Net: Name=NetR161_1
Added Pin To Net: NetName=NetR161_2 Pin=R161-2
Added Net: Name=NetR161_2
Added Member To Class: ClassName=MISC Member=Component D24 Diode 1N4007
Added Member To Class: ClassName=MISC Member=Component K4 Relay 1 pole
Added Member To Class: ClassName=MISC Member=Component LED11 LED 0603
Added Member To Class: ClassName=MISC Member=Component P21 Terminal Block 3x5.08mm
Added Member To Class: ClassName=MISC Member=Component Q28 BC847
Added Member To Class: ClassName=MISC Member=Component Q29 BC847
Added Member To Class: ClassName=MISC Member=Component R158 ChipRes
Added Member To Class: ClassName=MISC Member=Component R159 ChipRes
Added Member To Class: ClassName=MISC Member=Component R160 ChipRes
Added Member To Class: ClassName=MISC Member=Component R161 ChipRes
Added Member To Class: ClassName=MISC Member=Component U37 Optoisolator1
