Removed Pin From Net: NetName=DWIN_TX Pin=D16-1
Removed Pin From Net: NetName=DWIN_RX Pin=D16-2
Removed Pin From Net: NetName=+5V Pin=P14-1
Removed Pin From Net: NetName=+5V Pin=P14-2
Removed Pin From Net: NetName=+5V Pin=P14-3
Removed Pin From Net: NetName=DWIN_TX Pin=P14-5
Removed Pin From Net: NetName=DWIN_RX Pin=P14-6
Removed Pin From Net: NetName=GND Pin=P14-8
Removed Pin From Net: NetName=GND Pin=P14-9
Removed Pin From Net: NetName=GND Pin=P14-10
Removed Pin From Net: NetName=DWIN_TX Pin=P15-4
Removed Pin From Net: NetName=DWIN_RX Pin=P15-5
Removed Pin From Net: NetName=DWIN_RX Pin=P15-6
Removed Member From Class: ClassName=MISC Member=P14
Change Component Footprint: Designator=P15 Old Footprint=MOLEX Header 8 2mm Pitch New Footprint=CONNFFCFPC10PIN0_5
Added Component: Designator=P?(CONNFFCFPC10PIN0_5)
Added Pin To Net: NetName=DWIN_RX Pin=D16-1
Added Pin To Net: NetName=DWIN_TX Pin=D16-2
Added Pin To Net: NetName=DWIN_RX Pin=P15-4
Added Pin To Net: NetName=DWIN_TX Pin=P15-5
Added Pin To Net: NetName=DWIN_TX Pin=P15-6
Added Pin To Net: NetName=+5V Pin=P?-1
Added Pin To Net: NetName=+5V Pin=P?-2
Added Pin To Net: NetName=+5V Pin=P?-3
Added Pin To Net: NetName=DWIN_RX Pin=P?-5
Added Pin To Net: NetName=DWIN_TX Pin=P?-6
Added Pin To Net: NetName=GND Pin=P?-8
Added Pin To Net: NetName=GND Pin=P?-9
Added Pin To Net: NetName=GND Pin=P?-10
Change Net Name : Old Net Name=DWIN_RX New Net Name=DWIN_TX
Change Net Name : Old Net Name=DWIN_TX New Net Name=DWIN_RX
Added Member To Class: ClassName=MISC Member=Component P? FPC_Socket
