Removed Pin From Net: NetName=NetC17_1 Pin=C17-1
Removed Pin From Net: NetName=GND Pin=C17-2
Removed Pin From Net: NetName=5V Pin=C52-2
Removed Pin From Net: NetName=GND Pin=C53-1
Removed Pin From Net: NetName=VCC Pin=C53-2
Removed Pin From Net: NetName=VCC Pin=L3-1
Removed Pin From Net: NetName=5V Pin=R129-1
Removed Pin From Net: NetName=5V Pin=U27-1
Removed Pin From Net: NetName=GND Pin=U27-2
Removed Pin From Net: NetName=VCC Pin=U27-4
Removed Member From Class: ClassName=USB OTG Member=C17
Removed Member From Class: ClassName=MCU Member=C53
Removed Member From Class: ClassName=MCU Member=L3
Removed Member From Class: ClassName=MCU Member=R129
Removed Member From Class: ClassName=MCU Member=U27
Removed Member From Class: ClassName=AnalogPowerNet Member=AVCC
Removed Member From Class: ClassName=Undefined Member=AVCC
Removed Member From Class: ClassName=AnalogPowerNet Member=NetC7_2
Removed Member From Class: ClassName=PowerNet Member=NetC12_2
Removed Member From Class: ClassName=PowerNet Member=NetC17_1
Removed Member From Class: ClassName=Undefined Member=VCC
Change Component DesignItemId : Designator=C17 Old DesignItemId=Cap Pol3 New DesignItemId=ChipCap
Change Component Footprint: Designator=C17 Old Footprint=2220 New Footprint=CAP0805
Change Component Footprint: Designator=C52 Old Footprint=CAP1210 New Footprint=CAP0805
Change Component Comment : Designator=C17 Old Comment=Cap Pol3 New Comment=ChipCap
Added Component: Designator=C1(CAP0805)
Added Component: Designator=C2(CAP0805)
Added Component: Designator=C3(CAP0805)
Added Component: Designator=C4(CAP0805)
Added Component: Designator=C5(CAP0805)
Added Component: Designator=C6(CAP0805)
Added Component: Designator=C7(CAP0805)
Added Component: Designator=C8(CAP0805)
Added Component: Designator=C9(CAP0805)
Added Component: Designator=C10(CAP0805)
Added Component: Designator=C11(CAP0805)
Added Component: Designator=C12(CAP0805)
Added Component: Designator=C13(CAP0805)
Added Component: Designator=C14(CAP0805)
Added Component: Designator=C15(CAP0805)
Added Component: Designator=C16(CAP1206)
Added Component: Designator=C39(CAP0805)
Added Component: Designator=C42(CAP0805)
Added Component: Designator=C43(2220)
Added Component: Designator=L1(CM45)
Added Component: Designator=LED12(LED 0603)
Added Component: Designator=LED13(PLCC-2)
Added Component: Designator=LED14(PLCC-2)
Added Component: Designator=LED15(PLCC-2)
Added Component: Designator=LED16(PLCC-2)
Added Component: Designator=Q32(SOT23)
Added Component: Designator=Q33(SOT23)
Added Component: Designator=Q34(SOT23)
Added Component: Designator=Q35(SOT23)
Added Component: Designator=R5(RES0805)
Added Component: Designator=R6(RES0805)
Added Component: Designator=R7(RES0805)
Added Component: Designator=R8(RES0805)
Added Component: Designator=R9(RES0805)
Added Component: Designator=R10(RES0805)
Added Component: Designator=R48(RES0805)
Added Component: Designator=R49(RES0805)
Added Component: Designator=R50(RES0805)
Added Component: Designator=R51(RES0805)
Added Component: Designator=R189(RES0805)
Added Component: Designator=R190(RES0805)
Added Component: Designator=R191(RES0805)
Added Component: Designator=U1(LQFP144)
Added Component: Designator=X1(BCY-W2/E4.7)
Added Pin To Net: NetName=VCC Pin=C1-1
Added Pin To Net: NetName=GND Pin=C1-2
Added Pin To Net: NetName=GND Pin=C2-1
Added Pin To Net: NetName=GND Pin=C3-1
Added Pin To Net: NetName=VCC Pin=C4-1
Added Pin To Net: NetName=GND Pin=C4-2
Added Pin To Net: NetName=VCC Pin=C5-1
Added Pin To Net: NetName=GND Pin=C5-2
Added Pin To Net: NetName=VCC Pin=C6-1
Added Pin To Net: NetName=GND Pin=C6-2
Added Pin To Net: NetName=VCC Pin=C7-1
Added Pin To Net: NetName=GND Pin=C7-2
Added Pin To Net: NetName=VCC Pin=C8-1
Added Pin To Net: NetName=GND Pin=C8-2
Added Pin To Net: NetName=GND Pin=C9-2
Added Pin To Net: NetName=GND Pin=C10-1
Added Pin To Net: NetName=VCC Pin=C11-1
Added Pin To Net: NetName=GND Pin=C11-2
Added Pin To Net: NetName=VCC Pin=C12-1
Added Pin To Net: NetName=GND Pin=C12-2
Added Pin To Net: NetName=VCC Pin=C13-1
Added Pin To Net: NetName=GND Pin=C13-2
Added Pin To Net: NetName=VCC Pin=C14-1
Added Pin To Net: NetName=GND Pin=C14-2
Added Pin To Net: NetName=VCC Pin=C15-1
Added Pin To Net: NetName=GND Pin=C15-2
Added Pin To Net: NetName=GND Pin=C16-1
Added Pin To Net: NetName=VCC Pin=C16-2
Added Pin To Net: NetName=GND Pin=C17-1
Added Pin To Net: NetName=VCC Pin=C17-2
Added Pin To Net: NetName=VCC Pin=C39-1
Added Pin To Net: NetName=GND Pin=C39-2
Added Pin To Net: NetName=GND Pin=C42-1
Added Pin To Net: NetName=NetC17_1 Pin=C43-1
Added Pin To Net: NetName=GND Pin=C43-2
Added Pin To Net: NetName=VCC Pin=C52-2
Added Pin To Net: NetName=DWIN_RX Pin=D3-3
Added Pin To Net: NetName=DWIN_RX Pin=D4-1
Added Pin To Net: NetName=DWIN_RX Pin=D6-3
Added Pin To Net: NetName=DWIN_RX Pin=D7-1
Added Pin To Net: NetName=DWIN_TX Pin=D10-1
Added Pin To Net: NetName=DWIN_RX Pin=D10-2
Added Pin To Net: NetName=DWIN_TX Pin=D11-1
Added Pin To Net: NetName=DWIN_RX Pin=D11-2
Added Pin To Net: NetName=LMP_SIMMER_SENSOR Pin=J1-3
Added Pin To Net: NetName=LMP_SIMMER_ENABLE Pin=J1-4
Added Pin To Net: NetName=LMP_DISCHARGE Pin=J1-5
Added Pin To Net: NetName=LMP_PULSE_OUT Pin=J1-6
Added Pin To Net: NetName=LMP_READY Pin=J1-7
Added Pin To Net: NetName=LMP_HV_INHIBIT Pin=J1-8
Added Pin To Net: NetName=GND Pin=J1-9
Added Pin To Net: NetName=GND Pin=J1-10
Added Pin To Net: NetName=GND Pin=J1-11
Added Pin To Net: NetName=LMP_HVON_SIG Pin=J1-12
Added Pin To Net: NetName=LMP_FAULT_SIG Pin=J1-13
Added Pin To Net: NetName=LMP_OVERVOLTAGE_SIG Pin=J1-14
Added Pin To Net: NetName=LMP_OVERTEMPERATURE_SIG Pin=J1-15
Added Pin To Net: NetName=VCC Pin=L1-1
Added Pin To Net: NetName=VCC Pin=LED12-2
Added Pin To Net: NetName=IGND Pin=LED13-1
Added Pin To Net: NetName=IGND Pin=LED14-1
Added Pin To Net: NetName=IGND Pin=LED15-1
Added Pin To Net: NetName=IGND Pin=LED16-1
Added Pin To Net: NetName=DWIN_RX Pin=P9-2
Added Pin To Net: NetName=DWIN_RX Pin=P11-2
Added Pin To Net: NetName=GND Pin=R5-1
Added Pin To Net: NetName=NetR5_2 Pin=R5-2
Added Pin To Net: NetName=NetR6_1 Pin=R6-1
Added Pin To Net: NetName=GND Pin=R8-1
Added Pin To Net: NetName=NetR9_1 Pin=R9-1
Added Pin To Net: NetName=VCC Pin=R10-1
Added Pin To Net: NetName=I5V Pin=R48-2
Added Pin To Net: NetName=LMP_FAULT_SIG Pin=R49-1
Added Pin To Net: NetName=I5V Pin=R50-2
Added Pin To Net: NetName=LMP_OVERVOLTAGE_SIG Pin=R51-1
Added Pin To Net: NetName=DWIN_RX Pin=R86-1
Added Pin To Net: NetName=DWIN_RX Pin=R121-1
Added Pin To Net: NetName=I5V Pin=R129-2
Added Pin To Net: NetName=LMP_OVERTEMPERATURE_SIG Pin=R189-1
Added Pin To Net: NetName=I5V Pin=R190-2
Added Pin To Net: NetName=LMP_HVON_SIG Pin=R191-1
Added Pin To Net: NetName=LD_PULSE Pin=U1-4
Added Pin To Net: NetName=LMP_PULSE Pin=U1-5
Added Pin To Net: NetName=VCC Pin=U1-6
Added Pin To Net: NetName=RELAY4 Pin=U1-14
Added Pin To Net: NetName=RELAY3 Pin=U1-15
Added Pin To Net: NetName=GND Pin=U1-16
Added Pin To Net: NetName=VCC Pin=U1-17
Added Pin To Net: NetName=NetR9_1 Pin=U1-23
Added Pin To Net: NetName=MDC Pin=U1-27
Added Pin To Net: NetName=SPI2_MISO Pin=U1-28
Added Pin To Net: NetName=DAC_MOSI Pin=U1-29
Added Pin To Net: NetName=VCC Pin=U1-30
Added Pin To Net: NetName=GND Pin=U1-31
Added Pin To Net: NetName=NetR6_1 Pin=U1-32
Added Pin To Net: NetName=RMII_REFCLK Pin=U1-35
Added Pin To Net: NetName=MDIO Pin=U1-36
Added Pin To Net: NetName=GND Pin=U1-38
Added Pin To Net: NetName=VCC Pin=U1-39
Added Pin To Net: NetName=PELTIER Pin=U1-41
Added Pin To Net: NetName=COOL_PWM Pin=U1-42
Added Pin To Net: NetName=RMII_CRS_DV Pin=U1-43
Added Pin To Net: NetName=RMII_RXD0 Pin=U1-44
Added Pin To Net: NetName=RMII_RXD1 Pin=U1-45
Added Pin To Net: NetName=FAN_PWM1 Pin=U1-46
Added Pin To Net: NetName=FAN_PWM2 Pin=U1-47
Added Pin To Net: NetName=RELAY2 Pin=U1-49
Added Pin To Net: NetName=RELAY1 Pin=U1-50
Added Pin To Net: NetName=GND Pin=U1-51
Added Pin To Net: NetName=VCC Pin=U1-52
Added Pin To Net: NetName=LAS_EN Pin=U1-53
Added Pin To Net: NetName=LAS_FLT Pin=U1-54
Added Pin To Net: NetName=DAC_CS Pin=U1-55
Added Pin To Net: NetName=IM_CSN Pin=U1-56
Added Pin To Net: NetName=VM_CSN Pin=U1-57
Added Pin To Net: NetName=GND Pin=U1-61
Added Pin To Net: NetName=VCC Pin=U1-62
Added Pin To Net: NetName=DAC_SCK Pin=U1-69
Added Pin To Net: NetName=VCC Pin=U1-72
Added Pin To Net: NetName=RMII_TXD0 Pin=U1-73
Added Pin To Net: NetName=GND Pin=U1-83
Added Pin To Net: NetName=VCC Pin=U1-84
Added Pin To Net: NetName=LMP_HVON Pin=U1-87
Added Pin To Net: NetName=LMP_OV Pin=U1-88
Added Pin To Net: NetName=LMP_OV Pin=U1-89
Added Pin To Net: NetName=LMP_FAULT Pin=U1-90
Added Pin To Net: NetName=LMP_HV_INH Pin=U1-91
Added Pin To Net: NetName=LMP_RDY Pin=U1-92
Added Pin To Net: NetName=LMP_DISCH Pin=U1-93
Added Pin To Net: NetName=GND Pin=U1-94
Added Pin To Net: NetName=VCC Pin=U1-95
Added Pin To Net: NetName=DWIN_TX Pin=U1-96
Added Pin To Net: NetName=SDIO_D0 Pin=U1-98
Added Pin To Net: NetName=SDIO_D1 Pin=U1-99
Added Pin To Net: NetName=GND Pin=U1-107
Added Pin To Net: NetName=VCC Pin=U1-108
Added Pin To Net: NetName=SDIO_D2 Pin=U1-111
Added Pin To Net: NetName=SDIO_D3 Pin=U1-112
Added Pin To Net: NetName=SDIO_CK Pin=U1-113
Added Pin To Net: NetName=SDIO_CMD Pin=U1-116
Added Pin To Net: NetName=USART2_CTS Pin=U1-117
Added Pin To Net: NetName=USART2_RTS Pin=U1-118
Added Pin To Net: NetName=GND Pin=U1-120
Added Pin To Net: NetName=VCC Pin=U1-121
Added Pin To Net: NetName=DWIN_RX Pin=U1-124
Added Pin To Net: NetName=LMP_SIMSEN Pin=U1-125
Added Pin To Net: NetName=RMII_TXEN Pin=U1-126
Added Pin To Net: NetName=LMP_SIMEN Pin=U1-127
Added Pin To Net: NetName=RMII_TXD1 Pin=U1-129
Added Pin To Net: NetName=GND Pin=U1-130
Added Pin To Net: NetName=VCC Pin=U1-131
Added Pin To Net: NetName=NetR5_2 Pin=U1-138
Added Pin To Net: NetName=VCC Pin=U1-144
Change Net Name : Old Net Name=NetC17_1 New Net Name=NetC43_1
Change Net Name : Old Net Name=TDI New Net Name=MCU_TDI
Change Net Name : Old Net Name=USB_ID New Net Name=NetD22_3
Change Net Name : Old Net Name=USB_OVC New Net Name=NetR17_1
Change Net Name : Old Net Name=USB_PWR New Net Name=NetR16_1
Added Pin To Net: NetName=ADC_PRESSURE Pin=U1-22
Added Net: Name=ADC_PRESSURE
Added Pin To Net: NetName=AVCCMCU Pin=L1-2
Added Pin To Net: NetName=AVCCMCU Pin=R6-2
Added Pin To Net: NetName=AVCCMCU Pin=U1-33
Added Net: Name=AVCCMCU
Added Pin To Net: NetName=FLOW1 Pin=R125-1
Added Pin To Net: NetName=FLOW1 Pin=R135-2
Added Pin To Net: NetName=FLOW1 Pin=U1-34
Added Pin To Net: NetName=FLOW1 Pin=U25-4
Added Net: Name=FLOW1
Added Pin To Net: NetName=FLOW2 Pin=R7-2
Added Pin To Net: NetName=FLOW2 Pin=R187-1
Added Pin To Net: NetName=FLOW2 Pin=U1-141
Added Pin To Net: NetName=FLOW2 Pin=U50-4
Added Net: Name=FLOW2
Added Pin To Net: NetName=FOOTSW1 Pin=R120-1
Added Pin To Net: NetName=FOOTSW1 Pin=U1-58
Added Pin To Net: NetName=FOOTSW1 Pin=U22-6
Added Net: Name=FOOTSW1
Added Pin To Net: NetName=FOOTSW2 Pin=U1-59
Added Net: Name=FOOTSW2
Added Pin To Net: NetName=GOUT1 Pin=R139-2
Added Pin To Net: NetName=GOUT1 Pin=U1-10
Added Net: Name=GOUT1
Added Pin To Net: NetName=GOUT2 Pin=R143-2
Added Pin To Net: NetName=GOUT2 Pin=U1-11
Added Net: Name=GOUT2
Added Pin To Net: NetName=GOUT3 Pin=R151-2
Added Pin To Net: NetName=GOUT3 Pin=U1-12
Added Net: Name=GOUT3
Added Pin To Net: NetName=GOUT4 Pin=R150-2
Added Pin To Net: NetName=GOUT4 Pin=U1-13
Added Net: Name=GOUT4
Added Pin To Net: NetName=ID0 Pin=R184-1
Added Pin To Net: NetName=ID0 Pin=U1-1
Added Pin To Net: NetName=ID0 Pin=U49-4
Added Net: Name=ID0
Added Pin To Net: NetName=ID1 Pin=R183-1
Added Pin To Net: NetName=ID1 Pin=U1-2
Added Pin To Net: NetName=ID1 Pin=U48-4
Added Net: Name=ID1
Added Pin To Net: NetName=LEDB Pin=U1-97
Added Net: Name=LEDB
Added Pin To Net: NetName=LEDG Pin=U1-37
Added Net: Name=LEDG
Added Pin To Net: NetName=LEDR Pin=R153-2
Added Pin To Net: NetName=LEDR Pin=U1-70
Added Net: Name=LEDR
Added Pin To Net: NetName=NetC2_2 Pin=C2-2
Added Pin To Net: NetName=NetC2_2 Pin=C3-2
Added Pin To Net: NetName=NetC2_2 Pin=U1-71
Added Pin To Net: NetName=NetC2_2 Pin=U1-106
Added Net: Name=NetC2_2
Added Pin To Net: NetName=NetC10_2 Pin=C10-2
Added Pin To Net: NetName=NetC10_2 Pin=R9-2
Added Pin To Net: NetName=NetC10_2 Pin=X1-1
Added Net: Name=NetC10_2
Added Pin To Net: NetName=NetC42_2 Pin=C42-2
Added Pin To Net: NetName=NetC42_2 Pin=U1-24
Added Pin To Net: NetName=NetC42_2 Pin=X1-2
Added Net: Name=NetC42_2
Added Pin To Net: NetName=NetJ1_1 Pin=J1-1
Added Pin To Net: NetName=NetJ1_1 Pin=K5-5
Added Net: Name=NetJ1_1
Added Pin To Net: NetName=NetJ1_2 Pin=J1-2
Added Pin To Net: NetName=NetJ1_2 Pin=K5-4
Added Net: Name=NetJ1_2
Added Pin To Net: NetName=NetLED12_1 Pin=LED12-1
Added Pin To Net: NetName=NetLED12_1 Pin=R7-1
Added Net: Name=NetLED12_1
Added Pin To Net: NetName=NetLED13_2 Pin=LED13-2
Added Pin To Net: NetName=NetLED13_2 Pin=Q32-3
Added Net: Name=NetLED13_2
Added Pin To Net: NetName=NetLED14_2 Pin=LED14-2
Added Pin To Net: NetName=NetLED14_2 Pin=Q33-3
Added Net: Name=NetLED14_2
Added Pin To Net: NetName=NetLED15_2 Pin=LED15-2
Added Pin To Net: NetName=NetLED15_2 Pin=Q34-3
Added Net: Name=NetLED15_2
Added Pin To Net: NetName=NetLED16_2 Pin=LED16-2
Added Pin To Net: NetName=NetLED16_2 Pin=Q35-3
Added Net: Name=NetLED16_2
Added Pin To Net: NetName=NetQ32_1 Pin=Q32-1
Added Pin To Net: NetName=NetQ32_1 Pin=R49-2
Added Net: Name=NetQ32_1
Added Pin To Net: NetName=NetQ32_2 Pin=Q32-2
Added Pin To Net: NetName=NetQ32_2 Pin=R48-1
Added Net: Name=NetQ32_2
Added Pin To Net: NetName=NetQ33_1 Pin=Q33-1
Added Pin To Net: NetName=NetQ33_1 Pin=R51-2
Added Net: Name=NetQ33_1
Added Pin To Net: NetName=NetQ33_2 Pin=Q33-2
Added Pin To Net: NetName=NetQ33_2 Pin=R50-1
Added Net: Name=NetQ33_2
Added Pin To Net: NetName=NetQ34_1 Pin=Q34-1
Added Pin To Net: NetName=NetQ34_1 Pin=R189-2
Added Net: Name=NetQ34_1
Added Pin To Net: NetName=NetQ34_2 Pin=Q34-2
Added Pin To Net: NetName=NetQ34_2 Pin=R129-1
Added Net: Name=NetQ34_2
Added Pin To Net: NetName=NetQ35_1 Pin=Q35-1
Added Pin To Net: NetName=NetQ35_1 Pin=R191-2
Added Net: Name=NetQ35_1
Added Pin To Net: NetName=NetQ35_2 Pin=Q35-2
Added Pin To Net: NetName=NetQ35_2 Pin=R190-1
Added Net: Name=NetQ35_2
Added Pin To Net: NetName=NetR8_2 Pin=R8-2
Added Pin To Net: NetName=NetR8_2 Pin=U1-143
Added Net: Name=NetR8_2
Added Pin To Net: NetName=NRESET Pin=C9-1
Added Pin To Net: NetName=NRESET Pin=P1-10
Added Pin To Net: NetName=NRESET Pin=R10-2
Added Pin To Net: NetName=NRESET Pin=U1-25
Added Net: Name=NRESET
Added Pin To Net: NetName=RST_ETH Pin=R37-1
Added Pin To Net: NetName=RST_ETH Pin=U1-48
Added Net: Name=RST_ETH
Added Pin To Net: NetName=TIM1_CH1 Pin=U1-60
Added Pin To Net: NetName=TIM1_CH1 Pin=U30-1
Added Net: Name=TIM1_CH1
Added Pin To Net: NetName=TIM1_CH2 Pin=U1-64
Added Pin To Net: NetName=TIM1_CH2 Pin=U30-2
Added Pin To Net: NetName=TIM1_CH2 Pin=U30-3
Added Net: Name=TIM1_CH2
Added Pin To Net: NetName=TIM1_CH3 Pin=U1-66
Added Pin To Net: NetName=TIM1_CH3 Pin=U30-4
Added Pin To Net: NetName=TIM1_CH3 Pin=U30-5
Added Net: Name=TIM1_CH3
Added Pin To Net: NetName=TIM1_CH4 Pin=U1-67
Added Pin To Net: NetName=TIM1_CH4 Pin=U30-6
Added Pin To Net: NetName=TIM1_CH4 Pin=U30-7
Added Net: Name=TIM1_CH4
Added Pin To Net: NetName=USART1_CTS Pin=U1-103
Added Pin To Net: NetName=USART1_CTS Pin=U17-9
Added Net: Name=USART1_CTS
Added Pin To Net: NetName=USART1_RTS Pin=U1-104
Added Pin To Net: NetName=USART1_RTS Pin=U17-10
Added Net: Name=USART1_RTS
Added Pin To Net: NetName=USART1_RX Pin=U1-102
Added Pin To Net: NetName=USART1_RX Pin=U17-8
Added Net: Name=USART1_RX
Added Pin To Net: NetName=USART1_TX Pin=U1-101
Added Pin To Net: NetName=USART1_TX Pin=U17-6
Added Net: Name=USART1_TX
Added Pin To Net: NetName=USART2_RX Pin=U1-122
Added Net: Name=USART2_RX
Added Pin To Net: NetName=USART2_TX Pin=U1-119
Added Net: Name=USART2_TX
Added Pin To Net: NetName=USART3_CTS Pin=U1-80
Added Net: Name=USART3_CTS
Added Pin To Net: NetName=USART3_RTS Pin=U1-81
Added Net: Name=USART3_RTS
Added Pin To Net: NetName=USART3_RX Pin=U1-78
Added Net: Name=USART3_RX
Added Pin To Net: NetName=USART3_TX Pin=U1-77
Added Net: Name=USART3_TX
Added Pin To Net: NetName=USB_HS_N Pin=D1-3
Added Pin To Net: NetName=USB_HS_N Pin=R19-1
Added Pin To Net: NetName=USB_HS_N Pin=U1-75
Added Net: Name=USB_HS_N
Added Pin To Net: NetName=USB_HS_P Pin=D8-3
Added Pin To Net: NetName=USB_HS_P Pin=R20-1
Added Pin To Net: NetName=USB_HS_P Pin=U1-76
Added Net: Name=USB_HS_P
Added Pin To Net: NetName=USB_HS_VBUS Pin=D21-3
Added Pin To Net: NetName=USB_HS_VBUS Pin=R18-1
Added Pin To Net: NetName=USB_HS_VBUS Pin=U1-74
Added Net: Name=USB_HS_VBUS
Added Pin To Net: NetName=V5V_IMON Pin=U1-21
Added Net: Name=V5V_IMON
Added Pin To Net: NetName=V5V_VMON Pin=U1-20
Added Net: Name=V5V_VMON
Added Pin To Net: NetName=VDD_IMON Pin=U1-19
Added Net: Name=VDD_IMON
Added Pin To Net: NetName=VDD_VMON Pin=U1-18
Added Net: Name=VDD_VMON
Added Class: Name=PeltierForcePowerNet
Added Differential Pair: Name=USB_HS
Added Member To Class: ClassName=MCU Member=Component C1 ChipCap
Added Member To Class: ClassName=MCU Member=Component C2 ChipCap
Added Member To Class: ClassName=MCU Member=Component C3 ChipCap
Added Member To Class: ClassName=MCU Member=Component C4 ChipCap
Added Member To Class: ClassName=MCU Member=Component C5 ChipCap
Added Member To Class: ClassName=MCU Member=Component C6 ChipCap
Added Member To Class: ClassName=MCU Member=Component C7 ChipCap
Added Member To Class: ClassName=MCU Member=Component C8 ChipCap
Added Member To Class: ClassName=MCU Member=Component C9 ChipCap
Added Member To Class: ClassName=MCU Member=Component C10 ChipCap
Added Member To Class: ClassName=MCU Member=Component C11 ChipCap
Added Member To Class: ClassName=MCU Member=Component C12 ChipCap
Added Member To Class: ClassName=MCU Member=Component C13 ChipCap
Added Member To Class: ClassName=MCU Member=Component C14 ChipCap
Added Member To Class: ClassName=MCU Member=Component C15 ChipCap
Added Member To Class: ClassName=MCU Member=Component C16 ChipCap
Added Member To Class: ClassName=MCU Member=Component C17 ChipCap
Added Member To Class: ClassName=MCU Member=Component C39 ChipCap
Added Member To Class: ClassName=MCU Member=Component C42 ChipCap
Added Member To Class: ClassName=USB OTG Member=Component C43 Cap Pol3
Added Member To Class: ClassName=MCU Member=Component L1 Inductance
Added Member To Class: ClassName=MCU Member=Component LED12 LED 0603
Added Member To Class: ClassName=LAMP Member=Component LED13 LED 0603
Added Member To Class: ClassName=LAMP Member=Component LED14 LED 0603
Added Member To Class: ClassName=LAMP Member=Component LED15 LED 0603
Added Member To Class: ClassName=LAMP Member=Component LED16 LED 0603
Added Member To Class: ClassName=LAMP Member=Component Q32 BC857
Added Member To Class: ClassName=LAMP Member=Component Q33 BC857
Added Member To Class: ClassName=LAMP Member=Component Q34 BC857
Added Member To Class: ClassName=LAMP Member=Component Q35 BC857
Added Member To Class: ClassName=MCU Member=Component R5 ChipRes
Added Member To Class: ClassName=MCU Member=Component R6 ChipRes
Added Member To Class: ClassName=MCU Member=Component R7 ChipRes
Added Member To Class: ClassName=MCU Member=Component R8 ChipRes
Added Member To Class: ClassName=MCU Member=Component R9 ChipRes
Added Member To Class: ClassName=MCU Member=Component R10 ChipRes
Added Member To Class: ClassName=LAMP Member=Component R48 ChipRes
Added Member To Class: ClassName=LAMP Member=Component R49 ChipRes
Added Member To Class: ClassName=LAMP Member=Component R50 ChipRes
Added Member To Class: ClassName=LAMP Member=Component R51 ChipRes
Added Member To Class: ClassName=LAMP Member=Component R129 ChipRes
Added Member To Class: ClassName=LAMP Member=Component R189 ChipRes
Added Member To Class: ClassName=LAMP Member=Component R190 ChipRes
Added Member To Class: ClassName=LAMP Member=Component R191 ChipRes
Added Member To Class: ClassName=MCU Member=Component U1 STM32F407
Added Member To Class: ClassName=MCU Member=Component X1 XTAL
Added Member To Class: ClassName=Undefined Member=Wire 5V
Added Member To Class: ClassName=Undefined Member=Wire 12V
Added Member To Class: ClassName=AnalogPowerNet Member=Wire AVCCMCU
Added Member To Class: ClassName=Undefined Member=Wire I5V
Added Member To Class: ClassName=PowerNet Member=Wire NetC2_2
Added Member To Class: ClassName=AnalogPowerNet Member=Wire NetC26_2
Added Member To Class: ClassName=PowerNet Member=Wire NetC43_1
Added Member To Class: ClassName=Undefined Member=Wire NetL4_2
Added Member To Class: ClassName=Undefined Member=Wire NetL5_2
Added Member To Class: ClassName=Undefined Member=Wire VDD3V3
Added Member To Class: ClassName=Undefined Member=Wire WIFI3V3
