Added Component: Designator=D12(SOT23)
Added Component: Designator=D13(SOT23)
Added Component: Designator=D14(SOT23)
Added Component: Designator=D15(SOT23)
Added Component: Designator=D16(SOT23)
Added Component: Designator=D17(SOT23)
Added Component: Designator=P14(Molex FPC/FFC 10pin)
Added Component: Designator=P15(MOLEX Header 8 2mm Pitch)
Added Pin To Net: NetName=GND Pin=D12-1
Added Pin To Net: NetName=VCC Pin=D12-2
Added Pin To Net: NetName=GND Pin=D13-1
Added Pin To Net: NetName=VCC Pin=D13-2
Added Pin To Net: NetName=GND Pin=D14-1
Added Pin To Net: NetName=VCC Pin=D14-2
Added Pin To Net: NetName=GND Pin=D15-1
Added Pin To Net: NetName=VCC Pin=D15-2
Added Pin To Net: NetName=GND Pin=D16-3
Added Pin To Net: NetName=GND Pin=D17-3
Added Pin To Net: NetName=5V Pin=P14-1
Added Pin To Net: NetName=5V Pin=P14-2
Added Pin To Net: NetName=5V Pin=P14-3
Added Pin To Net: NetName=GND Pin=P14-8
Added Pin To Net: NetName=GND Pin=P14-9
Added Pin To Net: NetName=GND Pin=P14-10
Added Pin To Net: NetName=5V Pin=P15-1
Added Pin To Net: NetName=5V Pin=P15-2
Added Pin To Net: NetName=GND Pin=P15-7
Added Pin To Net: NetName=GND Pin=P15-8
Added Pin To Net: NetName=GND Pin=P15-9
Added Pin To Net: NetName=GND Pin=P15-10
Added Pin To Net: NetName=DWIN_BUSY Pin=P15-3
Added Net: Name=DWIN_BUSY
Added Pin To Net: NetName=DWIN_RX Pin=D12-3
Added Pin To Net: NetName=DWIN_RX Pin=D14-3
Added Pin To Net: NetName=DWIN_RX Pin=D16-2
Added Pin To Net: NetName=DWIN_RX Pin=D17-1
Added Pin To Net: NetName=DWIN_RX Pin=P14-6
Added Pin To Net: NetName=DWIN_RX Pin=P15-5
Added Pin To Net: NetName=DWIN_RX Pin=P15-6
Added Net: Name=DWIN_RX
Added Pin To Net: NetName=DWIN_TX Pin=D13-3
Added Pin To Net: NetName=DWIN_TX Pin=D15-3
Added Pin To Net: NetName=DWIN_TX Pin=D16-1
Added Pin To Net: NetName=DWIN_TX Pin=D17-2
Added Pin To Net: NetName=DWIN_TX Pin=P14-5
Added Pin To Net: NetName=DWIN_TX Pin=P15-4
Added Net: Name=DWIN_TX
Added Member To Class: ClassName=MISC Member=Component D12 Diode Schottky
Added Member To Class: ClassName=MISC Member=Component D13 Diode Schottky
Added Member To Class: ClassName=MISC Member=Component D14 Diode Schottky
Added Member To Class: ClassName=MISC Member=Component D15 Diode Schottky
Added Member To Class: ClassName=MISC Member=Component D16 TVS
Added Member To Class: ClassName=MISC Member=Component D17 TVS
Added Member To Class: ClassName=MISC Member=Component P14 FPC_Socket
Added Member To Class: ClassName=MISC Member=Component P15 FPC_Socket
