Removed Pin From Net: NetName=USB_PWR Pin=U1-65
Removed Pin From Net: NetName=USB_OVC Pin=U1-66
Added Component: Designator=BOOT(RES0805)
Added Component: Designator=C34(CAP0805)
Added Component: Designator=C35(CAP0805)
Added Component: Designator=C36(CAP0805)
Added Component: Designator=C37(CAP0805)
Added Component: Designator=C38(CAP0805)
Added Component: Designator=C39(CAP0805)
Added Component: Designator=C40(CAP0805)
Added Component: Designator=C41(CAP0805)
Added Component: Designator=C42(CAP0805)
Added Component: Designator=C43(CAP0805)
Added Component: Designator=C44(CAP0805)
Added Component: Designator=C45(CAP0805)
Added Component: Designator=C46(CAP0805)
Added Component: Designator=C47(CAP0805)
Added Component: Designator=C48(CAP0805)
Added Component: Designator=C49(CAP0805)
Added Component: Designator=C50(CAP0805)
Added Component: Designator=C51(CAP0805)
Added Component: Designator=LINK(LED 0603)
Added Component: Designator=P3(DG340-3.81-02P-00A(H))
Added Component: Designator=P4(SOCKET 8x5.08)
Added Component: Designator=P5(Socket 4x5.08)
Added Component: Designator=P6(Header 8x2 HL)
Added Component: Designator=P7(WR-CRD SD Micro)
Added Component: Designator=PWR(LED 0603)
Added Component: Designator=Q2(SOT23)
Added Component: Designator=Q4(SOT23)
Added Component: Designator=Q5(SOT23)
Added Component: Designator=Q7(SOT23)
Added Component: Designator=Q8(SOT23)
Added Component: Designator=Q10(SOT23)
Added Component: Designator=Q11(SOT23)
Added Component: Designator=Q13(SOT23)
Added Component: Designator=R45(RES0805)
Added Component: Designator=R46(RES0805)
Added Component: Designator=R47(RES0805)
Added Component: Designator=R48(RES0805)
Added Component: Designator=R49(RES0805)
Added Component: Designator=R50(RES0805)
Added Component: Designator=R51(RES0805)
Added Component: Designator=R52(RES0805)
Added Component: Designator=R53(RES0805)
Added Component: Designator=R54(RES0805)
Added Component: Designator=R55(RES0805)
Added Component: Designator=R56(RES0805)
Added Component: Designator=R57(RES0805)
Added Component: Designator=R58(RES0805)
Added Component: Designator=R59(RES0805)
Added Component: Designator=R60(RES0805)
Added Component: Designator=R61(RES0805)
Added Component: Designator=R62(RES0805)
Added Component: Designator=R63(RES0805)
Added Component: Designator=R64(RES0805)
Added Component: Designator=R65(RES0805)
Added Component: Designator=R66(RES0805)
Added Component: Designator=R67(RES0805)
Added Component: Designator=R68(RES0805)
Added Component: Designator=R69(RES0805)
Added Component: Designator=R70(RES0805)
Added Component: Designator=R71(RES0805)
Added Component: Designator=R72(RES0805)
Added Component: Designator=R73(RES0805)
Added Component: Designator=R74(RES0805)
Added Component: Designator=R75(RES0805)
Added Component: Designator=R76(RES0805)
Added Component: Designator=R77(RES0805)
Added Component: Designator=R78(RES0805)
Added Component: Designator=R79(RES0805)
Added Component: Designator=R80(RES0805)
Added Component: Designator=R81(RES0805)
Added Component: Designator=R82(RES0805)
Added Component: Designator=R83(RES0805)
Added Component: Designator=R84(RES0805)
Added Component: Designator=R85(RES0805)
Added Component: Designator=R86(RES0805)
Added Component: Designator=R87(RES0805)
Added Component: Designator=R88(RES0805)
Added Component: Designator=R89(RES0805)
Added Component: Designator=R90(RES0805)
Added Component: Designator=R91(RES0805)
Added Component: Designator=R92(RES0805)
Added Component: Designator=R93(RES0805)
Added Component: Designator=R94(RES0805)
Added Component: Designator=R95(RES0805)
Added Component: Designator=R96(RES0805)
Added Component: Designator=R97(RES0805)
Added Component: Designator=R98(RES0805)
Added Component: Designator=R99(RES0805)
Added Component: Designator=R100(RES0805)
Added Component: Designator=R101(RES0805)
Added Component: Designator=R102(RES0805)
Added Component: Designator=R103(RES0805)
Added Component: Designator=R104(RES0805)
Added Component: Designator=R105(RES0805)
Added Component: Designator=R106(RES0805)
Added Component: Designator=R107(RES0805)
Added Component: Designator=R108(RES0805)
Added Component: Designator=R109(RES0805)
Added Component: Designator=R110(RES0805)
Added Component: Designator=R111(RES0805)
Added Component: Designator=R112(RES0805)
Added Component: Designator=R113(RES0805)
Added Component: Designator=R114(RES0805)
Added Component: Designator=R115(RES0805)
Added Component: Designator=R116(RES0805)
Added Component: Designator=RUN(LED 0603)
Added Component: Designator=U4(SOIC8)
Added Component: Designator=U5(SOIC8)
Added Component: Designator=U6(DIP-4)
Added Component: Designator=U7(SOIC8)
Added Component: Designator=U9(DIP-4)
Added Component: Designator=U10(DIP-4)
Added Component: Designator=U11(DIP-4)
Added Component: Designator=U12(D008_N)
Added Component: Designator=U13(SOIC8)
Added Component: Designator=U14(D008_L)
Added Component: Designator=U15(SOIC8)
Added Component: Designator=U16(SOIC8)
Added Component: Designator=U17(SPWF01SA)
Added Component: Designator=U18(MSOP8)
Added Component: Designator=U19(SOIC8)
Added Component: Designator=U20(MSOP8)
Added Component: Designator=U21(SOIC8)
Added Component: Designator=U22(SOIC8)
Added Component: Designator=U23(SOIC8)
Added Pin To Net: NetName=VCC Pin=C39-1
Added Pin To Net: NetName=GND Pin=C39-2
Added Pin To Net: NetName=GND Pin=C40-1
Added Pin To Net: NetName=VCC Pin=C40-2
Added Pin To Net: NetName=GND Pin=C41-1
Added Pin To Net: NetName=GND Pin=C42-1
Added Pin To Net: NetName=AVCC5V Pin=C42-2
Added Pin To Net: NetName=AVCC5V Pin=C43-1
Added Pin To Net: NetName=GND Pin=C43-2
Added Pin To Net: NetName=GND Pin=C49-1
Added Pin To Net: NetName=GND Pin=LINK-1
Added Pin To Net: NetName=VCC Pin=P7-4
Added Pin To Net: NetName=GND Pin=P7-6
Added Pin To Net: NetName=GND Pin=PWR-1
Added Pin To Net: NetName=MCU_RX1 Pin=R48-1
Added Pin To Net: NetName=MCU_TX1 Pin=R49-1
Added Pin To Net: NetName=AVCC5V Pin=R50-2
Added Pin To Net: NetName=MCU_RTS1 Pin=R51-1
Added Pin To Net: NetName=VCC Pin=R69-2
Added Pin To Net: NetName=VCC Pin=R73-2
Added Pin To Net: NetName=VCC Pin=R94-1
Added Pin To Net: NetName=VCC Pin=R102-2
Added Pin To Net: NetName=VCC Pin=R109-2
Added Pin To Net: NetName=VCC Pin=R110-2
Added Pin To Net: NetName=VCC Pin=R111-2
Added Pin To Net: NetName=VCC Pin=R112-2
Added Pin To Net: NetName=VCC Pin=R113-2
Added Pin To Net: NetName=VCC Pin=R114-2
Added Pin To Net: NetName=GND Pin=RUN-1
Added Pin To Net: NetName=USB_OVC Pin=U1-7
Added Pin To Net: NetName=USB_PWR Pin=U1-15
Added Pin To Net: NetName=GND Pin=U4-2
Added Pin To Net: NetName=GND Pin=U4-3
Added Pin To Net: NetName=GND Pin=U5-2
Added Pin To Net: NetName=GND Pin=U5-3
Added Pin To Net: NetName=GND Pin=U6-3
Added Pin To Net: NetName=GND Pin=U7-2
Added Pin To Net: NetName=GND Pin=U7-3
Added Pin To Net: NetName=GND Pin=U7-5
Added Pin To Net: NetName=AVCC5V Pin=U7-8
Added Pin To Net: NetName=GND Pin=U9-2
Added Pin To Net: NetName=GND Pin=U9-3
Added Pin To Net: NetName=GND Pin=U10-2
Added Pin To Net: NetName=GND Pin=U11-3
Added Pin To Net: NetName=GND Pin=U13-2
Added Pin To Net: NetName=GND Pin=U13-3
Added Pin To Net: NetName=GND Pin=U16-2
Added Pin To Net: NetName=GND Pin=U16-3
Added Pin To Net: NetName=MCU_RX2 Pin=U17-6
Added Pin To Net: NetName=MCU_TX2 Pin=U17-8
Added Pin To Net: NetName=MCU_RTS2 Pin=U17-9
Added Pin To Net: NetName=GND Pin=U17-23
Added Pin To Net: NetName=VCC Pin=U17-24
Added Pin To Net: NetName=GND Pin=U17-25
Added Pin To Net: NetName=GND Pin=U18-3
Added Pin To Net: NetName=GND Pin=U18-4
Added Pin To Net: NetName=GND Pin=U20-3
Added Pin To Net: NetName=GND Pin=U20-4
Added Pin To Net: NetName=GND Pin=U22-5
Added Pin To Net: NetName=GND Pin=U23-2
Added Pin To Net: NetName=GND Pin=U23-3
Change Net Name : Old Net Name=PORTE0 New Net Name=TEMPER_SENSOR1_DIN
Change Net Name : Old Net Name=PORTE1 New Net Name=TEMPER_SENSOR2_DIN
Change Net Name : Old Net Name=PORTE10 New Net Name=FOOTSWITCH
Change Net Name : Old Net Name=PORTE12 New Net Name=RELAY1
Change Net Name : Old Net Name=PORTE15 New Net Name=LED
Added Pin To Net: NetName=12V Pin=C36-1
Added Pin To Net: NetName=12V Pin=Q2-3
Added Pin To Net: NetName=12V Pin=Q5-3
Added Pin To Net: NetName=12V Pin=Q8-3
Added Pin To Net: NetName=12V Pin=Q11-3
Added Pin To Net: NetName=12V Pin=R45-2
Added Pin To Net: NetName=12V Pin=R55-2
Added Pin To Net: NetName=12V Pin=R59-2
Added Pin To Net: NetName=12V Pin=R65-2
Added Pin To Net: NetName=12V Pin=R75-1
Added Pin To Net: NetName=12V Pin=U14-8
Added Net: Name=12V
Added Pin To Net: NetName=15V Pin=P6-13
Added Pin To Net: NetName=15V Pin=P6-14
Added Net: Name=15V
Added Pin To Net: NetName=COOL_PWM Pin=R46-1
Added Pin To Net: NetName=COOL_PWM Pin=U1-40
Added Net: Name=COOL_PWM
Added Pin To Net: NetName=DAC_CS Pin=R87-2
Added Pin To Net: NetName=DAC_CS Pin=U1-82
Added Net: Name=DAC_CS
Added Pin To Net: NetName=DAC_MOSI Pin=R82-2
Added Pin To Net: NetName=DAC_MOSI Pin=U1-54
Added Net: Name=DAC_MOSI
Added Pin To Net: NetName=DAC_SCK Pin=R84-2
Added Pin To Net: NetName=DAC_SCK Pin=U1-47
Added Net: Name=DAC_SCK
Added Pin To Net: NetName=FAN_PWM1 Pin=R60-1
Added Pin To Net: NetName=FAN_PWM1 Pin=U1-44
Added Net: Name=FAN_PWM1
Added Pin To Net: NetName=FAN_PWM2 Pin=R63-1
Added Pin To Net: NetName=FAN_PWM2 Pin=U1-45
Added Net: Name=FAN_PWM2
Added Pin To Net: NetName=I5V Pin=C34-2
Added Pin To Net: NetName=I5V Pin=C35-2
Added Pin To Net: NetName=I5V Pin=C37-2
Added Pin To Net: NetName=I5V Pin=C38-2
Added Pin To Net: NetName=I5V Pin=C44-2
Added Pin To Net: NetName=I5V Pin=C45-2
Added Pin To Net: NetName=I5V Pin=C47-2
Added Pin To Net: NetName=I5V Pin=C48-2
Added Pin To Net: NetName=I5V Pin=C49-2
Added Pin To Net: NetName=I5V Pin=C51-2
Added Pin To Net: NetName=I5V Pin=R70-2
Added Pin To Net: NetName=I5V Pin=R74-2
Added Pin To Net: NetName=I5V Pin=R79-2
Added Pin To Net: NetName=I5V Pin=R80-2
Added Pin To Net: NetName=I5V Pin=R81-2
Added Pin To Net: NetName=I5V Pin=R105-2
Added Pin To Net: NetName=I5V Pin=R106-2
Added Pin To Net: NetName=I5V Pin=U4-8
Added Pin To Net: NetName=I5V Pin=U5-8
Added Pin To Net: NetName=I5V Pin=U10-4
Added Pin To Net: NetName=I5V Pin=U13-8
Added Pin To Net: NetName=I5V Pin=U15-8
Added Pin To Net: NetName=I5V Pin=U16-8
Added Pin To Net: NetName=I5V Pin=U18-8
Added Pin To Net: NetName=I5V Pin=U19-7
Added Pin To Net: NetName=I5V Pin=U20-8
Added Pin To Net: NetName=I5V Pin=U21-7
Added Pin To Net: NetName=I5V Pin=U22-8
Added Pin To Net: NetName=I5V Pin=U23-8
Added Net: Name=I5V
Added Pin To Net: NetName=IGND Pin=C34-1
Added Pin To Net: NetName=IGND Pin=C35-1
Added Pin To Net: NetName=IGND Pin=C36-2
Added Pin To Net: NetName=IGND Pin=C37-1
Added Pin To Net: NetName=IGND Pin=C38-1
Added Pin To Net: NetName=IGND Pin=C44-1
Added Pin To Net: NetName=IGND Pin=C45-1
Added Pin To Net: NetName=IGND Pin=C47-1
Added Pin To Net: NetName=IGND Pin=C48-1
Added Pin To Net: NetName=IGND Pin=C51-1
Added Pin To Net: NetName=IGND Pin=P4-8
Added Pin To Net: NetName=IGND Pin=P5-4
Added Pin To Net: NetName=IGND Pin=P6-4
Added Pin To Net: NetName=IGND Pin=P6-9
Added Pin To Net: NetName=IGND Pin=P6-15
Added Pin To Net: NetName=IGND Pin=Q4-3
Added Pin To Net: NetName=IGND Pin=Q7-3
Added Pin To Net: NetName=IGND Pin=Q10-3
Added Pin To Net: NetName=IGND Pin=Q13-3
Added Pin To Net: NetName=IGND Pin=R54-1
Added Pin To Net: NetName=IGND Pin=R58-1
Added Pin To Net: NetName=IGND Pin=R64-1
Added Pin To Net: NetName=IGND Pin=R68-1
Added Pin To Net: NetName=IGND Pin=R72-1
Added Pin To Net: NetName=IGND Pin=R77-1
Added Pin To Net: NetName=IGND Pin=R85-2
Added Pin To Net: NetName=IGND Pin=R90-2
Added Pin To Net: NetName=IGND Pin=R115-1
Added Pin To Net: NetName=IGND Pin=R116-1
Added Pin To Net: NetName=IGND Pin=U4-5
Added Pin To Net: NetName=IGND Pin=U5-5
Added Pin To Net: NetName=IGND Pin=U6-2
Added Pin To Net: NetName=IGND Pin=U12-2
Added Pin To Net: NetName=IGND Pin=U12-3
Added Pin To Net: NetName=IGND Pin=U12-6
Added Pin To Net: NetName=IGND Pin=U12-7
Added Pin To Net: NetName=IGND Pin=U13-5
Added Pin To Net: NetName=IGND Pin=U14-4
Added Pin To Net: NetName=IGND Pin=U15-5
Added Pin To Net: NetName=IGND Pin=U16-5
Added Pin To Net: NetName=IGND Pin=U22-2
Added Pin To Net: NetName=IGND Pin=U22-3
Added Pin To Net: NetName=IGND Pin=U23-5
Added Net: Name=IGND
Added Pin To Net: NetName=IM_CSN Pin=R107-2
Added Pin To Net: NetName=IM_CSN Pin=U1-1
Added Net: Name=IM_CSN
Added Pin To Net: NetName=IMON_NCS Pin=R105-1
Added Pin To Net: NetName=IMON_NCS Pin=U18-5
Added Pin To Net: NetName=IMON_NCS Pin=U23-7
Added Net: Name=IMON_NCS
Added Pin To Net: NetName=LAS_EN Pin=R71-2
Added Pin To Net: NetName=LAS_EN Pin=U1-61
Added Net: Name=LAS_EN
Added Pin To Net: NetName=LAS_FLT Pin=R73-1
Added Pin To Net: NetName=LAS_FLT Pin=U1-81
Added Pin To Net: NetName=LAS_FLT Pin=U11-4
Added Net: Name=LAS_FLT
Added Pin To Net: NetName=LAS_LOCK Pin=R69-1
Added Pin To Net: NetName=LAS_LOCK Pin=U6-4
Added Net: Name=LAS_LOCK
Added Pin To Net: NetName=LASER_ENABLE Pin=P6-1
Added Pin To Net: NetName=LASER_ENABLE Pin=R72-2
Added Pin To Net: NetName=LASER_ENABLE Pin=U10-3
Added Net: Name=LASER_ENABLE
Added Pin To Net: NetName=LASER_FAULT Pin=P6-2
Added Pin To Net: NetName=LASER_FAULT Pin=U11-2
Added Net: Name=LASER_FAULT
Added Pin To Net: NetName=LASER_IMON Pin=P6-6
Added Pin To Net: NetName=LASER_IMON Pin=R97-2
Added Net: Name=LASER_IMON
Added Pin To Net: NetName=LASER_IPROG Pin=P6-7
Added Pin To Net: NetName=LASER_IPROG Pin=R76-1
Added Pin To Net: NetName=LASER_IPROG Pin=R115-2
Added Pin To Net: NetName=LASER_IPROG Pin=U14-1
Added Net: Name=LASER_IPROG
Added Pin To Net: NetName=LASER_LOCK Pin=P6-3
Added Pin To Net: NetName=LASER_LOCK Pin=R70-1
Added Pin To Net: NetName=LASER_LOCK Pin=U6-1
Added Net: Name=LASER_LOCK
Added Pin To Net: NetName=LASER_PULSE Pin=P6-8
Added Pin To Net: NetName=LASER_PULSE Pin=U16-6
Added Net: Name=LASER_PULSE
Added Pin To Net: NetName=LASER_VMON Pin=P6-5
Added Pin To Net: NetName=LASER_VMON Pin=R89-2
Added Pin To Net: NetName=LASER_VMON Pin=R90-1
Added Pin To Net: NetName=LASER_VMON Pin=R104-1
Added Net: Name=LASER_VMON
Added Pin To Net: NetName=LD_PULSE Pin=R88-2
Added Pin To Net: NetName=LD_PULSE Pin=U1-60
Added Net: Name=LD_PULSE
Added Pin To Net: NetName=MCU_CTS2 Pin=U1-58
Added Pin To Net: NetName=MCU_CTS2 Pin=U17-10
Added Net: Name=MCU_CTS2
Added Pin To Net: NetName=MON_CLK Pin=R80-1
Added Pin To Net: NetName=MON_CLK Pin=U13-6
Added Pin To Net: NetName=MON_CLK Pin=U15-2
Added Pin To Net: NetName=MON_CLK Pin=U18-7
Added Pin To Net: NetName=MON_CLK Pin=U20-7
Added Net: Name=MON_CLK
Added Pin To Net: NetName=MON_DOUT Pin=R100-1
Added Pin To Net: NetName=MON_DOUT Pin=U18-6
Added Pin To Net: NetName=MON_DOUT Pin=U20-6
Added Net: Name=MON_DOUT
Added Pin To Net: NetName=MON_VREF Pin=U18-1
Added Pin To Net: NetName=MON_VREF Pin=U20-1
Added Net: Name=MON_VREF
Added Pin To Net: NetName=NetBOOT_1 Pin=BOOT-1
Added Pin To Net: NetName=NetBOOT_1 Pin=R94-2
Added Net: Name=NetBOOT_1
Added Pin To Net: NetName=NetBOOT_2 Pin=BOOT-2
Added Pin To Net: NetName=NetBOOT_2 Pin=U17-2
Added Net: Name=NetBOOT_2
Added Pin To Net: NetName=NetC41_2 Pin=C41-2
Added Pin To Net: NetName=NetC41_2 Pin=U17-3
Added Net: Name=NetC41_2
Added Pin To Net: NetName=NetC46_1 Pin=C46-1
Added Pin To Net: NetName=NetC46_1 Pin=R97-1
Added Pin To Net: NetName=NetC46_1 Pin=R98-1
Added Net: Name=NetC46_1
Added Pin To Net: NetName=NetC46_2 Pin=C46-2
Added Pin To Net: NetName=NetC46_2 Pin=R95-1
Added Pin To Net: NetName=NetC46_2 Pin=U18-2
Added Pin To Net: NetName=NetC46_2 Pin=U19-6
Added Net: Name=NetC46_2
Added Pin To Net: NetName=NetC50_1 Pin=C50-1
Added Pin To Net: NetName=NetC50_1 Pin=R101-2
Added Pin To Net: NetName=NetC50_1 Pin=R104-2
Added Net: Name=NetC50_1
Added Pin To Net: NetName=NetC50_2 Pin=C50-2
Added Pin To Net: NetName=NetC50_2 Pin=R103-1
Added Pin To Net: NetName=NetC50_2 Pin=U20-2
Added Pin To Net: NetName=NetC50_2 Pin=U21-6
Added Net: Name=NetC50_2
Added Pin To Net: NetName=NetLINK_2 Pin=LINK-2
Added Pin To Net: NetName=NetLINK_2 Pin=R93-1
Added Net: Name=NetLINK_2
Added Pin To Net: NetName=NetP3_1 Pin=P3-1
Added Net: Name=NetP3_1
Added Pin To Net: NetName=NetP3_2 Pin=P3-2
Added Net: Name=NetP3_2
Added Pin To Net: NetName=NetP4_1 Pin=P4-1
Added Pin To Net: NetName=NetP4_1 Pin=P4-2
Added Pin To Net: NetName=NetP4_1 Pin=P4-4
Added Pin To Net: NetName=NetP4_1 Pin=P4-6
Added Net: Name=NetP4_1
Added Pin To Net: NetName=NetP4_3 Pin=P4-3
Added Net: Name=NetP4_3
Added Pin To Net: NetName=NetP4_5 Pin=P4-5
Added Net: Name=NetP4_5
Added Pin To Net: NetName=NetP4_7 Pin=P4-7
Added Net: Name=NetP4_7
Added Pin To Net: NetName=NetP5_1 Pin=P5-1
Added Pin To Net: NetName=NetP5_1 Pin=P5-2
Added Net: Name=NetP5_1
Added Pin To Net: NetName=NetP5_3 Pin=P5-3
Added Net: Name=NetP5_3
Added Pin To Net: NetName=NetPWR_2 Pin=PWR-2
Added Pin To Net: NetName=NetPWR_2 Pin=R92-1
Added Net: Name=NetPWR_2
Added Pin To Net: NetName=NetQ2_1 Pin=Q2-1
Added Pin To Net: NetName=NetQ2_1 Pin=Q4-1
Added Pin To Net: NetName=NetQ2_1 Pin=R47-2
Added Net: Name=NetQ2_1
Added Pin To Net: NetName=NetQ2_2 Pin=Q2-2
Added Pin To Net: NetName=NetQ2_2 Pin=Q4-2
Added Pin To Net: NetName=NetQ2_2 Pin=R52-1
Added Net: Name=NetQ2_2
Added Pin To Net: NetName=NetQ3_1 Pin=R52-2
Added Pin To Net: NetName=NetQ3_1 Pin=R54-2
Added Net: Name=NetQ3_1
Added Pin To Net: NetName=NetQ5_1 Pin=Q5-1
Added Pin To Net: NetName=NetQ5_1 Pin=Q7-1
Added Pin To Net: NetName=NetQ5_1 Pin=R56-2
Added Net: Name=NetQ5_1
Added Pin To Net: NetName=NetQ5_2 Pin=Q5-2
Added Pin To Net: NetName=NetQ5_2 Pin=Q7-2
Added Pin To Net: NetName=NetQ5_2 Pin=R57-1
Added Net: Name=NetQ5_2
Added Pin To Net: NetName=NetQ6_1 Pin=R57-2
Added Pin To Net: NetName=NetQ6_1 Pin=R58-2
Added Net: Name=NetQ6_1
Added Pin To Net: NetName=NetQ8_1 Pin=Q8-1
Added Pin To Net: NetName=NetQ8_1 Pin=Q10-1
Added Pin To Net: NetName=NetQ8_1 Pin=R61-2
Added Net: Name=NetQ8_1
Added Pin To Net: NetName=NetQ8_2 Pin=Q8-2
Added Pin To Net: NetName=NetQ8_2 Pin=Q10-2
Added Pin To Net: NetName=NetQ8_2 Pin=R62-1
Added Net: Name=NetQ8_2
Added Pin To Net: NetName=NetQ9_1 Pin=R62-2
Added Pin To Net: NetName=NetQ9_1 Pin=R64-2
Added Net: Name=NetQ9_1
Added Pin To Net: NetName=NetQ11_1 Pin=Q11-1
Added Pin To Net: NetName=NetQ11_1 Pin=Q13-1
Added Pin To Net: NetName=NetQ11_1 Pin=R66-2
Added Net: Name=NetQ11_1
Added Pin To Net: NetName=NetQ11_2 Pin=Q11-2
Added Pin To Net: NetName=NetQ11_2 Pin=Q13-2
Added Pin To Net: NetName=NetQ11_2 Pin=R67-1
Added Net: Name=NetQ11_2
Added Pin To Net: NetName=NetQ12_1 Pin=R67-2
Added Pin To Net: NetName=NetQ12_1 Pin=R68-2
Added Net: Name=NetQ12_1
Added Pin To Net: NetName=NetR45_1 Pin=R45-1
Added Pin To Net: NetName=NetR45_1 Pin=R47-1
Added Pin To Net: NetName=NetR45_1 Pin=U4-7
Added Net: Name=NetR45_1
Added Pin To Net: NetName=NetR46_2 Pin=R46-2
Added Pin To Net: NetName=NetR46_2 Pin=U4-1
Added Net: Name=NetR46_2
Added Pin To Net: NetName=NetR48_2 Pin=R48-2
Added Pin To Net: NetName=NetR48_2 Pin=U7-1
Added Net: Name=NetR48_2
Added Pin To Net: NetName=NetR49_2 Pin=R49-2
Added Pin To Net: NetName=NetR49_2 Pin=U7-4
Added Net: Name=NetR49_2
Added Pin To Net: NetName=NetR50_1 Pin=R50-1
Added Pin To Net: NetName=NetR50_1 Pin=U9-4
Added Net: Name=NetR50_1
Added Pin To Net: NetName=NetR51_2 Pin=R51-2
Added Pin To Net: NetName=NetR51_2 Pin=U9-1
Added Net: Name=NetR51_2
Added Pin To Net: NetName=NetR53_2 Pin=R53-2
Added Pin To Net: NetName=NetR53_2 Pin=U4-4
Added Net: Name=NetR53_2
Added Pin To Net: NetName=NetR55_1 Pin=R55-1
Added Pin To Net: NetName=NetR55_1 Pin=R56-1
Added Pin To Net: NetName=NetR55_1 Pin=U4-6
Added Net: Name=NetR55_1
Added Pin To Net: NetName=NetR59_1 Pin=R59-1
Added Pin To Net: NetName=NetR59_1 Pin=R61-1
Added Pin To Net: NetName=NetR59_1 Pin=U5-7
Added Net: Name=NetR59_1
Added Pin To Net: NetName=NetR60_2 Pin=R60-2
Added Pin To Net: NetName=NetR60_2 Pin=U5-1
Added Net: Name=NetR60_2
Added Pin To Net: NetName=NetR63_2 Pin=R63-2
Added Pin To Net: NetName=NetR63_2 Pin=U5-4
Added Net: Name=NetR63_2
Added Pin To Net: NetName=NetR65_1 Pin=R65-1
Added Pin To Net: NetName=NetR65_1 Pin=R66-1
Added Pin To Net: NetName=NetR65_1 Pin=U5-6
Added Net: Name=NetR65_1
Added Pin To Net: NetName=NetR71_1 Pin=R71-1
Added Pin To Net: NetName=NetR71_1 Pin=U10-1
Added Net: Name=NetR71_1
Added Pin To Net: NetName=NetR74_1 Pin=R74-1
Added Pin To Net: NetName=NetR74_1 Pin=U11-1
Added Net: Name=NetR74_1
Added Pin To Net: NetName=NetR75_2 Pin=R75-2
Added Pin To Net: NetName=NetR75_2 Pin=R78-2
Added Pin To Net: NetName=NetR75_2 Pin=U12-1
Added Net: Name=NetR75_2
Added Pin To Net: NetName=NetR76_2 Pin=R76-2
Added Pin To Net: NetName=NetR76_2 Pin=U14-2
Added Net: Name=NetR76_2
Added Pin To Net: NetName=NetR79_1 Pin=R79-1
Added Pin To Net: NetName=NetR79_1 Pin=U13-7
Added Pin To Net: NetName=NetR79_1 Pin=U15-1
Added Net: Name=NetR79_1
Added Pin To Net: NetName=NetR81_1 Pin=R81-1
Added Pin To Net: NetName=NetR81_1 Pin=U15-3
Added Pin To Net: NetName=NetR81_1 Pin=U16-7
Added Net: Name=NetR81_1
Added Pin To Net: NetName=NetR82_1 Pin=R82-1
Added Pin To Net: NetName=NetR82_1 Pin=U13-1
Added Net: Name=NetR82_1
Added Pin To Net: NetName=NetR83_1 Pin=R83-1
Added Pin To Net: NetName=NetR83_1 Pin=U14-3
Added Net: Name=NetR83_1
Added Pin To Net: NetName=NetR83_2 Pin=R83-2
Added Pin To Net: NetName=NetR83_2 Pin=R85-1
Added Pin To Net: NetName=NetR83_2 Pin=U15-7
Added Net: Name=NetR83_2
Added Pin To Net: NetName=NetR84_1 Pin=R84-1
Added Pin To Net: NetName=NetR84_1 Pin=U13-4
Added Net: Name=NetR84_1
Added Pin To Net: NetName=NetR86_2 Pin=R86-2
Added Pin To Net: NetName=NetR86_2 Pin=U14-6
Added Net: Name=NetR86_2
Added Pin To Net: NetName=NetR87_1 Pin=R87-1
Added Pin To Net: NetName=NetR87_1 Pin=U16-1
Added Net: Name=NetR87_1
Added Pin To Net: NetName=NetR88_1 Pin=R88-1
Added Pin To Net: NetName=NetR88_1 Pin=U16-4
Added Net: Name=NetR88_1
Added Pin To Net: NetName=NetR89_1 Pin=R89-1
Added Pin To Net: NetName=NetR89_1 Pin=U14-5
Added Net: Name=NetR89_1
Added Pin To Net: NetName=NetR91_1 Pin=R91-1
Added Pin To Net: NetName=NetR91_1 Pin=RUN-2
Added Net: Name=NetR91_1
Added Pin To Net: NetName=NetR91_2 Pin=R91-2
Added Pin To Net: NetName=NetR91_2 Pin=U17-5
Added Net: Name=NetR91_2
Added Pin To Net: NetName=NetR92_2 Pin=R92-2
Added Pin To Net: NetName=NetR92_2 Pin=U17-14
Added Net: Name=NetR92_2
Added Pin To Net: NetName=NetR93_2 Pin=R93-2
Added Pin To Net: NetName=NetR93_2 Pin=U17-15
Added Net: Name=NetR93_2
Added Pin To Net: NetName=NetR95_2 Pin=R95-2
Added Pin To Net: NetName=NetR95_2 Pin=R96-2
Added Pin To Net: NetName=NetR95_2 Pin=U19-2
Added Net: Name=NetR95_2
Added Pin To Net: NetName=NetR96_1 Pin=R96-1
Added Pin To Net: NetName=NetR96_1 Pin=U19-4
Added Net: Name=NetR96_1
Added Pin To Net: NetName=NetR98_2 Pin=R98-2
Added Pin To Net: NetName=NetR98_2 Pin=U19-3
Added Net: Name=NetR98_2
Added Pin To Net: NetName=NetR99_1 Pin=R99-1
Added Pin To Net: NetName=NetR99_1 Pin=U21-4
Added Net: Name=NetR99_1
Added Pin To Net: NetName=NetR99_2 Pin=R99-2
Added Pin To Net: NetName=NetR99_2 Pin=R103-2
Added Pin To Net: NetName=NetR99_2 Pin=U21-2
Added Net: Name=NetR99_2
Added Pin To Net: NetName=NetR100_2 Pin=R100-2
Added Pin To Net: NetName=NetR100_2 Pin=U22-1
Added Net: Name=NetR100_2
Added Pin To Net: NetName=NetR101_1 Pin=R101-1
Added Pin To Net: NetName=NetR101_1 Pin=U21-3
Added Net: Name=NetR101_1
Added Pin To Net: NetName=NetR102_1 Pin=R102-1
Added Pin To Net: NetName=NetR102_1 Pin=U22-7
Added Net: Name=NetR102_1
Added Pin To Net: NetName=NetR107_1 Pin=R107-1
Added Pin To Net: NetName=NetR107_1 Pin=U23-1
Added Net: Name=NetR107_1
Added Pin To Net: NetName=NetR108_1 Pin=R108-1
Added Pin To Net: NetName=NetR108_1 Pin=U23-4
Added Net: Name=NetR108_1
Added Pin To Net: NetName=NetU7_6 Pin=U7-6
Added Net: Name=NetU7_6
Added Pin To Net: NetName=NetU7_7 Pin=U7-7
Added Net: Name=NetU7_7
Added Pin To Net: NetName=PELTIER Pin=R53-1
Added Pin To Net: NetName=PELTIER Pin=U1-42
Added Net: Name=PELTIER
Added Pin To Net: NetName=REF0.25V Pin=R77-2
Added Pin To Net: NetName=REF0.25V Pin=R78-1
Added Pin To Net: NetName=REF0.25V Pin=U12-8
Added Pin To Net: NetName=REF0.25V Pin=U15-6
Added Net: Name=REF0.25V
Added Pin To Net: NetName=SDIO_CK Pin=P7-5
Added Pin To Net: NetName=SDIO_CK Pin=R112-1
Added Pin To Net: NetName=SDIO_CK Pin=U1-80
Added Net: Name=SDIO_CK
Added Pin To Net: NetName=SDIO_CMD Pin=P7-3
Added Pin To Net: NetName=SDIO_CMD Pin=R111-1
Added Pin To Net: NetName=SDIO_CMD Pin=U1-83
Added Net: Name=SDIO_CMD
Added Pin To Net: NetName=SDIO_D0 Pin=P7-7
Added Pin To Net: NetName=SDIO_D0 Pin=R113-1
Added Pin To Net: NetName=SDIO_D0 Pin=U1-65
Added Net: Name=SDIO_D0
Added Pin To Net: NetName=SDIO_D1 Pin=P7-8
Added Pin To Net: NetName=SDIO_D1 Pin=R114-1
Added Pin To Net: NetName=SDIO_D1 Pin=U1-66
Added Net: Name=SDIO_D1
Added Pin To Net: NetName=SDIO_D2 Pin=P7-1
Added Pin To Net: NetName=SDIO_D2 Pin=R110-1
Added Pin To Net: NetName=SDIO_D2 Pin=U1-78
Added Net: Name=SDIO_D2
Added Pin To Net: NetName=SDIO_D3 Pin=P7-2
Added Pin To Net: NetName=SDIO_D3 Pin=R109-1
Added Pin To Net: NetName=SDIO_D3 Pin=U1-79
Added Net: Name=SDIO_D3
Added Pin To Net: NetName=SPI2_MISO Pin=U1-53
Added Pin To Net: NetName=SPI2_MISO Pin=U22-6
Added Net: Name=SPI2_MISO
Added Pin To Net: NetName=TIM3_CH1 Pin=U1-63
Added Net: Name=TIM3_CH1
Added Pin To Net: NetName=TIM3_CH2 Pin=U1-64
Added Net: Name=TIM3_CH2
Added Pin To Net: NetName=TIM3_CH3 Pin=U1-35
Added Net: Name=TIM3_CH3
Added Pin To Net: NetName=TIM3_CH4 Pin=U1-36
Added Net: Name=TIM3_CH4
Added Pin To Net: NetName=TIM4_CH1 Pin=U1-92
Added Net: Name=TIM4_CH1
Added Pin To Net: NetName=TIM4_CH2 Pin=U1-93
Added Net: Name=TIM4_CH2
Added Pin To Net: NetName=TIM4_CH3 Pin=U1-95
Added Net: Name=TIM4_CH3
Added Pin To Net: NetName=TIM4_CH4 Pin=U1-96
Added Net: Name=TIM4_CH4
Added Pin To Net: NetName=TIM5_CH4 Pin=U1-26
Added Net: Name=TIM5_CH4
Added Pin To Net: NetName=VM_CSN Pin=R108-2
Added Pin To Net: NetName=VM_CSN Pin=U1-2
Added Net: Name=VM_CSN
Added Pin To Net: NetName=VMON_NCS Pin=R106-1
Added Pin To Net: NetName=VMON_NCS Pin=U20-5
Added Pin To Net: NetName=VMON_NCS Pin=U23-6
Added Net: Name=VMON_NCS
Added Pin To Net: NetName=VMONITOR Pin=R86-1
Added Pin To Net: NetName=VMONITOR Pin=R116-2
Added Pin To Net: NetName=VMONITOR Pin=U14-7
Added Net: Name=VMONITOR
Change Class Name : Old Net Name=EthernetPHY New Net Name=Ethernet
Added Class: Name=LaserInterface
Added Class: Name=Peltier
Added Class: Name=RS485_UART
Added Class: Name=WiFi
Added Member To Class: ClassName=MCU Member=Component C39 ChipCap
Added Member To Class: ClassName=MCU Member=Component P7 Micro SD Card Connector
Added Member To Class: ClassName=MCU Member=Component R109 ChipRes
Added Member To Class: ClassName=MCU Member=Component R110 ChipRes
Added Member To Class: ClassName=MCU Member=Component R111 ChipRes
Added Member To Class: ClassName=MCU Member=Component R112 ChipRes
Added Member To Class: ClassName=MCU Member=Component R113 ChipRes
Added Member To Class: ClassName=MCU Member=Component R114 ChipRes
Added Room: Name=Ethernet
Added Room: Name=LaserInterface
Added Room: Name=Peltier
Added Room: Name=RS485_UART
Added Room: Name=WiFi
