Added Component: Designator=C42(CAP0805)
Added Component: Designator=C43(CAP0805)
Added Component: Designator=D3(SOT23)
Added Component: Designator=D4(DO-214AS)
Added Component: Designator=D5(DO-41)
Added Component: Designator=D6(SOT23)
Added Component: Designator=D7(DO-214AS)
Added Component: Designator=D9(DO-41)
Added Component: Designator=K1(G5LA)
Added Component: Designator=K2(G5LA)
Added Component: Designator=LED1(LED 0603)
Added Component: Designator=LED2(LED 0603)
Added Component: Designator=P3(DG340-3.81-02P-00A(H))
Added Component: Designator=P9(Header 3 latch)
Added Component: Designator=P10(Socket 3x5.08)
Added Component: Designator=P11(Header 3 latch)
Added Component: Designator=P12(Socket 3x5.08)
Added Component: Designator=P13(Header 3 latch)
Added Component: Designator=Q18(SOT23)
Added Component: Designator=Q19(SOT23)
Added Component: Designator=Q20(SOT23)
Added Component: Designator=Q21(SOT23)
Added Component: Designator=R48(RES0805)
Added Component: Designator=R49(RES0805)
Added Component: Designator=R50(RES0805)
Added Component: Designator=R51(RES0805)
Added Component: Designator=R86(RES0805)
Added Component: Designator=R89(RES0805)
Added Component: Designator=R90(RES0805)
Added Component: Designator=R116(RES0805)
Added Component: Designator=R121(RES0805)
Added Component: Designator=R122(RES0805)
Added Component: Designator=R123(RES0805)
Added Component: Designator=R124(RES0805)
Added Component: Designator=R125(RES0805)
Added Component: Designator=R126(RES0805)
Added Component: Designator=R127(RES0805)
Added Component: Designator=R128(RES0805)
Added Component: Designator=U7(SOIC8)
Added Component: Designator=U8(SO-8_L)
Added Component: Designator=U9(DIP-4)
Added Component: Designator=U24(DIP-4)
Added Component: Designator=U25(DIP-4)
Added Component: Designator=U26(DIP-4)
Added Pin To Net: NetName=GND Pin=C42-1
Added Pin To Net: NetName=AVCC5V Pin=C42-2
Added Pin To Net: NetName=AVCC5V Pin=C43-1
Added Pin To Net: NetName=GND Pin=C43-2
Added Pin To Net: NetName=VCC Pin=D3-1
Added Pin To Net: NetName=GND Pin=D3-2
Added Pin To Net: NetName=TEMPER_SENSOR1_DIN Pin=D3-3
Added Pin To Net: NetName=TEMPER_SENSOR1_DIN Pin=D4-1
Added Pin To Net: NetName=GND Pin=D4-2
Added Pin To Net: NetName=12V Pin=D5-2
Added Pin To Net: NetName=VCC Pin=D6-1
Added Pin To Net: NetName=GND Pin=D6-2
Added Pin To Net: NetName=TEMPER_SENSOR2_DIN Pin=D6-3
Added Pin To Net: NetName=TEMPER_SENSOR2_DIN Pin=D7-1
Added Pin To Net: NetName=GND Pin=D7-2
Added Pin To Net: NetName=12V Pin=D9-2
Added Pin To Net: NetName=12V Pin=K1-5
Added Pin To Net: NetName=12V Pin=K2-5
Added Pin To Net: NetName=IGND Pin=LED1-1
Added Pin To Net: NetName=IGND Pin=LED2-1
Added Pin To Net: NetName=NetP3_1 Pin=P3-1
Added Pin To Net: NetName=NetP3_2 Pin=P3-2
Added Pin To Net: NetName=GND Pin=P9-1
Added Pin To Net: NetName=TEMPER_SENSOR1_DIN Pin=P9-2
Added Pin To Net: NetName=VCC Pin=P9-3
Added Pin To Net: NetName=GND Pin=P11-1
Added Pin To Net: NetName=TEMPER_SENSOR2_DIN Pin=P11-2
Added Pin To Net: NetName=VCC Pin=P11-3
Added Pin To Net: NetName=IGND Pin=P13-1
Added Pin To Net: NetName=12V Pin=P13-3
Added Pin To Net: NetName=IGND Pin=Q19-2
Added Pin To Net: NetName=IGND Pin=Q21-2
Added Pin To Net: NetName=MCU_RX1 Pin=R48-1
Added Pin To Net: NetName=NetR48_2 Pin=R48-2
Added Pin To Net: NetName=MCU_TX1 Pin=R49-1
Added Pin To Net: NetName=NetR49_2 Pin=R49-2
Added Pin To Net: NetName=NetR50_1 Pin=R50-1
Added Pin To Net: NetName=AVCC5V Pin=R50-2
Added Pin To Net: NetName=MCU_RTS1 Pin=R51-1
Added Pin To Net: NetName=NetR51_2 Pin=R51-2
Added Pin To Net: NetName=TEMPER_SENSOR1_DIN Pin=R86-1
Added Pin To Net: NetName=VCC Pin=R86-2
Added Pin To Net: NetName=I5V Pin=R89-2
Added Pin To Net: NetName=I5V Pin=R116-2
Added Pin To Net: NetName=TEMPER_SENSOR2_DIN Pin=R121-1
Added Pin To Net: NetName=VCC Pin=R121-2
Added Pin To Net: NetName=RELAY1 Pin=R122-2
Added Pin To Net: NetName=I5V Pin=R123-2
Added Pin To Net: NetName=VCC Pin=R125-2
Added Pin To Net: NetName=I5V Pin=R126-2
Added Pin To Net: NetName=NetR48_2 Pin=U7-1
Added Pin To Net: NetName=GND Pin=U7-2
Added Pin To Net: NetName=GND Pin=U7-3
Added Pin To Net: NetName=NetR49_2 Pin=U7-4
Added Pin To Net: NetName=GND Pin=U7-5
Added Pin To Net: NetName=NetU7_6 Pin=U7-6
Added Pin To Net: NetName=NetU7_7 Pin=U7-7
Added Pin To Net: NetName=AVCC5V Pin=U7-8
Added Pin To Net: NetName=NetU7_7 Pin=U8-1
Added Pin To Net: NetName=NetR50_1 Pin=U8-2
Added Pin To Net: NetName=NetR50_1 Pin=U8-3
Added Pin To Net: NetName=NetU7_6 Pin=U8-4
Added Pin To Net: NetName=GND Pin=U8-5
Added Pin To Net: NetName=NetP3_2 Pin=U8-6
Added Pin To Net: NetName=NetP3_1 Pin=U8-7
Added Pin To Net: NetName=AVCC5V Pin=U8-8
Added Pin To Net: NetName=NetR51_2 Pin=U9-1
Added Pin To Net: NetName=GND Pin=U9-2
Added Pin To Net: NetName=GND Pin=U9-3
Added Pin To Net: NetName=NetR50_1 Pin=U9-4
Added Pin To Net: NetName=GND Pin=U24-2
Added Pin To Net: NetName=IGND Pin=U25-2
Added Pin To Net: NetName=GND Pin=U25-3
Added Pin To Net: NetName=GND Pin=U26-2
Added Pin To Net: NetName=NetD5_1 Pin=D5-1
Added Pin To Net: NetName=NetD5_1 Pin=K1-2
Added Pin To Net: NetName=NetD5_1 Pin=Q19-3
Added Net: Name=NetD5_1
Added Pin To Net: NetName=NetD9_1 Pin=D9-1
Added Pin To Net: NetName=NetD9_1 Pin=K2-2
Added Pin To Net: NetName=NetD9_1 Pin=Q21-3
Added Net: Name=NetD9_1
Added Pin To Net: NetName=NetK1_1 Pin=K1-1
Added Pin To Net: NetName=NetK1_1 Pin=P10-2
Added Net: Name=NetK1_1
Added Pin To Net: NetName=NetK1_3 Pin=K1-3
Added Pin To Net: NetName=NetK1_3 Pin=P10-1
Added Net: Name=NetK1_3
Added Pin To Net: NetName=NetK1_4 Pin=K1-4
Added Pin To Net: NetName=NetK1_4 Pin=P10-3
Added Net: Name=NetK1_4
Added Pin To Net: NetName=NetK2_1 Pin=K2-1
Added Pin To Net: NetName=NetK2_1 Pin=P12-2
Added Net: Name=NetK2_1
Added Pin To Net: NetName=NetK2_3 Pin=K2-3
Added Pin To Net: NetName=NetK2_3 Pin=P12-1
Added Net: Name=NetK2_3
Added Pin To Net: NetName=NetK2_4 Pin=K2-4
Added Pin To Net: NetName=NetK2_4 Pin=P12-3
Added Net: Name=NetK2_4
Added Pin To Net: NetName=NetLED1_2 Pin=LED1-2
Added Pin To Net: NetName=NetLED1_2 Pin=Q18-2
Added Net: Name=NetLED1_2
Added Pin To Net: NetName=NetLED2_2 Pin=LED2-2
Added Pin To Net: NetName=NetLED2_2 Pin=Q20-2
Added Net: Name=NetLED2_2
Added Pin To Net: NetName=NetP13_2 Pin=P13-2
Added Pin To Net: NetName=NetP13_2 Pin=R127-2
Added Net: Name=NetP13_2
Added Pin To Net: NetName=NetQ18_1 Pin=Q18-1
Added Pin To Net: NetName=NetQ18_1 Pin=R90-2
Added Net: Name=NetQ18_1
Added Pin To Net: NetName=NetQ18_3 Pin=Q18-3
Added Pin To Net: NetName=NetQ18_3 Pin=R89-1
Added Net: Name=NetQ18_3
Added Pin To Net: NetName=NetQ19_1 Pin=Q19-1
Added Pin To Net: NetName=NetQ19_1 Pin=R90-1
Added Pin To Net: NetName=NetQ19_1 Pin=U24-3
Added Net: Name=NetQ19_1
Added Pin To Net: NetName=NetQ20_1 Pin=Q20-1
Added Pin To Net: NetName=NetQ20_1 Pin=R124-2
Added Net: Name=NetQ20_1
Added Pin To Net: NetName=NetQ20_3 Pin=Q20-3
Added Pin To Net: NetName=NetQ20_3 Pin=R123-1
Added Net: Name=NetQ20_3
Added Pin To Net: NetName=NetQ21_1 Pin=Q21-1
Added Pin To Net: NetName=NetQ21_1 Pin=R124-1
Added Pin To Net: NetName=NetQ21_1 Pin=U26-3
Added Net: Name=NetQ21_1
Added Pin To Net: NetName=NetR116_1 Pin=R116-1
Added Pin To Net: NetName=NetR116_1 Pin=U24-4
Added Net: Name=NetR116_1
Added Pin To Net: NetName=NetR122_1 Pin=R122-1
Added Pin To Net: NetName=NetR122_1 Pin=U24-1
Added Net: Name=NetR122_1
Added Pin To Net: NetName=NetR125_1 Pin=R125-1
Added Pin To Net: NetName=NetR125_1 Pin=U25-4
Added Net: Name=NetR125_1
Added Pin To Net: NetName=NetR126_1 Pin=R126-1
Added Pin To Net: NetName=NetR126_1 Pin=U26-4
Added Net: Name=NetR126_1
Added Pin To Net: NetName=NetR127_1 Pin=R127-1
Added Pin To Net: NetName=NetR127_1 Pin=U25-1
Added Net: Name=NetR127_1
Added Pin To Net: NetName=NetR128_1 Pin=R128-1
Added Pin To Net: NetName=NetR128_1 Pin=U26-1
Added Net: Name=NetR128_1
Added Pin To Net: NetName=NetR128_2 Pin=R128-2
Added Net: Name=NetR128_2
Added Class: Name=MISC
Added Member To Class: ClassName=RS485_UART Member=Component C42 ChipCap
Added Member To Class: ClassName=RS485_UART Member=Component C43 ChipCap
Added Member To Class: ClassName=RS485_UART Member=Component P3 DG340-3.81
Added Member To Class: ClassName=RS485_UART Member=Component R48 ChipRes
Added Member To Class: ClassName=RS485_UART Member=Component R49 ChipRes
Added Member To Class: ClassName=RS485_UART Member=Component R50 ChipRes
Added Member To Class: ClassName=RS485_UART Member=Component R51 ChipRes
Added Member To Class: ClassName=RS485_UART Member=Component U7 HCPL0631
Added Member To Class: ClassName=RS485_UART Member=Component U8 ADM1485
Added Member To Class: ClassName=RS485_UART Member=Component U9 Optoisolator1
Added Room: Name=MISC
Added Room: Name=RS485_UART
