Removed Pin From Net: NetName=GND Pin=C42_RS485_UART1-1
Removed Pin From Net: NetName=AVCC5V Pin=C42_RS485_UART1-2
Removed Pin From Net: NetName=GND Pin=C42_RS485_UART2-1
Removed Pin From Net: NetName=AVCC5V Pin=C42_RS485_UART2-2
Removed Pin From Net: NetName=AVCC5V Pin=C43_RS485_UART1-1
Removed Pin From Net: NetName=GND Pin=C43_RS485_UART1-2
Removed Pin From Net: NetName=AVCC5V Pin=C43_RS485_UART2-1
Removed Pin From Net: NetName=GND Pin=C43_RS485_UART2-2
Removed Pin From Net: NetName=MCU_RX1 Pin=R48_RS485_UART1-1
Removed Pin From Net: NetName=MCU_RX2 Pin=R48_RS485_UART2-1
Removed Pin From Net: NetName=MCU_TX1 Pin=R49_RS485_UART1-1
Removed Pin From Net: NetName=MCU_TX2 Pin=R49_RS485_UART2-1
Removed Pin From Net: NetName=AVCC5V Pin=R50_RS485_UART1-2
Removed Pin From Net: NetName=AVCC5V Pin=R50_RS485_UART2-2
Removed Pin From Net: NetName=MCU_RTS1 Pin=R51_RS485_UART1-1
Removed Pin From Net: NetName=MCU_RTS2 Pin=R51_RS485_UART2-1
Removed Pin From Net: NetName=SPI2_MOSI Pin=U1-18
Removed Pin From Net: NetName=USB_PWR Pin=U1-65
Removed Pin From Net: NetName=USB_OVC Pin=U1-66
Removed Pin From Net: NetName=GND Pin=U7_RS485_UART1-2
Removed Pin From Net: NetName=GND Pin=U7_RS485_UART1-3
Removed Pin From Net: NetName=GND Pin=U7_RS485_UART1-5
Removed Pin From Net: NetName=AVCC5V Pin=U7_RS485_UART1-8
Removed Pin From Net: NetName=GND Pin=U7_RS485_UART2-2
Removed Pin From Net: NetName=GND Pin=U7_RS485_UART2-3
Removed Pin From Net: NetName=GND Pin=U7_RS485_UART2-5
Removed Pin From Net: NetName=AVCC5V Pin=U7_RS485_UART2-8
Removed Pin From Net: NetName=GND Pin=U8_RS485_UART1-5
Removed Pin From Net: NetName=AVCC5V Pin=U8_RS485_UART1-8
Removed Pin From Net: NetName=GND Pin=U8_RS485_UART2-5
Removed Pin From Net: NetName=AVCC5V Pin=U8_RS485_UART2-8
Removed Pin From Net: NetName=GND Pin=U9_RS485_UART1-2
Removed Pin From Net: NetName=GND Pin=U9_RS485_UART1-3
Removed Pin From Net: NetName=GND Pin=U9_RS485_UART2-2
Removed Pin From Net: NetName=GND Pin=U9_RS485_UART2-3
Added Component: Designator=BOOT(RES0805)
Added Component: Designator=C42(CAP0805)
Added Component: Designator=C43(CAP0805)
Added Component: Designator=C?(CAP0805)
Added Component: Designator=C?(CAP0805)
Added Component: Designator=LINK(LED 0603)
Added Component: Designator=P3(DG340-3.81-02P-00A(H))
Added Component: Designator=P15(Socket 4x5.08)
Added Component: Designator=PWR(LED 0603)
Added Component: Designator=Q17(SOT23)
Added Component: Designator=Q19(SOT23)
Added Component: Designator=R48(RES0805)
Added Component: Designator=R49(RES0805)
Added Component: Designator=R50(RES0805)
Added Component: Designator=R51(RES0805)
Added Component: Designator=R100(RES0805)
Added Component: Designator=R101(RES0805)
Added Component: Designator=R102(RES0805)
Added Component: Designator=R103(RES0805)
Added Component: Designator=R104(RES0805)
Added Component: Designator=R?(RES0805)
Added Component: Designator=R?(RES0805)
Added Component: Designator=R?(RES0805)
Added Component: Designator=R?(RES0805)
Added Component: Designator=RUN(LED 0603)
Added Component: Designator=U7(SOIC8)
Added Component: Designator=U9(DIP-4)
Added Component: Designator=U28(DIP-4)
Added Component: Designator=U?(SPWF01SA)
Added Pin To Net: NetName=GND Pin=C42-1
Added Pin To Net: NetName=AVCC5V Pin=C42-2
Added Pin To Net: NetName=AVCC5V Pin=C43-1
Added Pin To Net: NetName=GND Pin=C43-2
Added Pin To Net: NetName=GND Pin=C?-1
Added Pin To Net: NetName=GND Pin=C?-1
Added Pin To Net: NetName=VCC Pin=C?-2
Added Pin To Net: NetName=GND Pin=LINK-1
Added Pin To Net: NetName=GND Pin=PWR-1
Added Pin To Net: NetName=MCU_RX1 Pin=R48-1
Added Pin To Net: NetName=MCU_TX1 Pin=R49-1
Added Pin To Net: NetName=AVCC5V Pin=R50-2
Added Pin To Net: NetName=MCU_RTS1 Pin=R51-1
Added Pin To Net: NetName=VCC Pin=R?-1
Added Pin To Net: NetName=GND Pin=RUN-1
Added Pin To Net: NetName=USB_OVC Pin=U1-7
Added Pin To Net: NetName=USB_PWR Pin=U1-15
Added Pin To Net: NetName=SPI2_MOSI Pin=U1-54
Added Pin To Net: NetName=GND Pin=U7-2
Added Pin To Net: NetName=GND Pin=U7-3
Added Pin To Net: NetName=GND Pin=U7-5
Added Pin To Net: NetName=AVCC5V Pin=U7-8
Added Pin To Net: NetName=GND Pin=U9-2
Added Pin To Net: NetName=GND Pin=U9-3
Added Pin To Net: NetName=GND Pin=U28-2
Added Pin To Net: NetName=MCU_RX2 Pin=U?-6
Added Pin To Net: NetName=MCU_TX2 Pin=U?-8
Added Pin To Net: NetName=MCU_RTS2 Pin=U?-9
Added Pin To Net: NetName=GND Pin=U?-23
Added Pin To Net: NetName=VCC Pin=U?-24
Added Pin To Net: NetName=GND Pin=U?-25
Change Net Name : Old Net Name=MCU_MISO New Net Name=SDIO_D3
Change Net Name : Old Net Name=MCU_MOSI New Net Name=SDIO_CK
Change Net Name : Old Net Name=MCU_SCK New Net Name=SDIO_D2
Added Pin To Net: NetName=12V Pin=Q19-3
Added Pin To Net: NetName=12V Pin=R100-2
Added Net: Name=12V
Added Pin To Net: NetName=IGND Pin=P15-4
Added Pin To Net: NetName=IGND Pin=Q17-3
Added Pin To Net: NetName=IGND Pin=R104-1
Added Pin To Net: NetName=IGND Pin=U28-3
Added Net: Name=IGND
Added Pin To Net: NetName=MCU_CTS2 Pin=U1-58
Added Pin To Net: NetName=MCU_CTS2 Pin=U?-10
Added Net: Name=MCU_CTS2
Added Pin To Net: NetName=NetBOOT_1 Pin=BOOT-1
Added Pin To Net: NetName=NetBOOT_1 Pin=R?-2
Added Net: Name=NetBOOT_1
Added Pin To Net: NetName=NetBOOT_2 Pin=BOOT-2
Added Pin To Net: NetName=NetBOOT_2 Pin=U?-2
Added Net: Name=NetBOOT_2
Added Pin To Net: NetName=NetC?_2 Pin=C?-2
Added Pin To Net: NetName=NetC?_2 Pin=U?-3
Added Net: Name=NetC?_2
Added Pin To Net: NetName=NetLINK_2 Pin=LINK-2
Added Pin To Net: NetName=NetLINK_2 Pin=R?-1
Added Net: Name=NetLINK_2
Added Pin To Net: NetName=NetP3_1 Pin=P3-1
Added Net: Name=NetP3_1
Added Pin To Net: NetName=NetP3_2 Pin=P3-2
Added Net: Name=NetP3_2
Added Pin To Net: NetName=NetP15_1 Pin=P15-1
Added Pin To Net: NetName=NetP15_1 Pin=P15-2
Added Net: Name=NetP15_1
Added Pin To Net: NetName=NetP15_3 Pin=P15-3
Added Net: Name=NetP15_3
Added Pin To Net: NetName=NetPWR_2 Pin=PWR-2
Added Pin To Net: NetName=NetPWR_2 Pin=R?-1
Added Net: Name=NetPWR_2
Added Pin To Net: NetName=NetQ17_1 Pin=Q17-1
Added Pin To Net: NetName=NetQ17_1 Pin=Q19-1
Added Pin To Net: NetName=NetQ17_1 Pin=R102-2
Added Net: Name=NetQ17_1
Added Pin To Net: NetName=NetQ17_2 Pin=Q17-2
Added Pin To Net: NetName=NetQ17_2 Pin=Q19-2
Added Pin To Net: NetName=NetQ17_2 Pin=R103-1
Added Net: Name=NetQ17_2
Added Pin To Net: NetName=NetQ18_1 Pin=R103-2
Added Pin To Net: NetName=NetQ18_1 Pin=R104-2
Added Net: Name=NetQ18_1
Added Pin To Net: NetName=NetR48_2 Pin=R48-2
Added Pin To Net: NetName=NetR48_2 Pin=U7-1
Added Net: Name=NetR48_2
Added Pin To Net: NetName=NetR49_2 Pin=R49-2
Added Pin To Net: NetName=NetR49_2 Pin=U7-4
Added Net: Name=NetR49_2
Added Pin To Net: NetName=NetR50_1 Pin=R50-1
Added Pin To Net: NetName=NetR50_1 Pin=U9-4
Added Net: Name=NetR50_1
Added Pin To Net: NetName=NetR51_2 Pin=R51-2
Added Pin To Net: NetName=NetR51_2 Pin=U9-1
Added Net: Name=NetR51_2
Added Pin To Net: NetName=NetR100_1 Pin=R100-1
Added Pin To Net: NetName=NetR100_1 Pin=R102-1
Added Pin To Net: NetName=NetR100_1 Pin=U28-4
Added Net: Name=NetR100_1
Added Pin To Net: NetName=NetR101_1 Pin=R101-1
Added Net: Name=NetR101_1
Added Pin To Net: NetName=NetR101_2 Pin=R101-2
Added Pin To Net: NetName=NetR101_2 Pin=U28-1
Added Net: Name=NetR101_2
Added Pin To Net: NetName=NetR?_1 Pin=R?-1
Added Pin To Net: NetName=NetR?_1 Pin=RUN-2
Added Net: Name=NetR?_1
Added Pin To Net: NetName=NetR?_2 Pin=R?-2
Added Pin To Net: NetName=NetR?_2 Pin=U?-15
Added Net: Name=NetR?_2
Added Pin To Net: NetName=NetU7_6 Pin=U7-6
Added Net: Name=NetU7_6
Added Pin To Net: NetName=NetU7_7 Pin=U7-7
Added Net: Name=NetU7_7
Added Pin To Net: NetName=SDIO_CMD Pin=U1-83
Added Net: Name=SDIO_CMD
Added Pin To Net: NetName=SDIO_D0 Pin=U1-65
Added Net: Name=SDIO_D0
Added Pin To Net: NetName=SDIO_D1 Pin=U1-66
Added Net: Name=SDIO_D1
Added Pin To Net: NetName=SPI2_MISO Pin=U1-53
Added Net: Name=SPI2_MISO
Change Class Name : Old Net Name=EthernetPHY New Net Name=Ethernet
Added Class: Name=Peltier
Added Class: Name=RS485_UART
Added Class: Name=WiFi
Change Room Name: Old Name=RS485_UART2 New Name=RS485_UART
Change Room Scope: Old Scope=InComponentClass('RS485_UART2') New Scope=InComponentClass('RS485_UART')
Added Room: Name=Ethernet
Added Room: Name=Peltier
Added Room: Name=WiFi
